<?xml version="1.0" encoding="UTF-8" standalone="yes"?><!DOCTYPE report PUBLIC "-//JACOCO//DTD Report 1.1//EN" "report.dtd"><report name="Ikanos Engine"><sessioninfo id="Spark-63fd12a2" start="1778209238263" dump="1778209328676"/><package name="io/ikanos/engine/exposes/control"><class name="io/ikanos/engine/exposes/control/TraceRingBuffer" sourcefilename="TraceRingBuffer.java"><method name="&lt;init&gt;" desc="(I)V" line="31"><counter type="INSTRUCTION" missed="0" covered="30"/><counter type="BRANCH" missed="0" covered="2"/><counter type="LINE" missed="0" covered="9"/><counter type="COMPLEXITY" missed="0" covered="2"/><counter type="METHOD" missed="0" covered="1"/></method><method name="add" desc="(Lio/ikanos/engine/exposes/control/TraceSummary;)V" line="44"><counter type="INSTRUCTION" missed="0" covered="33"/><counter type="BRANCH" missed="0" covered="2"/><counter type="LINE" missed="0" covered="7"/><counter type="COMPLEXITY" missed="0" covered="2"/><counter type="METHOD" missed="0" covered="1"/></method><method name="getAll" desc="()Ljava/util/List;" line="57"><counter type="INSTRUCTION" missed="0" covered="45"/><counter type="BRANCH" missed="0" covered="2"/><counter type="LINE" missed="0" covered="7"/><counter type="COMPLEXITY" missed="0" covered="2"/><counter type="METHOD" missed="0" covered="1"/></method><method name="findByTraceId" desc="(Ljava/lang/String;)Lio/ikanos/engine/exposes/control/TraceSummary;" line="72"><counter type="INSTRUCTION" missed="0" covered="46"/><counter type="BRANCH" missed="0" covered="4"/><counter type="LINE" missed="0" covered="7"/><counter type="COMPLEXITY" missed="0" covered="3"/><counter type="METHOD" missed="0" covered="1"/></method><method name="getSize" desc="()I" line="87"><counter type="INSTRUCTION" missed="0" covered="11"/><counter type="LINE" missed="0" covered="3"/><counter type="COMPLEXITY" missed="0" covered="1"/><counter type="METHOD" missed="0" covered="1"/></method><method name="getCapacity" desc="()I" line="96"><counter type="INSTRUCTION" missed="0" covered="3"/><counter type="LINE" missed="0" covered="1"/><counter type="COMPLEXITY" missed="0" covered="1"/><counter type="METHOD" missed="0" covered="1"/></method><counter type="INSTRUCTION" missed="0" covered="168"/><counter type="BRANCH" missed="0" covered="10"/><counter type="LINE" missed="0" covered="34"/><counter type="COMPLEXITY" missed="0" covered="11"/><counter type="METHOD" missed="0" covered="6"/><counter type="CLASS" missed="0" covered="1"/></class><class name="io/ikanos/engine/exposes/control/TracesResource" sourcefilename="TracesResource.java"><method name="&lt;init&gt;" desc="()V" line="32"><counter type="INSTRUCTION" missed="3" covered="0"/><counter type="LINE" missed="1" covered="0"/><counter type="COMPLEXITY" missed="1" covered="0"/><counter type="METHOD" missed="1" covered="0"/></method><method name="getTraces" desc="()Lorg/restlet/representation/Representation;" line="38"><counter type="INSTRUCTION" missed="37" covered="0"/><counter type="BRANCH" missed="6" covered="0"/><counter type="LINE" missed="9" covered="0"/><counter type="COMPLEXITY" missed="4" covered="0"/><counter type="METHOD" missed="1" covered="0"/></method><method name="handleTraceList" desc="(Lio/ikanos/engine/exposes/control/TraceRingBuffer;)Lorg/restlet/representation/Representation;" line="59"><counter type="INSTRUCTION" missed="124" covered="0"/><counter type="BRANCH" missed="14" covered="0"/><counter type="LINE" missed="25" covered="0"/><counter type="COMPLEXITY" missed="8" covered="0"/><counter type="METHOD" missed="1" covered="0"/></method><method name="handleSingleTrace" desc="(Ljava/lang/String;Lio/ikanos/engine/exposes/control/TraceRingBuffer;)Lorg/restlet/representation/Representation;" line="96"><counter type="INSTRUCTION" missed="123" covered="0"/><counter type="BRANCH" missed="6" covered="0"/><counter type="LINE" missed="24" covered="0"/><counter type="COMPLEXITY" missed="4" covered="0"/><counter type="METHOD" missed="1" covered="0"/></method><method name="&lt;clinit&gt;" desc="()V" line="34"><counter type="INSTRUCTION" missed="5" covered="0"/><counter type="LINE" missed="1" covered="0"/><counter type="COMPLEXITY" missed="1" covered="0"/><counter type="METHOD" missed="1" covered="0"/></method><counter type="INSTRUCTION" missed="292" covered="0"/><counter type="BRANCH" missed="26" covered="0"/><counter type="LINE" missed="60" covered="0"/><counter type="COMPLEXITY" missed="18" covered="0"/><counter type="METHOD" missed="5" covered="0"/><counter type="CLASS" missed="1" covered="0"/></class><class name="io/ikanos/engine/exposes/control/ScriptingResource" sourcefilename="ScriptingResource.java"><method name="&lt;init&gt;" desc="()V" line="41"><counter type="INSTRUCTION" missed="0" covered="3"/><counter type="LINE" missed="0" covered="1"/><counter type="COMPLEXITY" missed="0" covered="1"/><counter type="METHOD" missed="0" covered="1"/></method><method name="getScripting" desc="()Lorg/restlet/representation/Representation;" line="52"><counter type="INSTRUCTION" missed="15" covered="105"/><counter type="BRANCH" missed="6" covered="6"/><counter type="LINE" missed="3" covered="23"/><counter type="COMPLEXITY" missed="6" covered="1"/><counter type="METHOD" missed="0" covered="1"/></method><method name="putScripting" desc="(Lorg/restlet/representation/Representation;)Lorg/restlet/representation/Representation;" line="93"><counter type="INSTRUCTION" missed="123" covered="159"/><counter type="BRANCH" missed="12" covered="24"/><counter type="LINE" missed="26" covered="42"/><counter type="COMPLEXITY" missed="11" covered="8"/><counter type="METHOD" missed="0" covered="1"/></method><method name="&lt;clinit&gt;" desc="()V" line="43"><counter type="INSTRUCTION" missed="0" covered="13"/><counter type="LINE" missed="0" covered="4"/><counter type="COMPLEXITY" missed="0" covered="1"/><counter type="METHOD" missed="0" covered="1"/></method><counter type="INSTRUCTION" missed="138" covered="280"/><counter type="BRANCH" missed="18" covered="30"/><counter type="LINE" missed="29" covered="70"/><counter type="COMPLEXITY" missed="17" covered="11"/><counter type="METHOD" missed="0" covered="4"/><counter type="CLASS" missed="0" covered="1"/></class><class name="io/ikanos/engine/exposes/control/HealthLiveResource" sourcefilename="HealthLiveResource.java"><method name="&lt;init&gt;" desc="()V" line="25"><counter type="INSTRUCTION" missed="0" covered="3"/><counter type="LINE" missed="0" covered="1"/><counter type="COMPLEXITY" missed="0" covered="1"/><counter type="METHOD" missed="0" covered="1"/></method><method name="getLive" desc="()Lorg/restlet/representation/Representation;" line="29"><counter type="INSTRUCTION" missed="0" covered="6"/><counter type="LINE" missed="0" covered="1"/><counter type="COMPLEXITY" missed="0" covered="1"/><counter type="METHOD" missed="0" covered="1"/></method><counter type="INSTRUCTION" missed="0" covered="9"/><counter type="LINE" missed="0" covered="2"/><counter type="COMPLEXITY" missed="0" covered="2"/><counter type="METHOD" missed="0" covered="2"/><counter type="CLASS" missed="0" covered="1"/></class><class name="io/ikanos/engine/exposes/control/ControlServerAdapter" sourcefilename="ControlServerAdapter.java"><method name="&lt;init&gt;" desc="(Lio/ikanos/Capability;Lio/ikanos/spec/exposes/control/ControlServerSpec;)V" line="42"><counter type="INSTRUCTION" missed="0" covered="130"/><counter type="BRANCH" missed="1" covered="9"/><counter type="LINE" missed="0" covered="27"/><counter type="COMPLEXITY" missed="1" covered="5"/><counter type="METHOD" missed="0" covered="1"/></method><method name="isMetricsEnabled" desc="(Lio/ikanos/spec/observability/ObservabilitySpec;)Z" line="93"><counter type="INSTRUCTION" missed="0" covered="23"/><counter type="BRANCH" missed="1" covered="7"/><counter type="LINE" missed="0" covered="7"/><counter type="COMPLEXITY" missed="1" covered="4"/><counter type="METHOD" missed="0" covered="1"/></method><method name="isTracesEnabled" desc="(Lio/ikanos/spec/observability/ObservabilitySpec;)Z" line="106"><counter type="INSTRUCTION" missed="0" covered="23"/><counter type="BRANCH" missed="1" covered="7"/><counter type="LINE" missed="0" covered="7"/><counter type="COMPLEXITY" missed="1" covered="4"/><counter type="METHOD" missed="0" covered="1"/></method><method name="resolveTracesBufferSize" desc="(Lio/ikanos/spec/observability/ObservabilitySpec;)I" line="119"><counter type="INSTRUCTION" missed="0" covered="19"/><counter type="BRANCH" missed="1" covered="5"/><counter type="LINE" missed="0" covered="4"/><counter type="COMPLEXITY" missed="1" covered="3"/><counter type="METHOD" missed="0" covered="1"/></method><method name="getControlServerSpec" desc="()Lio/ikanos/spec/exposes/control/ControlServerSpec;" line="127"><counter type="INSTRUCTION" missed="0" covered="4"/><counter type="LINE" missed="0" covered="1"/><counter type="COMPLEXITY" missed="0" covered="1"/><counter type="METHOD" missed="0" covered="1"/></method><method name="getRouter" desc="()Lorg/restlet/routing/Router;" line="131"><counter type="INSTRUCTION" missed="0" covered="3"/><counter type="LINE" missed="0" covered="1"/><counter type="COMPLEXITY" missed="0" covered="1"/><counter type="METHOD" missed="0" covered="1"/></method><method name="getTraceRingBuffer" desc="()Lio/ikanos/engine/exposes/control/TraceRingBuffer;" line="135"><counter type="INSTRUCTION" missed="0" covered="3"/><counter type="LINE" missed="0" covered="1"/><counter type="COMPLEXITY" missed="0" covered="1"/><counter type="METHOD" missed="0" covered="1"/></method><counter type="INSTRUCTION" missed="0" covered="205"/><counter type="BRANCH" missed="4" covered="28"/><counter type="LINE" missed="0" covered="48"/><counter type="COMPLEXITY" missed="4" covered="19"/><counter type="METHOD" missed="0" covered="7"/><counter type="CLASS" missed="0" covered="1"/></class><class name="io/ikanos/engine/exposes/control/TraceSummary$SpanSummary" sourcefilename="TraceSummary.java"><method name="&lt;init&gt;" desc="(Ljava/lang/String;Ljava/lang/String;Ljava/lang/String;Ljava/lang/String;JLjava/lang/String;)V" line="34"><counter type="INSTRUCTION" missed="0" covered="21"/><counter type="LINE" missed="0" covered="1"/><counter type="COMPLEXITY" missed="0" covered="1"/><counter type="METHOD" missed="0" covered="1"/></method><counter type="INSTRUCTION" missed="0" covered="21"/><counter type="LINE" missed="0" covered="1"/><counter type="COMPLEXITY" missed="0" covered="1"/><counter type="METHOD" missed="0" covered="1"/><counter type="CLASS" missed="0" covered="1"/></class><class name="io/ikanos/engine/exposes/control/StatusResource" sourcefilename="StatusResource.java"><method name="&lt;init&gt;" desc="()V" line="37"><counter type="INSTRUCTION" missed="3" covered="0"/><counter type="LINE" missed="1" covered="0"/><counter type="COMPLEXITY" missed="1" covered="0"/><counter type="METHOD" missed="1" covered="0"/></method><method name="getStatusInfo" desc="()Lorg/restlet/representation/Representation;" line="43"><counter type="INSTRUCTION" missed="184" covered="0"/><counter type="BRANCH" missed="18" covered="0"/><counter type="LINE" missed="37" covered="0"/><counter type="COMPLEXITY" missed="10" covered="0"/><counter type="METHOD" missed="1" covered="0"/></method><method name="isNativeImage" desc="()Z" line="99"><counter type="INSTRUCTION" missed="5" covered="0"/><counter type="LINE" missed="1" covered="0"/><counter type="COMPLEXITY" missed="1" covered="0"/><counter type="METHOD" missed="1" covered="0"/></method><method name="&lt;clinit&gt;" desc="()V" line="39"><counter type="INSTRUCTION" missed="5" covered="0"/><counter type="LINE" missed="1" covered="0"/><counter type="COMPLEXITY" missed="1" covered="0"/><counter type="METHOD" missed="1" covered="0"/></method><counter type="INSTRUCTION" missed="197" covered="0"/><counter type="BRANCH" missed="18" covered="0"/><counter type="LINE" missed="40" covered="0"/><counter type="COMPLEXITY" missed="13" covered="0"/><counter type="METHOD" missed="4" covered="0"/><counter type="CLASS" missed="1" covered="0"/></class><class name="io/ikanos/engine/exposes/control/TraceSummary" sourcefilename="TraceSummary.java"><method name="&lt;init&gt;" desc="(Ljava/lang/String;Ljava/lang/String;JLjava/lang/String;Ljava/time/Instant;ILjava/util/List;)V" line="22"><counter type="INSTRUCTION" missed="0" covered="24"/><counter type="LINE" missed="0" covered="1"/><counter type="COMPLEXITY" missed="0" covered="1"/><counter type="METHOD" missed="0" covered="1"/></method><counter type="INSTRUCTION" missed="0" covered="24"/><counter type="LINE" missed="0" covered="1"/><counter type="COMPLEXITY" missed="0" covered="1"/><counter type="METHOD" missed="0" covered="1"/><counter type="CLASS" missed="0" covered="1"/></class><class name="io/ikanos/engine/exposes/control/TraceCapturingSpanProcessor" sourcefilename="TraceCapturingSpanProcessor.java"><method name="&lt;init&gt;" desc="(Lio/ikanos/engine/exposes/control/TraceRingBuffer;)V" line="44"><counter type="INSTRUCTION" missed="0" covered="11"/><counter type="LINE" missed="0" covered="4"/><counter type="COMPLEXITY" missed="0" covered="1"/><counter type="METHOD" missed="0" covered="1"/></method><method name="onStart" desc="(Lio/opentelemetry/context/Context;Lio/opentelemetry/sdk/trace/ReadWriteSpan;)V" line="54"><counter type="INSTRUCTION" missed="1" covered="0"/><counter type="LINE" missed="1" covered="0"/><counter type="COMPLEXITY" missed="1" covered="0"/><counter type="METHOD" missed="1" covered="0"/></method><method name="isStartRequired" desc="()Z" line="58"><counter type="INSTRUCTION" missed="2" covered="0"/><counter type="LINE" missed="1" covered="0"/><counter type="COMPLEXITY" missed="1" covered="0"/><counter type="METHOD" missed="1" covered="0"/></method><method name="onEnd" desc="(Lio/opentelemetry/sdk/trace/ReadableSpan;)V" line="64"><counter type="INSTRUCTION" missed="49" covered="0"/><counter type="BRANCH" missed="8" covered="0"/><counter type="LINE" missed="11" covered="0"/><counter type="COMPLEXITY" missed="5" covered="0"/><counter type="METHOD" missed="1" covered="0"/></method><method name="isEndRequired" desc="()Z" line="84"><counter type="INSTRUCTION" missed="2" covered="0"/><counter type="LINE" missed="1" covered="0"/><counter type="COMPLEXITY" missed="1" covered="0"/><counter type="METHOD" missed="1" covered="0"/></method><method name="shutdown" desc="()Lio/opentelemetry/sdk/common/CompletableResultCode;" line="89"><counter type="INSTRUCTION" missed="5" covered="0"/><counter type="LINE" missed="2" covered="0"/><counter type="COMPLEXITY" missed="1" covered="0"/><counter type="METHOD" missed="1" covered="0"/></method><method name="forceFlush" desc="()Lio/opentelemetry/sdk/common/CompletableResultCode;" line="95"><counter type="INSTRUCTION" missed="2" covered="0"/><counter type="LINE" missed="1" covered="0"/><counter type="COMPLEXITY" missed="1" covered="0"/><counter type="METHOD" missed="1" covered="0"/></method><method name="buildSummary" desc="(Ljava/lang/String;Lio/opentelemetry/sdk/trace/data/SpanData;Ljava/util/List;)Lio/ikanos/engine/exposes/control/TraceSummary;" line="99"><counter type="INSTRUCTION" missed="84" covered="0"/><counter type="BRANCH" missed="4" covered="0"/><counter type="LINE" missed="21" covered="0"/><counter type="COMPLEXITY" missed="3" covered="0"/><counter type="METHOD" missed="1" covered="0"/></method><method name="toKindString" desc="(Lio/opentelemetry/api/trace/SpanKind;)Ljava/lang/String;" line="130"><counter type="INSTRUCTION" missed="0" covered="15"/><counter type="BRANCH" missed="0" covered="5"/><counter type="LINE" missed="0" covered="6"/><counter type="COMPLEXITY" missed="0" covered="5"/><counter type="METHOD" missed="0" covered="1"/></method><method name="toStatusString" desc="(Lio/opentelemetry/api/trace/StatusCode;)Ljava/lang/String;" line="140"><counter type="INSTRUCTION" missed="0" covered="11"/><counter type="BRANCH" missed="0" covered="3"/><counter type="LINE" missed="0" covered="4"/><counter type="COMPLEXITY" missed="0" covered="3"/><counter type="METHOD" missed="0" covered="1"/></method><method name="lambda$onEnd$0" desc="(Ljava/lang/String;)Ljava/util/Queue;" line="67"><counter type="INSTRUCTION" missed="4" covered="0"/><counter type="LINE" missed="1" covered="0"/><counter type="COMPLEXITY" missed="1" covered="0"/><counter type="METHOD" missed="1" covered="0"/></method><counter type="INSTRUCTION" missed="149" covered="37"/><counter type="BRANCH" missed="12" covered="8"/><counter type="LINE" missed="38" covered="14"/><counter type="COMPLEXITY" missed="14" covered="9"/><counter type="METHOD" missed="8" covered="3"/><counter type="CLASS" missed="0" covered="1"/></class><class name="io/ikanos/engine/exposes/control/MetricsResource" sourcefilename="MetricsResource.java"><method name="&lt;init&gt;" desc="()V" line="29"><counter type="INSTRUCTION" missed="0" covered="3"/><counter type="LINE" missed="0" covered="1"/><counter type="COMPLEXITY" missed="0" covered="1"/><counter type="METHOD" missed="0" covered="1"/></method><method name="getMetrics" desc="()Lorg/restlet/representation/Representation;" line="33"><counter type="INSTRUCTION" missed="0" covered="20"/><counter type="BRANCH" missed="0" covered="2"/><counter type="LINE" missed="0" covered="5"/><counter type="COMPLEXITY" missed="0" covered="2"/><counter type="METHOD" missed="0" covered="1"/></method><counter type="INSTRUCTION" missed="0" covered="23"/><counter type="BRANCH" missed="0" covered="2"/><counter type="LINE" missed="0" covered="6"/><counter type="COMPLEXITY" missed="0" covered="3"/><counter type="METHOD" missed="0" covered="2"/><counter type="CLASS" missed="0" covered="1"/></class><class name="io/ikanos/engine/exposes/control/HealthReadyResource" sourcefilename="HealthReadyResource.java"><method name="&lt;init&gt;" desc="()V" line="36"><counter type="INSTRUCTION" missed="3" covered="0"/><counter type="LINE" missed="1" covered="0"/><counter type="COMPLEXITY" missed="1" covered="0"/><counter type="METHOD" missed="1" covered="0"/></method><method name="getReady" desc="()Lorg/restlet/representation/Representation;" line="42"><counter type="INSTRUCTION" missed="119" covered="0"/><counter type="BRANCH" missed="20" covered="0"/><counter type="LINE" missed="24" covered="0"/><counter type="COMPLEXITY" missed="11" covered="0"/><counter type="METHOD" missed="1" covered="0"/></method><method name="getNamespace" desc="(Lio/ikanos/spec/exposes/ServerSpec;)Ljava/lang/String;" line="80"><counter type="INSTRUCTION" missed="29" covered="0"/><counter type="BRANCH" missed="6" covered="0"/><counter type="LINE" missed="7" covered="0"/><counter type="COMPLEXITY" missed="4" covered="0"/><counter type="METHOD" missed="1" covered="0"/></method><method name="&lt;clinit&gt;" desc="()V" line="38"><counter type="INSTRUCTION" missed="5" covered="0"/><counter type="LINE" missed="1" covered="0"/><counter type="COMPLEXITY" missed="1" covered="0"/><counter type="METHOD" missed="1" covered="0"/></method><counter type="INSTRUCTION" missed="156" covered="0"/><counter type="BRANCH" missed="26" covered="0"/><counter type="LINE" missed="33" covered="0"/><counter type="COMPLEXITY" missed="17" covered="0"/><counter type="METHOD" missed="4" covered="0"/><counter type="CLASS" missed="1" covered="0"/></class><sourcefile name="TraceSummary.java"><line nr="22" mi="0" ci="24" mb="0" cb="0"/><line nr="34" mi="0" ci="21" mb="0" cb="0"/><counter type="INSTRUCTION" missed="0" covered="45"/><counter type="LINE" missed="0" covered="2"/><counter type="COMPLEXITY" missed="0" covered="2"/><counter type="METHOD" missed="0" covered="2"/><counter type="CLASS" missed="0" covered="2"/></sourcefile><sourcefile name="TraceCapturingSpanProcessor.java"><line nr="44" mi="0" ci="5" mb="0" cb="0"/><line nr="46" mi="0" ci="2" mb="0" cb="0"/><line nr="47" mi="0" ci="3" mb="0" cb="0"/><line nr="48" mi="0" ci="1" mb="0" cb="0"/><line nr="54" mi="1" ci="0" mb="0" cb="0"/><line nr="58" mi="2" ci="0" mb="0" cb="0"/><line nr="64" mi="3" ci="0" mb="0" cb="0"/><line nr="65" mi="3" ci="0" mb="0" cb="0"/><line nr="67" mi="13" ci="0" mb="0" cb="0"/><line nr="70" mi="5" ci="0" mb="2" cb="0"/><line nr="71" mi="7" ci="0" mb="2" cb="0"/><line nr="73" mi="2" ci="0" mb="2" cb="0"/><line nr="74" mi="6" ci="0" mb="0" cb="0"/><line nr="75" mi="2" ci="0" mb="2" cb="0"/><line nr="76" mi="7" ci="0" mb="0" cb="0"/><line nr="77" mi="4" ci="0" mb="0" cb="0"/><line nr="80" mi="1" ci="0" mb="0" cb="0"/><line nr="84" mi="2" ci="0" mb="0" cb="0"/><line nr="89" mi="3" ci="0" mb="0" cb="0"/><line nr="90" mi="2" ci="0" mb="0" cb="0"/><line nr="95" mi="2" ci="0" mb="0" cb="0"/><line nr="99" mi="3" ci="0" mb="0" cb="0"/><line nr="100" mi="3" ci="0" mb="0" cb="0"/><line nr="101" mi="6" ci="0" mb="0" cb="0"/><line nr="103" mi="4" ci="0" mb="0" cb="0"/><line nr="104" mi="10" ci="0" mb="2" cb="0"/><line nr="105" mi="4" ci="0" mb="0" cb="0"/><line nr="106" mi="4" ci="0" mb="0" cb="0"/><line nr="107" mi="6" ci="0" mb="0" cb="0"/><line nr="108" mi="1" ci="0" mb="0" cb="0"/><line nr="109" mi="4" ci="0" mb="2" cb="0"/><line nr="110" mi="6" ci="0" mb="0" cb="0"/><line nr="111" mi="2" ci="0" mb="0" cb="0"/><line nr="112" mi="4" ci="0" mb="0" cb="0"/><line nr="114" mi="4" ci="0" mb="0" cb="0"/><line nr="115" mi="1" ci="0" mb="0" cb="0"/><line nr="117" mi="5" ci="0" mb="0" cb="0"/><line nr="119" mi="3" ci="0" mb="0" cb="0"/><line nr="121" mi="5" ci="0" mb="0" cb="0"/><line nr="122" mi="2" ci="0" mb="0" cb="0"/><line nr="123" mi="4" ci="0" mb="0" cb="0"/><line nr="125" mi="3" ci="0" mb="0" cb="0"/><line nr="130" mi="0" ci="6" mb="0" cb="5"/><line nr="131" mi="0" ci="2" mb="0" cb="0"/><line nr="132" mi="0" ci="2" mb="0" cb="0"/><line nr="133" mi="0" ci="2" mb="0" cb="0"/><line nr="134" mi="0" ci="2" mb="0" cb="0"/><line nr="135" mi="0" ci="1" mb="0" cb="0"/><line nr="140" mi="0" ci="6" mb="0" cb="3"/><line nr="141" mi="0" ci="2" mb="0" cb="0"/><line nr="142" mi="0" ci="2" mb="0" cb="0"/><line nr="143" mi="0" ci="1" mb="0" cb="0"/><counter type="INSTRUCTION" missed="149" covered="37"/><counter type="BRANCH" missed="12" covered="8"/><counter type="LINE" missed="38" covered="14"/><counter type="COMPLEXITY" missed="14" covered="9"/><counter type="METHOD" missed="8" covered="3"/><counter type="CLASS" missed="0" covered="1"/></sourcefile><sourcefile name="ControlServerAdapter.java"><line nr="42" mi="0" ci="4" mb="0" cb="0"/><line nr="44" mi="0" ci="3" mb="0" cb="0"/><line nr="45" mi="0" ci="3" mb="0" cb="0"/><line nr="48" mi="0" ci="4" mb="0" cb="0"/><line nr="49" mi="0" ci="6" mb="0" cb="0"/><line nr="52" mi="0" ci="4" mb="0" cb="0"/><line nr="53" mi="0" ci="6" mb="0" cb="0"/><line nr="54" mi="0" ci="7" mb="0" cb="0"/><line nr="56" mi="0" ci="6" mb="0" cb="0"/><line nr="59" mi="0" ci="3" mb="1" cb="1"/><line nr="60" mi="0" ci="6" mb="0" cb="0"/><line nr="61" mi="0" ci="6" mb="0" cb="0"/><line nr="64" mi="0" ci="3" mb="0" cb="2"/><line nr="65" mi="0" ci="6" mb="0" cb="0"/><line nr="69" mi="0" ci="3" mb="0" cb="0"/><line nr="70" mi="0" ci="2" mb="0" cb="2"/><line nr="71" mi="0" ci="6" mb="0" cb="0"/><line nr="72" mi="0" ci="6" mb="0" cb="0"/><line nr="76" mi="0" ci="4" mb="0" cb="2"/><line nr="77" mi="0" ci="6" mb="0" cb="0"/><line nr="80" mi="0" ci="4" mb="0" cb="2"/><line nr="81" mi="0" ci="6" mb="0" cb="0"/><line nr="82" mi="0" ci="6" mb="0" cb="0"/><line nr="84" mi="0" ci="7" mb="0" cb="0"/><line nr="88" mi="0" ci="5" mb="0" cb="0"/><line nr="89" mi="0" ci="7" mb="0" cb="0"/><line nr="90" mi="0" ci="1" mb="0" cb="0"/><line nr="93" mi="0" ci="2" mb="0" cb="2"/><line nr="94" mi="0" ci="2" mb="0" cb="0"/><line nr="96" mi="0" ci="3" mb="0" cb="2"/><line nr="97" mi="0" ci="2" mb="0" cb="0"/><line nr="99" mi="0" ci="7" mb="1" cb="3"/><line nr="100" mi="0" ci="5" mb="0" cb="0"/><line nr="102" mi="0" ci="2" mb="0" cb="0"/><line nr="106" mi="0" ci="2" mb="0" cb="2"/><line nr="107" mi="0" ci="2" mb="0" cb="0"/><line nr="109" mi="0" ci="3" mb="0" cb="2"/><line nr="110" mi="0" ci="2" mb="0" cb="0"/><line nr="112" mi="0" ci="7" mb="1" cb="3"/><line nr="113" mi="0" ci="5" mb="0" cb="0"/><line nr="115" mi="0" ci="2" mb="0" cb="0"/><line nr="119" mi="0" ci="6" mb="0" cb="4"/><line nr="120" mi="0" ci="3" mb="1" cb="1"/><line nr="121" mi="0" ci="5" mb="0" cb="0"/><line nr="123" mi="0" ci="5" mb="0" cb="0"/><line nr="127" mi="0" ci="4" mb="0" cb="0"/><line nr="131" mi="0" ci="3" mb="0" cb="0"/><line nr="135" mi="0" ci="3" mb="0" cb="0"/><counter type="INSTRUCTION" missed="0" covered="205"/><counter type="BRANCH" missed="4" covered="28"/><counter type="LINE" missed="0" covered="48"/><counter type="COMPLEXITY" missed="4" covered="19"/><counter type="METHOD" missed="0" covered="7"/><counter type="CLASS" missed="0" covered="1"/></sourcefile><sourcefile name="ScriptingResource.java"><line nr="41" mi="0" ci="3" mb="0" cb="0"/><line nr="43" mi="0" ci="3" mb="0" cb="0"/><line nr="45" mi="0" ci="4" mb="0" cb="0"/><line nr="47" mi="0" ci="4" mb="0" cb="0"/><line nr="48" mi="0" ci="2" mb="0" cb="0"/><line nr="52" mi="0" ci="1" mb="0" cb="0"/><line nr="53" mi="0" ci="6" mb="0" cb="0"/><line nr="55" mi="0" ci="2" mb="1" cb="1"/><line nr="56" mi="3" ci="0" mb="0" cb="0"/><line nr="57" mi="6" ci="0" mb="0" cb="0"/><line nr="61" mi="0" ci="3" mb="0" cb="0"/><line nr="62" mi="0" ci="3" mb="1" cb="1"/><line nr="63" mi="0" ci="6" mb="0" cb="0"/><line nr="65" mi="0" ci="3" mb="1" cb="1"/><line nr="66" mi="0" ci="6" mb="0" cb="0"/><line nr="68" mi="0" ci="3" mb="1" cb="1"/><line nr="69" mi="0" ci="6" mb="0" cb="0"/><line nr="71" mi="0" ci="6" mb="0" cb="0"/><line nr="72" mi="0" ci="6" mb="0" cb="0"/><line nr="73" mi="0" ci="4" mb="1" cb="1"/><line nr="74" mi="0" ci="6" mb="0" cb="0"/><line nr="75" mi="0" ci="2" mb="0" cb="0"/><line nr="78" mi="0" ci="3" mb="0" cb="0"/><line nr="79" mi="0" ci="6" mb="0" cb="0"/><line nr="80" mi="0" ci="6" mb="0" cb="0"/><line nr="81" mi="0" ci="5" mb="0" cb="0"/><line nr="82" mi="0" ci="7" mb="0" cb="0"/><line nr="83" mi="0" ci="3" mb="1" cb="1"/><line nr="84" mi="6" ci="0" mb="0" cb="0"/><line nr="86" mi="0" ci="5" mb="0" cb="0"/><line nr="88" mi="0" ci="7" mb="0" cb="0"/><line nr="93" mi="0" ci="1" mb="0" cb="0"/><line nr="94" mi="0" ci="6" mb="0" cb="0"/><line nr="96" mi="0" ci="2" mb="1" cb="1"/><line nr="97" mi="3" ci="0" mb="0" cb="0"/><line nr="98" mi="6" ci="0" mb="0" cb="0"/><line nr="103" mi="0" ci="3" mb="0" cb="0"/><line nr="104" mi="0" ci="4" mb="0" cb="0"/><line nr="106" mi="0" ci="4" mb="0" cb="2"/><line nr="107" mi="0" ci="7" mb="0" cb="0"/><line nr="109" mi="0" ci="4" mb="0" cb="2"/><line nr="110" mi="0" ci="4" mb="0" cb="0"/><line nr="111" mi="0" ci="3" mb="1" cb="1"/><line nr="112" mi="3" ci="0" mb="0" cb="0"/><line nr="113" mi="6" ci="0" mb="0" cb="0"/><line nr="117" mi="0" ci="3" mb="0" cb="0"/><line nr="118" mi="0" ci="3" mb="1" cb="1"/><line nr="119" mi="3" ci="0" mb="0" cb="0"/><line nr="120" mi="6" ci="0" mb="0" cb="0"/><line nr="124" mi="0" ci="3" mb="0" cb="0"/><line nr="126" mi="0" ci="4" mb="0" cb="2"/><line nr="127" mi="0" ci="4" mb="0" cb="0"/><line nr="128" mi="0" ci="3" mb="1" cb="1"/><line nr="129" mi="3" ci="0" mb="0" cb="0"/><line nr="130" mi="6" ci="0" mb="0" cb="0"/><line nr="134" mi="0" ci="3" mb="0" cb="0"/><line nr="135" mi="0" ci="4" mb="1" cb="1"/><line nr="136" mi="3" ci="0" mb="0" cb="0"/><line nr="137" mi="6" ci="0" mb="0" cb="0"/><line nr="141" mi="0" ci="3" mb="0" cb="0"/><line nr="143" mi="0" ci="4" mb="0" cb="2"/><line nr="144" mi="0" ci="5" mb="0" cb="0"/><line nr="146" mi="0" ci="3" mb="0" cb="0"/><line nr="147" mi="0" ci="8" mb="2" cb="2"/><line nr="148" mi="3" ci="0" mb="0" cb="0"/><line nr="149" mi="6" ci="0" mb="0" cb="0"/><line nr="153" mi="1" ci="0" mb="0" cb="0"/><line nr="154" mi="3" ci="0" mb="0" cb="0"/><line nr="155" mi="6" ci="0" mb="0" cb="0"/><line nr="158" mi="0" ci="1" mb="0" cb="0"/><line nr="159" mi="0" ci="3" mb="0" cb="0"/><line nr="161" mi="0" ci="4" mb="0" cb="2"/><line nr="162" mi="0" ci="5" mb="0" cb="0"/><line nr="163" mi="0" ci="4" mb="1" cb="1"/><line nr="164" mi="3" ci="0" mb="0" cb="0"/><line nr="165" mi="9" ci="0" mb="0" cb="0"/><line nr="170" mi="0" ci="3" mb="0" cb="0"/><line nr="172" mi="0" ci="4" mb="0" cb="2"/><line nr="173" mi="0" ci="4" mb="0" cb="0"/><line nr="174" mi="0" ci="3" mb="1" cb="1"/><line nr="175" mi="3" ci="0" mb="0" cb="0"/><line nr="176" mi="6" ci="0" mb="0" cb="0"/><line nr="180" mi="0" ci="4" mb="0" cb="0"/><line nr="181" mi="0" ci="10" mb="0" cb="2"/><line nr="182" mi="0" ci="3" mb="0" cb="0"/><line nr="183" mi="0" ci="4" mb="1" cb="1"/><line nr="184" mi="3" ci="0" mb="0" cb="0"/><line nr="185" mi="9" ci="0" mb="0" cb="0"/><line nr="190" mi="0" ci="4" mb="0" cb="0"/><line nr="191" mi="0" ci="1" mb="0" cb="0"/><line nr="192" mi="0" ci="3" mb="0" cb="0"/><line nr="193" mi="0" ci="5" mb="0" cb="0"/><line nr="196" mi="0" ci="3" mb="0" cb="0"/><line nr="197" mi="0" ci="3" mb="0" cb="0"/><line nr="198" mi="1" ci="0" mb="0" cb="0"/><line nr="199" mi="3" ci="0" mb="0" cb="0"/><line nr="200" mi="4" ci="0" mb="0" cb="0"/><line nr="201" mi="11" ci="0" mb="2" cb="0"/><line nr="202" mi="7" ci="0" mb="0" cb="0"/><counter type="INSTRUCTION" missed="138" covered="280"/><counter type="BRANCH" missed="18" covered="30"/><counter type="LINE" missed="29" covered="70"/><counter type="COMPLEXITY" missed="17" covered="11"/><counter type="METHOD" missed="0" covered="4"/><counter type="CLASS" missed="0" covered="1"/></sourcefile><sourcefile name="StatusResource.java"><line nr="37" mi="3" ci="0" mb="0" cb="0"/><line nr="39" mi="5" ci="0" mb="0" cb="0"/><line nr="43" mi="1" ci="0" mb="0" cb="0"/><line nr="44" mi="6" ci="0" mb="0" cb="0"/><line nr="46" mi="3" ci="0" mb="0" cb="0"/><line nr="49" mi="3" ci="0" mb="0" cb="0"/><line nr="50" mi="4" ci="0" mb="2" cb="0"/><line nr="51" mi="8" ci="0" mb="0" cb="0"/><line nr="53" mi="7" ci="0" mb="0" cb="0"/><line nr="54" mi="5" ci="0" mb="0" cb="0"/><line nr="57" mi="3" ci="0" mb="0" cb="0"/><line nr="58" mi="5" ci="0" mb="0" cb="0"/><line nr="59" mi="6" ci="0" mb="0" cb="0"/><line nr="60" mi="5" ci="0" mb="0" cb="0"/><line nr="61" mi="5" ci="0" mb="0" cb="0"/><line nr="64" mi="3" ci="0" mb="0" cb="0"/><line nr="65" mi="4" ci="0" mb="0" cb="0"/><line nr="66" mi="7" ci="0" mb="0" cb="0"/><line nr="69" mi="3" ci="0" mb="0" cb="0"/><line nr="70" mi="3" ci="0" mb="0" cb="0"/><line nr="71" mi="7" ci="0" mb="2" cb="0"/><line nr="72" mi="9" ci="0" mb="2" cb="0"/><line nr="73" mi="5" ci="0" mb="0" cb="0"/><line nr="76" mi="3" ci="0" mb="0" cb="0"/><line nr="77" mi="11" ci="0" mb="2" cb="0"/><line nr="78" mi="3" ci="0" mb="0" cb="0"/><line nr="79" mi="3" ci="0" mb="0" cb="0"/><line nr="80" mi="6" ci="0" mb="0" cb="0"/><line nr="82" mi="3" ci="0" mb="0" cb="0"/><line nr="83" mi="2" ci="0" mb="2" cb="0"/><line nr="84" mi="5" ci="0" mb="0" cb="0"/><line nr="86" mi="3" ci="0" mb="2" cb="0"/><line nr="87" mi="6" ci="0" mb="0" cb="0"/><line nr="89" mi="11" ci="0" mb="4" cb="0"/><line nr="90" mi="9" ci="0" mb="2" cb="0"/><line nr="91" mi="4" ci="0" mb="0" cb="0"/><line nr="92" mi="1" ci="0" mb="0" cb="0"/><line nr="93" mi="5" ci="0" mb="0" cb="0"/><line nr="95" mi="7" ci="0" mb="0" cb="0"/><line nr="99" mi="5" ci="0" mb="0" cb="0"/><counter type="INSTRUCTION" missed="197" covered="0"/><counter type="BRANCH" missed="18" covered="0"/><counter type="LINE" missed="40" covered="0"/><counter type="COMPLEXITY" missed="13" covered="0"/><counter type="METHOD" missed="4" covered="0"/><counter type="CLASS" missed="1" covered="0"/></sourcefile><sourcefile name="MetricsResource.java"><line nr="29" mi="0" ci="3" mb="0" cb="0"/><line nr="33" mi="0" ci="3" mb="0" cb="0"/><line nr="34" mi="0" ci="2" mb="0" cb="2"/><line nr="35" mi="0" ci="3" mb="0" cb="0"/><line nr="36" mi="0" ci="6" mb="0" cb="0"/><line nr="42" mi="0" ci="6" mb="0" cb="0"/><counter type="INSTRUCTION" missed="0" covered="23"/><counter type="BRANCH" missed="0" covered="2"/><counter type="LINE" missed="0" covered="6"/><counter type="COMPLEXITY" missed="0" covered="3"/><counter type="METHOD" missed="0" covered="2"/><counter type="CLASS" missed="0" covered="1"/></sourcefile><sourcefile name="TraceRingBuffer.java"><line nr="31" mi="0" ci="5" mb="0" cb="0"/><line nr="33" mi="0" ci="2" mb="0" cb="0"/><line nr="34" mi="0" ci="3" mb="0" cb="2"/><line nr="35" mi="0" ci="6" mb="0" cb="0"/><line nr="37" mi="0" ci="3" mb="0" cb="0"/><line nr="38" mi="0" ci="4" mb="0" cb="0"/><line nr="39" mi="0" ci="3" mb="0" cb="0"/><line nr="40" mi="0" ci="3" mb="0" cb="0"/><line nr="41" mi="0" ci="1" mb="0" cb="0"/><line nr="44" mi="0" ci="3" mb="0" cb="0"/><line nr="46" mi="0" ci="6" mb="0" cb="0"/><line nr="47" mi="0" ci="9" mb="0" cb="0"/><line nr="48" mi="0" ci="5" mb="0" cb="2"/><line nr="49" mi="0" ci="6" mb="0" cb="0"/><line nr="52" mi="0" ci="3" mb="0" cb="0"/><line nr="54" mi="0" ci="1" mb="0" cb="0"/><line nr="57" mi="0" ci="3" mb="0" cb="0"/><line nr="59" mi="0" ci="6" mb="0" cb="0"/><line nr="61" mi="0" ci="8" mb="0" cb="2"/><line nr="62" mi="0" ci="13" mb="0" cb="0"/><line nr="63" mi="0" ci="7" mb="0" cb="0"/><line nr="65" mi="0" ci="5" mb="0" cb="0"/><line nr="67" mi="0" ci="3" mb="0" cb="0"/><line nr="72" mi="0" ci="3" mb="0" cb="0"/><line nr="74" mi="0" ci="8" mb="0" cb="2"/><line nr="75" mi="0" ci="13" mb="0" cb="0"/><line nr="76" mi="0" ci="8" mb="0" cb="2"/><line nr="77" mi="0" ci="7" mb="0" cb="0"/><line nr="80" mi="0" ci="4" mb="0" cb="0"/><line nr="82" mi="0" ci="3" mb="0" cb="0"/><line nr="87" mi="0" ci="3" mb="0" cb="0"/><line nr="89" mi="0" ci="5" mb="0" cb="0"/><line nr="91" mi="0" ci="3" mb="0" cb="0"/><line nr="96" mi="0" ci="3" mb="0" cb="0"/><counter type="INSTRUCTION" missed="0" covered="168"/><counter type="BRANCH" missed="0" covered="10"/><counter type="LINE" missed="0" covered="34"/><counter type="COMPLEXITY" missed="0" covered="11"/><counter type="METHOD" missed="0" covered="6"/><counter type="CLASS" missed="0" covered="1"/></sourcefile><sourcefile name="HealthLiveResource.java"><line nr="25" mi="0" ci="3" mb="0" cb="0"/><line nr="29" mi="0" ci="6" mb="0" cb="0"/><counter type="INSTRUCTION" missed="0" covered="9"/><counter type="LINE" missed="0" covered="2"/><counter type="COMPLEXITY" missed="0" covered="2"/><counter type="METHOD" missed="0" covered="2"/><counter type="CLASS" missed="0" covered="1"/></sourcefile><sourcefile name="HealthReadyResource.java"><line nr="36" mi="3" ci="0" mb="0" cb="0"/><line nr="38" mi="5" ci="0" mb="0" cb="0"/><line nr="42" mi="1" ci="0" mb="0" cb="0"/><line nr="43" mi="6" ci="0" mb="0" cb="0"/><line nr="45" mi="2" ci="0" mb="0" cb="0"/><line nr="46" mi="3" ci="0" mb="0" cb="0"/><line nr="48" mi="11" ci="0" mb="2" cb="0"/><line nr="49" mi="3" ci="0" mb="0" cb="0"/><line nr="50" mi="3" ci="0" mb="0" cb="0"/><line nr="51" mi="6" ci="0" mb="0" cb="0"/><line nr="53" mi="3" ci="0" mb="0" cb="0"/><line nr="54" mi="2" ci="0" mb="2" cb="0"/><line nr="55" mi="5" ci="0" mb="0" cb="0"/><line nr="57" mi="3" ci="0" mb="2" cb="0"/><line nr="58" mi="6" ci="0" mb="0" cb="0"/><line nr="61" mi="11" ci="0" mb="4" cb="0"/><line nr="62" mi="9" ci="0" mb="2" cb="0"/><line nr="64" mi="7" ci="0" mb="4" cb="0"/><line nr="65" mi="2" ci="0" mb="0" cb="0"/><line nr="68" mi="4" ci="0" mb="0" cb="0"/><line nr="69" mi="1" ci="0" mb="0" cb="0"/><line nr="71" mi="3" ci="0" mb="0" cb="0"/><line nr="72" mi="9" ci="0" mb="2" cb="0"/><line nr="73" mi="5" ci="0" mb="0" cb="0"/><line nr="75" mi="7" ci="0" mb="2" cb="0"/><line nr="76" mi="7" ci="0" mb="0" cb="0"/><line nr="80" mi="6" ci="0" mb="2" cb="0"/><line nr="81" mi="3" ci="0" mb="0" cb="0"/><line nr="82" mi="6" ci="0" mb="2" cb="0"/><line nr="83" mi="3" ci="0" mb="0" cb="0"/><line nr="84" mi="6" ci="0" mb="2" cb="0"/><line nr="85" mi="3" ci="0" mb="0" cb="0"/><line nr="87" mi="2" ci="0" mb="0" cb="0"/><counter type="INSTRUCTION" missed="156" covered="0"/><counter type="BRANCH" missed="26" covered="0"/><counter type="LINE" missed="33" covered="0"/><counter type="COMPLEXITY" missed="17" covered="0"/><counter type="METHOD" missed="4" covered="0"/><counter type="CLASS" missed="1" covered="0"/></sourcefile><sourcefile name="TracesResource.java"><line nr="32" mi="3" ci="0" mb="0" cb="0"/><line nr="34" mi="5" ci="0" mb="0" cb="0"/><line nr="38" mi="3" ci="0" mb="2" cb="0"/><line nr="39" mi="3" ci="0" mb="0" cb="0"/><line nr="40" mi="6" ci="0" mb="0" cb="0"/><line nr="46" mi="1" ci="0" mb="0" cb="0"/><line nr="47" mi="6" ci="0" mb="0" cb="0"/><line nr="49" mi="4" ci="0" mb="0" cb="0"/><line nr="51" mi="5" ci="0" mb="4" cb="0"/><line nr="52" mi="5" ci="0" mb="0" cb="0"/><line nr="54" mi="4" ci="0" mb="0" cb="0"/><line nr="59" mi="3" ci="0" mb="0" cb="0"/><line nr="62" mi="3" ci="0" mb="2" cb="0"/><line nr="63" mi="7" ci="0" mb="0" cb="0"/><line nr="64" mi="3" ci="0" mb="2" cb="0"/><line nr="65" mi="7" ci="0" mb="0" cb="0"/><line nr="67" mi="3" ci="0" mb="0" cb="0"/><line nr="68" mi="3" ci="0" mb="0" cb="0"/><line nr="70" mi="10" ci="0" mb="2" cb="0"/><line nr="71" mi="7" ci="0" mb="4" cb="0"/><line nr="72" mi="1" ci="0" mb="0" cb="0"/><line nr="74" mi="7" ci="0" mb="4" cb="0"/><line nr="75" mi="1" ci="0" mb="0" cb="0"/><line nr="78" mi="3" ci="0" mb="0" cb="0"/><line nr="79" mi="6" ci="0" mb="0" cb="0"/><line nr="80" mi="6" ci="0" mb="0" cb="0"/><line nr="81" mi="6" ci="0" mb="0" cb="0"/><line nr="82" mi="6" ci="0" mb="0" cb="0"/><line nr="83" mi="6" ci="0" mb="0" cb="0"/><line nr="84" mi="7" ci="0" mb="0" cb="0"/><line nr="85" mi="4" ci="0" mb="0" cb="0"/><line nr="86" mi="1" ci="0" mb="0" cb="0"/><line nr="88" mi="5" ci="0" mb="0" cb="0"/><line nr="89" mi="6" ci="0" mb="0" cb="0"/><line nr="90" mi="6" ci="0" mb="0" cb="0"/><line nr="92" mi="7" ci="0" mb="0" cb="0"/><line nr="96" mi="4" ci="0" mb="0" cb="0"/><line nr="98" mi="2" ci="0" mb="2" cb="0"/><line nr="99" mi="3" ci="0" mb="0" cb="0"/><line nr="100" mi="7" ci="0" mb="0" cb="0"/><line nr="105" mi="3" ci="0" mb="0" cb="0"/><line nr="106" mi="6" ci="0" mb="0" cb="0"/><line nr="107" mi="6" ci="0" mb="0" cb="0"/><line nr="108" mi="6" ci="0" mb="0" cb="0"/><line nr="109" mi="6" ci="0" mb="0" cb="0"/><line nr="110" mi="7" ci="0" mb="0" cb="0"/><line nr="112" mi="3" ci="0" mb="0" cb="0"/><line nr="113" mi="11" ci="0" mb="2" cb="0"/><line nr="114" mi="3" ci="0" mb="0" cb="0"/><line nr="115" mi="6" ci="0" mb="0" cb="0"/><line nr="116" mi="3" ci="0" mb="2" cb="0"/><line nr="117" mi="6" ci="0" mb="0" cb="0"/><line nr="119" mi="6" ci="0" mb="0" cb="0"/><line nr="120" mi="6" ci="0" mb="0" cb="0"/><line nr="121" mi="6" ci="0" mb="0" cb="0"/><line nr="122" mi="6" ci="0" mb="0" cb="0"/><line nr="123" mi="4" ci="0" mb="0" cb="0"/><line nr="124" mi="1" ci="0" mb="0" cb="0"/><line nr="125" mi="5" ci="0" mb="0" cb="0"/><line nr="127" mi="7" ci="0" mb="0" cb="0"/><counter type="INSTRUCTION" missed="292" covered="0"/><counter type="BRANCH" missed="26" covered="0"/><counter type="LINE" missed="60" covered="0"/><counter type="COMPLEXITY" missed="18" covered="0"/><counter type="METHOD" missed="5" covered="0"/><counter type="CLASS" missed="1" covered="0"/></sourcefile><counter type="INSTRUCTION" missed="932" covered="767"/><counter type="BRANCH" missed="104" covered="78"/><counter type="LINE" missed="200" covered="176"/><counter type="COMPLEXITY" missed="83" covered="57"/><counter type="METHOD" missed="21" covered="26"/><counter type="CLASS" missed="3" covered="8"/></package><package name="io/ikanos/engine/consumes/http"><class name="io/ikanos/engine/consumes/http/Response" sourcefilename="Response.java"><method name="&lt;init&gt;" desc="()V" line="26"><counter type="INSTRUCTION" missed="3" covered="0"/><counter type="LINE" missed="2" covered="0"/><counter type="COMPLEXITY" missed="1" covered="0"/><counter type="METHOD" missed="1" covered="0"/></method><method name="getParameters" desc="()Ljava/util/List;" line="30"><counter type="INSTRUCTION" missed="3" covered="0"/><counter type="LINE" missed="1" covered="0"/><counter type="COMPLEXITY" missed="1" covered="0"/><counter type="METHOD" missed="1" covered="0"/></method><counter type="INSTRUCTION" missed="6" covered="0"/><counter type="LINE" missed="3" covered="0"/><counter type="COMPLEXITY" missed="2" covered="0"/><counter type="METHOD" missed="2" covered="0"/><counter type="CLASS" missed="1" covered="0"/></class><class name="io/ikanos/engine/consumes/http/HttpClientAdapter" sourcefilename="HttpClientAdapter.java"><method name="&lt;init&gt;" desc="(Lio/ikanos/Capability;Lio/ikanos/spec/consumes/http/HttpClientSpec;)V" line="44"><counter type="INSTRUCTION" missed="0" covered="20"/><counter type="LINE" missed="0" covered="3"/><counter type="COMPLEXITY" missed="0" covered="1"/><counter type="METHOD" missed="0" covered="1"/></method><method name="getHttpClientSpec" desc="()Lio/ikanos/spec/consumes/http/HttpClientSpec;" line="49"><counter type="INSTRUCTION" missed="0" covered="4"/><counter type="LINE" missed="0" covered="1"/><counter type="COMPLEXITY" missed="0" covered="1"/><counter type="METHOD" missed="0" covered="1"/></method><method name="getOperationSpec" desc="(Ljava/lang/String;)Lio/ikanos/spec/consumes/http/HttpClientOperationSpec;" line="60"><counter type="INSTRUCTION" missed="2" covered="32"/><counter type="BRANCH" missed="1" covered="5"/><counter type="LINE" missed="1" covered="6"/><counter type="COMPLEXITY" missed="1" covered="3"/><counter type="METHOD" missed="0" covered="1"/></method><method name="setHeaders" desc="(Lorg/restlet/Request;)V" line="76"><counter type="INSTRUCTION" missed="0" covered="30"/><counter type="BRANCH" missed="2" covered="4"/><counter type="LINE" missed="0" covered="5"/><counter type="COMPLEXITY" missed="2" covered="2"/><counter type="METHOD" missed="0" covered="1"/></method><method name="setChallengeResponse" desc="(Lorg/restlet/Request;Lorg/restlet/Request;Ljava/lang/String;Ljava/util/Map;)V" line="88"><counter type="INSTRUCTION" missed="9" covered="151"/><counter type="BRANCH" missed="4" covered="15"/><counter type="LINE" missed="1" covered="44"/><counter type="COMPLEXITY" missed="4" covered="8"/><counter type="METHOD" missed="0" covered="1"/></method><method name="getHttpClient" desc="()Lorg/restlet/Client;" line="160"><counter type="INSTRUCTION" missed="0" covered="3"/><counter type="LINE" missed="0" covered="1"/><counter type="COMPLEXITY" missed="0" covered="1"/><counter type="METHOD" missed="0" covered="1"/></method><method name="start" desc="()V" line="165"><counter type="INSTRUCTION" missed="4" covered="0"/><counter type="LINE" missed="2" covered="0"/><counter type="COMPLEXITY" missed="1" covered="0"/><counter type="METHOD" missed="1" covered="0"/></method><method name="stop" desc="()V" line="170"><counter type="INSTRUCTION" missed="0" covered="4"/><counter type="LINE" missed="0" covered="2"/><counter type="COMPLEXITY" missed="0" covered="1"/><counter type="METHOD" missed="0" covered="1"/></method><counter type="INSTRUCTION" missed="15" covered="244"/><counter type="BRANCH" missed="7" covered="24"/><counter type="LINE" missed="4" covered="62"/><counter type="COMPLEXITY" missed="8" covered="17"/><counter type="METHOD" missed="1" covered="7"/><counter type="CLASS" missed="0" covered="1"/></class><class name="io/ikanos/engine/consumes/http/Parameter" sourcefilename="Parameter.java"><method name="&lt;init&gt;" desc="()V" line="19"><counter type="INSTRUCTION" missed="3" covered="0"/><counter type="LINE" missed="1" covered="0"/><counter type="COMPLEXITY" missed="1" covered="0"/><counter type="METHOD" missed="1" covered="0"/></method><counter type="INSTRUCTION" missed="3" covered="0"/><counter type="LINE" missed="1" covered="0"/><counter type="COMPLEXITY" missed="1" covered="0"/><counter type="METHOD" missed="1" covered="0"/><counter type="CLASS" missed="1" covered="0"/></class><class name="io/ikanos/engine/consumes/http/Operation" sourcefilename="Operation.java"><method name="&lt;init&gt;" desc="()V" line="33"><counter type="INSTRUCTION" missed="19" covered="0"/><counter type="LINE" missed="6" covered="0"/><counter type="COMPLEXITY" missed="1" covered="0"/><counter type="METHOD" missed="1" covered="0"/></method><method name="getParameters" desc="()Ljava/util/List;" line="41"><counter type="INSTRUCTION" missed="3" covered="0"/><counter type="LINE" missed="1" covered="0"/><counter type="COMPLEXITY" missed="1" covered="0"/><counter type="METHOD" missed="1" covered="0"/></method><method name="getHttpMethod" desc="()Ljava/lang/String;" line="45"><counter type="INSTRUCTION" missed="3" covered="0"/><counter type="LINE" missed="1" covered="0"/><counter type="COMPLEXITY" missed="1" covered="0"/><counter type="METHOD" missed="1" covered="0"/></method><method name="getTargetUri" desc="()Ljava/lang/String;" line="49"><counter type="INSTRUCTION" missed="3" covered="0"/><counter type="LINE" missed="1" covered="0"/><counter type="COMPLEXITY" missed="1" covered="0"/><counter type="METHOD" missed="1" covered="0"/></method><method name="getResponses" desc="()Ljava/util/List;" line="53"><counter type="INSTRUCTION" missed="3" covered="0"/><counter type="LINE" missed="1" covered="0"/><counter type="COMPLEXITY" missed="1" covered="0"/><counter type="METHOD" missed="1" covered="0"/></method><counter type="INSTRUCTION" missed="31" covered="0"/><counter type="LINE" missed="10" covered="0"/><counter type="COMPLEXITY" missed="5" covered="0"/><counter type="METHOD" missed="5" covered="0"/><counter type="CLASS" missed="1" covered="0"/></class><sourcefile name="Response.java"><line nr="26" mi="2" ci="0" mb="0" cb="0"/><line nr="27" mi="1" ci="0" mb="0" cb="0"/><line nr="30" mi="3" ci="0" mb="0" cb="0"/><counter type="INSTRUCTION" missed="6" covered="0"/><counter type="LINE" missed="3" covered="0"/><counter type="COMPLEXITY" missed="2" covered="0"/><counter type="METHOD" missed="2" covered="0"/><counter type="CLASS" missed="1" covered="0"/></sourcefile><sourcefile name="HttpClientAdapter.java"><line nr="44" mi="0" ci="4" mb="0" cb="0"/><line nr="45" mi="0" ci="15" mb="0" cb="0"/><line nr="46" mi="0" ci="1" mb="0" cb="0"/><line nr="49" mi="0" ci="4" mb="0" cb="0"/><line nr="60" mi="0" ci="12" mb="1" cb="1"/><line nr="61" mi="0" ci="11" mb="0" cb="2"/><line nr="62" mi="0" ci="5" mb="0" cb="2"/><line nr="63" mi="0" ci="2" mb="0" cb="0"/><line nr="65" mi="0" ci="1" mb="0" cb="0"/><line nr="66" mi="0" ci="1" mb="0" cb="0"/><line nr="68" mi="2" ci="0" mb="0" cb="0"/><line nr="76" mi="0" ci="12" mb="0" cb="2"/><line nr="77" mi="0" ci="8" mb="2" cb="2"/><line nr="78" mi="0" ci="8" mb="0" cb="0"/><line nr="80" mi="0" ci="1" mb="0" cb="0"/><line nr="81" mi="0" ci="1" mb="0" cb="0"/><line nr="88" mi="0" ci="4" mb="0" cb="0"/><line nr="90" mi="0" ci="2" mb="0" cb="2"/><line nr="92" mi="0" ci="3" mb="0" cb="0"/><line nr="93" mi="0" ci="2" mb="0" cb="0"/><line nr="95" mi="0" ci="8" mb="1" cb="4"/><line nr="97" mi="0" ci="3" mb="0" cb="0"/><line nr="99" mi="0" ci="5" mb="0" cb="0"/><line nr="100" mi="0" ci="3" mb="0" cb="0"/><line nr="101" mi="0" ci="3" mb="0" cb="0"/><line nr="102" mi="0" ci="5" mb="0" cb="0"/><line nr="103" mi="0" ci="4" mb="0" cb="0"/><line nr="104" mi="0" ci="1" mb="0" cb="0"/><line nr="105" mi="0" ci="3" mb="0" cb="0"/><line nr="106" mi="0" ci="1" mb="0" cb="0"/><line nr="109" mi="0" ci="3" mb="0" cb="0"/><line nr="111" mi="0" ci="5" mb="0" cb="0"/><line nr="112" mi="0" ci="3" mb="0" cb="0"/><line nr="113" mi="0" ci="3" mb="0" cb="0"/><line nr="114" mi="0" ci="6" mb="0" cb="0"/><line nr="115" mi="0" ci="4" mb="0" cb="0"/><line nr="116" mi="0" ci="3" mb="0" cb="0"/><line nr="117" mi="0" ci="1" mb="0" cb="0"/><line nr="120" mi="0" ci="3" mb="0" cb="0"/><line nr="122" mi="0" ci="5" mb="0" cb="0"/><line nr="123" mi="0" ci="3" mb="0" cb="0"/><line nr="124" mi="0" ci="3" mb="0" cb="0"/><line nr="125" mi="0" ci="3" mb="0" cb="0"/><line nr="126" mi="0" ci="1" mb="0" cb="0"/><line nr="129" mi="0" ci="3" mb="0" cb="0"/><line nr="131" mi="0" ci="5" mb="0" cb="0"/><line nr="132" mi="0" ci="1" mb="0" cb="0"/><line nr="133" mi="0" ci="4" mb="0" cb="0"/><line nr="134" mi="0" ci="3" mb="0" cb="0"/><line nr="136" mi="0" ci="2" mb="0" cb="2"/><line nr="137" mi="0" ci="5" mb="0" cb="0"/><line nr="141" mi="0" ci="4" mb="1" cb="1"/><line nr="142" mi="7" ci="0" mb="0" cb="0"/><line nr="143" mi="0" ci="4" mb="1" cb="1"/><line nr="144" mi="2" ci="6" mb="1" cb="1"/><line nr="145" mi="0" ci="6" mb="0" cb="0"/><line nr="146" mi="0" ci="3" mb="0" cb="0"/><line nr="147" mi="0" ci="1" mb="0" cb="0"/><line nr="153" mi="0" ci="6" mb="0" cb="4"/><line nr="155" mi="0" ci="4" mb="0" cb="0"/><line nr="157" mi="0" ci="1" mb="0" cb="0"/><line nr="160" mi="0" ci="3" mb="0" cb="0"/><line nr="165" mi="3" ci="0" mb="0" cb="0"/><line nr="166" mi="1" ci="0" mb="0" cb="0"/><line nr="170" mi="0" ci="3" mb="0" cb="0"/><line nr="171" mi="0" ci="1" mb="0" cb="0"/><counter type="INSTRUCTION" missed="15" covered="244"/><counter type="BRANCH" missed="7" covered="24"/><counter type="LINE" missed="4" covered="62"/><counter type="COMPLEXITY" missed="8" covered="17"/><counter type="METHOD" missed="1" covered="7"/><counter type="CLASS" missed="0" covered="1"/></sourcefile><sourcefile name="Parameter.java"><line nr="19" mi="3" ci="0" mb="0" cb="0"/><counter type="INSTRUCTION" missed="3" covered="0"/><counter type="LINE" missed="1" covered="0"/><counter type="COMPLEXITY" missed="1" covered="0"/><counter type="METHOD" missed="1" covered="0"/><counter type="CLASS" missed="1" covered="0"/></sourcefile><sourcefile name="Operation.java"><line nr="33" mi="2" ci="0" mb="0" cb="0"/><line nr="34" mi="3" ci="0" mb="0" cb="0"/><line nr="35" mi="3" ci="0" mb="0" cb="0"/><line nr="36" mi="5" ci="0" mb="0" cb="0"/><line nr="37" mi="5" ci="0" mb="0" cb="0"/><line nr="38" mi="1" ci="0" mb="0" cb="0"/><line nr="41" mi="3" ci="0" mb="0" cb="0"/><line nr="45" mi="3" ci="0" mb="0" cb="0"/><line nr="49" mi="3" ci="0" mb="0" cb="0"/><line nr="53" mi="3" ci="0" mb="0" cb="0"/><counter type="INSTRUCTION" missed="31" covered="0"/><counter type="LINE" missed="10" covered="0"/><counter type="COMPLEXITY" missed="5" covered="0"/><counter type="METHOD" missed="5" covered="0"/><counter type="CLASS" missed="1" covered="0"/></sourcefile><counter type="INSTRUCTION" missed="55" covered="244"/><counter type="BRANCH" missed="7" covered="24"/><counter type="LINE" missed="18" covered="62"/><counter type="COMPLEXITY" missed="16" covered="17"/><counter type="METHOD" missed="9" covered="7"/><counter type="CLASS" missed="3" covered="1"/></package><package name="io/ikanos/engine"><class name="io/ikanos/engine/Adapter" sourcefilename="Adapter.java"><method name="&lt;init&gt;" desc="()V" line="19"><counter type="INSTRUCTION" missed="0" covered="3"/><counter type="LINE" missed="0" covered="1"/><counter type="COMPLEXITY" missed="0" covered="1"/><counter type="METHOD" missed="0" covered="1"/></method><method name="toUriTemplate" desc="(Ljava/lang/String;)Ljava/lang/String;" line="32"><counter type="INSTRUCTION" missed="0" covered="5"/><counter type="LINE" missed="0" covered="1"/><counter type="COMPLEXITY" missed="0" covered="1"/><counter type="METHOD" missed="0" covered="1"/></method><counter type="INSTRUCTION" missed="0" covered="8"/><counter type="LINE" missed="0" covered="2"/><counter type="COMPLEXITY" missed="0" covered="2"/><counter type="METHOD" missed="0" covered="2"/><counter type="CLASS" missed="0" covered="1"/></class><sourcefile name="Adapter.java"><line nr="19" mi="0" ci="3" mb="0" cb="0"/><line nr="32" mi="0" ci="5" mb="0" cb="0"/><counter type="INSTRUCTION" missed="0" covered="8"/><counter type="LINE" missed="0" covered="2"/><counter type="COMPLEXITY" missed="0" covered="2"/><counter type="METHOD" missed="0" covered="2"/><counter type="CLASS" missed="0" covered="1"/></sourcefile><counter type="INSTRUCTION" missed="0" covered="8"/><counter type="LINE" missed="0" covered="2"/><counter type="COMPLEXITY" missed="0" covered="2"/><counter type="METHOD" missed="0" covered="2"/><counter type="CLASS" missed="0" covered="1"/></package><package name="io/ikanos/engine/observability"><class name="io/ikanos/engine/observability/TelemetryBootstrap" sourcefilename="TelemetryBootstrap.java"><method name="&lt;init&gt;" desc="(Lio/opentelemetry/api/OpenTelemetry;)V" line="88"><counter type="INSTRUCTION" missed="0" covered="7"/><counter type="LINE" missed="0" covered="2"/><counter type="COMPLEXITY" missed="0" covered="1"/><counter type="METHOD" missed="0" covered="1"/></method><method name="&lt;init&gt;" desc="(Lio/opentelemetry/api/OpenTelemetry;Ljava/lang/Object;Lio/ikanos/engine/observability/DelegatingSpanProcessor;Z)V" line="92"><counter type="INSTRUCTION" missed="0" covered="31"/><counter type="LINE" missed="0" covered="9"/><counter type="COMPLEXITY" missed="0" covered="1"/><counter type="METHOD" missed="0" covered="1"/></method><method name="init" desc="(Ljava/lang/String;)Lio/ikanos/engine/observability/TelemetryBootstrap;" line="109"><counter type="INSTRUCTION" missed="0" covered="4"/><counter type="LINE" missed="0" covered="1"/><counter type="COMPLEXITY" missed="0" covered="1"/><counter type="METHOD" missed="0" covered="1"/></method><method name="init" desc="(Ljava/lang/String;Lio/ikanos/spec/observability/ObservabilitySpec;)Lio/ikanos/engine/observability/TelemetryBootstrap;" line="121"><counter type="INSTRUCTION" missed="15" covered="26"/><counter type="BRANCH" missed="1" covered="3"/><counter type="LINE" missed="7" covered="9"/><counter type="COMPLEXITY" missed="1" covered="2"/><counter type="METHOD" missed="0" covered="1"/></method><method name="buildAutoConfigured" desc="(Ljava/lang/String;Lio/ikanos/spec/observability/ObservabilitySpec;)Lio/ikanos/engine/observability/TelemetryBootstrap;" line="148"><counter type="INSTRUCTION" missed="0" covered="39"/><counter type="LINE" missed="0" covered="12"/><counter type="COMPLEXITY" missed="0" covered="1"/><counter type="METHOD" missed="0" covered="1"/></method><method name="buildSpecProperties" desc="(Lio/ikanos/spec/observability/ObservabilitySpec;)Ljava/util/Map;" line="170"><counter type="INSTRUCTION" missed="0" covered="114"/><counter type="BRANCH" missed="3" covered="17"/><counter type="LINE" missed="0" covered="27"/><counter type="COMPLEXITY" missed="3" covered="8"/><counter type="METHOD" missed="0" covered="1"/></method><method name="init" desc="(Lio/opentelemetry/api/OpenTelemetry;)Lio/ikanos/engine/observability/TelemetryBootstrap;" line="213"><counter type="INSTRUCTION" missed="0" covered="13"/><counter type="LINE" missed="0" covered="3"/><counter type="COMPLEXITY" missed="0" covered="1"/><counter type="METHOD" missed="0" covered="1"/></method><method name="get" desc="()Lio/ikanos/engine/observability/TelemetryBootstrap;" line="222"><counter type="INSTRUCTION" missed="0" covered="10"/><counter type="BRANCH" missed="0" covered="2"/><counter type="LINE" missed="0" covered="2"/><counter type="COMPLEXITY" missed="0" covered="2"/><counter type="METHOD" missed="0" covered="1"/></method><method name="reset" desc="()V" line="230"><counter type="INSTRUCTION" missed="0" covered="4"/><counter type="LINE" missed="0" covered="2"/><counter type="COMPLEXITY" missed="0" covered="1"/><counter type="METHOD" missed="0" covered="1"/></method><method name="getOpenTelemetry" desc="()Lio/opentelemetry/api/OpenTelemetry;" line="234"><counter type="INSTRUCTION" missed="0" covered="3"/><counter type="LINE" missed="0" covered="1"/><counter type="COMPLEXITY" missed="0" covered="1"/><counter type="METHOD" missed="0" covered="1"/></method><method name="getTracer" desc="()Lio/opentelemetry/api/trace/Tracer;" line="238"><counter type="INSTRUCTION" missed="0" covered="3"/><counter type="LINE" missed="0" covered="1"/><counter type="COMPLEXITY" missed="0" covered="1"/><counter type="METHOD" missed="0" covered="1"/></method><method name="getMetrics" desc="()Lio/ikanos/engine/observability/EngineMetrics;" line="242"><counter type="INSTRUCTION" missed="0" covered="3"/><counter type="LINE" missed="0" covered="1"/><counter type="COMPLEXITY" missed="0" covered="1"/><counter type="METHOD" missed="0" covered="1"/></method><method name="isEnabled" desc="()Z" line="249"><counter type="INSTRUCTION" missed="3" covered="0"/><counter type="LINE" missed="1" covered="0"/><counter type="COMPLEXITY" missed="1" covered="0"/><counter type="METHOD" missed="1" covered="0"/></method><method name="isSdkActive" desc="()Z" line="256"><counter type="INSTRUCTION" missed="7" covered="0"/><counter type="BRANCH" missed="2" covered="0"/><counter type="LINE" missed="1" covered="0"/><counter type="COMPLEXITY" missed="2" covered="0"/><counter type="METHOD" missed="1" covered="0"/></method><method name="collectPrometheusMetrics" desc="()Ljava/lang/String;" line="264"><counter type="INSTRUCTION" missed="0" covered="13"/><counter type="BRANCH" missed="0" covered="2"/><counter type="LINE" missed="0" covered="4"/><counter type="COMPLEXITY" missed="0" covered="2"/><counter type="METHOD" missed="0" covered="1"/></method><method name="registerSpanProcessor" desc="(Ljava/lang/Object;)V" line="279"><counter type="INSTRUCTION" missed="0" covered="9"/><counter type="BRANCH" missed="0" covered="2"/><counter type="LINE" missed="0" covered="3"/><counter type="COMPLEXITY" missed="0" covered="2"/><counter type="METHOD" missed="0" covered="1"/></method><method name="startServerSpan" desc="(Ljava/lang/String;Ljava/lang/String;)Lio/opentelemetry/api/trace/Span;" line="289"><counter type="INSTRUCTION" missed="1" covered="23"/><counter type="BRANCH" missed="1" covered="3"/><counter type="LINE" missed="0" covered="6"/><counter type="COMPLEXITY" missed="1" covered="2"/><counter type="METHOD" missed="0" covered="1"/></method><method name="startServerSpan" desc="(Ljava/lang/String;Ljava/lang/String;Lio/opentelemetry/context/Context;Ljava/lang/String;Ljava/lang/String;)Lio/opentelemetry/api/trace/Span;" line="308"><counter type="INSTRUCTION" missed="0" covered="68"/><counter type="BRANCH" missed="1" covered="17"/><counter type="LINE" missed="0" covered="16"/><counter type="COMPLEXITY" missed="1" covered="9"/><counter type="METHOD" missed="0" covered="1"/></method><method name="startStepCallSpan" desc="(ILjava/lang/String;Ljava/lang/String;)Lio/opentelemetry/api/trace/Span;" line="333"><counter type="INSTRUCTION" missed="1" covered="31"/><counter type="BRANCH" missed="1" covered="5"/><counter type="LINE" missed="0" covered="8"/><counter type="COMPLEXITY" missed="1" covered="3"/><counter type="METHOD" missed="0" covered="1"/></method><method name="startStepLookupSpan" desc="(ILjava/lang/String;)Lio/opentelemetry/api/trace/Span;" line="348"><counter type="INSTRUCTION" missed="1" covered="22"/><counter type="BRANCH" missed="1" covered="3"/><counter type="LINE" missed="0" covered="6"/><counter type="COMPLEXITY" missed="1" covered="2"/><counter type="METHOD" missed="0" covered="1"/></method><method name="startStepScriptSpan" desc="(ILjava/lang/String;Ljava/lang/String;)Lio/opentelemetry/api/trace/Span;" line="360"><counter type="INSTRUCTION" missed="30" covered="0"/><counter type="BRANCH" missed="6" covered="0"/><counter type="LINE" missed="7" covered="0"/><counter type="COMPLEXITY" missed="4" covered="0"/><counter type="METHOD" missed="1" covered="0"/></method><method name="startAggregateFunctionSpan" desc="(Ljava/lang/String;)Lio/opentelemetry/api/trace/Span;" line="373"><counter type="INSTRUCTION" missed="0" covered="20"/><counter type="BRANCH" missed="0" covered="4"/><counter type="LINE" missed="0" covered="5"/><counter type="COMPLEXITY" missed="0" covered="3"/><counter type="METHOD" missed="0" covered="1"/></method><method name="startToolHandlerSpan" desc="(Ljava/lang/String;)Lio/opentelemetry/api/trace/Span;" line="387"><counter type="INSTRUCTION" missed="1" covered="22"/><counter type="BRANCH" missed="1" covered="3"/><counter type="LINE" missed="0" covered="6"/><counter type="COMPLEXITY" missed="1" covered="2"/><counter type="METHOD" missed="0" covered="1"/></method><method name="startClientSpan" desc="(Ljava/lang/String;Ljava/lang/String;Ljava/lang/String;)Lio/opentelemetry/api/trace/Span;" line="399"><counter type="INSTRUCTION" missed="0" covered="41"/><counter type="BRANCH" missed="0" covered="10"/><counter type="LINE" missed="0" covered="8"/><counter type="COMPLEXITY" missed="0" covered="6"/><counter type="METHOD" missed="0" covered="1"/></method><method name="recordError" desc="(Lio/opentelemetry/api/trace/Span;Ljava/lang/Throwable;)V" line="414"><counter type="INSTRUCTION" missed="0" covered="15"/><counter type="BRANCH" missed="0" covered="4"/><counter type="LINE" missed="0" covered="4"/><counter type="COMPLEXITY" missed="0" covered="3"/><counter type="METHOD" missed="0" covered="1"/></method><method name="endSpan" desc="(Lio/opentelemetry/api/trace/Span;)V" line="424"><counter type="INSTRUCTION" missed="0" covered="5"/><counter type="BRANCH" missed="0" covered="2"/><counter type="LINE" missed="0" covered="3"/><counter type="COMPLEXITY" missed="0" covered="2"/><counter type="METHOD" missed="0" covered="1"/></method><method name="lambda$buildAutoConfigured$3" desc="(Lio/ikanos/engine/observability/DelegatingSpanProcessor;Lio/opentelemetry/sdk/trace/SdkTracerProviderBuilder;Lio/opentelemetry/sdk/autoconfigure/spi/ConfigProperties;)Lio/opentelemetry/sdk/trace/SdkTracerProviderBuilder;" line="160"><counter type="INSTRUCTION" missed="0" covered="4"/><counter type="LINE" missed="0" covered="1"/><counter type="COMPLEXITY" missed="0" covered="1"/><counter type="METHOD" missed="0" covered="1"/></method><method name="lambda$buildAutoConfigured$2" desc="(Lio/ikanos/engine/observability/PullMetricReader;Lio/opentelemetry/sdk/metrics/SdkMeterProviderBuilder;Lio/opentelemetry/sdk/autoconfigure/spi/ConfigProperties;)Lio/opentelemetry/sdk/metrics/SdkMeterProviderBuilder;" line="158"><counter type="INSTRUCTION" missed="0" covered="4"/><counter type="LINE" missed="0" covered="1"/><counter type="COMPLEXITY" missed="0" covered="1"/><counter type="METHOD" missed="0" covered="1"/></method><method name="lambda$buildAutoConfigured$1" desc="(Ljava/lang/String;Lio/opentelemetry/sdk/resources/Resource;Lio/opentelemetry/sdk/autoconfigure/spi/ConfigProperties;)Lio/opentelemetry/sdk/resources/Resource;" line="155"><counter type="INSTRUCTION" missed="0" covered="8"/><counter type="LINE" missed="0" covered="2"/><counter type="COMPLEXITY" missed="0" covered="1"/><counter type="METHOD" missed="0" covered="1"/></method><method name="lambda$buildAutoConfigured$0" desc="(Ljava/util/Map;)Ljava/util/Map;" line="152"><counter type="INSTRUCTION" missed="0" covered="2"/><counter type="LINE" missed="0" covered="1"/><counter type="COMPLEXITY" missed="0" covered="1"/><counter type="METHOD" missed="0" covered="1"/></method><method name="&lt;clinit&gt;" desc="()V" line="45"><counter type="INSTRUCTION" missed="0" covered="53"/><counter type="LINE" missed="0" covered="16"/><counter type="COMPLEXITY" missed="0" covered="1"/><counter type="METHOD" missed="0" covered="1"/></method><counter type="INSTRUCTION" missed="59" covered="597"/><counter type="BRANCH" missed="17" covered="77"/><counter type="LINE" missed="16" covered="159"/><counter type="COMPLEXITY" missed="16" covered="62"/><counter type="METHOD" missed="3" covered="28"/><counter type="CLASS" missed="0" covered="1"/></class><class name="io/ikanos/engine/observability/PullMetricReader" sourcefilename="PullMetricReader.java"><method name="&lt;init&gt;" desc="()V" line="33"><counter type="INSTRUCTION" missed="0" covered="6"/><counter type="LINE" missed="0" covered="2"/><counter type="COMPLEXITY" missed="0" covered="1"/><counter type="METHOD" missed="0" covered="1"/></method><method name="register" desc="(Lio/opentelemetry/sdk/metrics/export/CollectionRegistration;)V" line="39"><counter type="INSTRUCTION" missed="0" covered="4"/><counter type="LINE" missed="0" covered="2"/><counter type="COMPLEXITY" missed="0" covered="1"/><counter type="METHOD" missed="0" covered="1"/></method><method name="collectAllMetrics" desc="()Ljava/util/Collection;" line="43"><counter type="INSTRUCTION" missed="1" covered="9"/><counter type="BRANCH" missed="1" covered="1"/><counter type="LINE" missed="0" covered="2"/><counter type="COMPLEXITY" missed="1" covered="1"/><counter type="METHOD" missed="0" covered="1"/></method><method name="getAggregationTemporality" desc="(Lio/opentelemetry/sdk/metrics/InstrumentType;)Lio/opentelemetry/sdk/metrics/data/AggregationTemporality;" line="49"><counter type="INSTRUCTION" missed="0" covered="2"/><counter type="LINE" missed="0" covered="1"/><counter type="COMPLEXITY" missed="0" covered="1"/><counter type="METHOD" missed="0" covered="1"/></method><method name="forceFlush" desc="()Lio/opentelemetry/sdk/common/CompletableResultCode;" line="54"><counter type="INSTRUCTION" missed="0" covered="5"/><counter type="LINE" missed="0" covered="2"/><counter type="COMPLEXITY" missed="0" covered="1"/><counter type="METHOD" missed="0" covered="1"/></method><method name="shutdown" desc="()Lio/opentelemetry/sdk/common/CompletableResultCode;" line="60"><counter type="INSTRUCTION" missed="0" covered="2"/><counter type="LINE" missed="0" covered="1"/><counter type="COMPLEXITY" missed="0" covered="1"/><counter type="METHOD" missed="0" covered="1"/></method><counter type="INSTRUCTION" missed="1" covered="28"/><counter type="BRANCH" missed="1" covered="1"/><counter type="LINE" missed="0" covered="10"/><counter type="COMPLEXITY" missed="1" covered="6"/><counter type="METHOD" missed="0" covered="6"/><counter type="CLASS" missed="0" covered="1"/></class><class name="io/ikanos/engine/observability/PrometheusTextSerializer" sourcefilename="PrometheusTextSerializer.java"><method name="serialize" desc="(Ljava/util/Collection;)Ljava/lang/String;" line="37"><counter type="INSTRUCTION" missed="90" covered="92"/><counter type="BRANCH" missed="12" covered="10"/><counter type="LINE" missed="17" covered="20"/><counter type="COMPLEXITY" missed="8" covered="6"/><counter type="METHOD" missed="0" covered="1"/></method><method name="writeHeader" desc="(Ljava/lang/StringBuilder;Ljava/lang/String;Ljava/lang/String;Ljava/lang/String;)V" line="88"><counter type="INSTRUCTION" missed="0" covered="30"/><counter type="BRANCH" missed="1" covered="3"/><counter type="LINE" missed="0" covered="4"/><counter type="COMPLEXITY" missed="1" covered="2"/><counter type="METHOD" missed="0" covered="1"/></method><method name="writeSample" desc="(Ljava/lang/StringBuilder;Ljava/lang/String;Lio/opentelemetry/api/common/Attributes;Ljava/lang/Number;)V" line="96"><counter type="INSTRUCTION" missed="0" covered="17"/><counter type="LINE" missed="0" covered="4"/><counter type="COMPLEXITY" missed="0" covered="1"/><counter type="METHOD" missed="0" covered="1"/></method><method name="writeHistogramPoint" desc="(Ljava/lang/StringBuilder;Ljava/lang/String;Lio/opentelemetry/sdk/metrics/data/HistogramPointData;)V" line="103"><counter type="INSTRUCTION" missed="0" covered="106"/><counter type="BRANCH" missed="1" covered="5"/><counter type="LINE" missed="0" covered="22"/><counter type="COMPLEXITY" missed="1" covered="3"/><counter type="METHOD" missed="0" covered="1"/></method><method name="writeLabels" desc="(Ljava/lang/StringBuilder;Lio/opentelemetry/api/common/Attributes;)V" line="132"><counter type="INSTRUCTION" missed="0" covered="16"/><counter type="BRANCH" missed="0" covered="2"/><counter type="LINE" missed="0" covered="6"/><counter type="COMPLEXITY" missed="0" covered="2"/><counter type="METHOD" missed="0" covered="1"/></method><method name="writeLabelPairs" desc="(Ljava/lang/StringBuilder;Lio/opentelemetry/api/common/Attributes;)V" line="142"><counter type="INSTRUCTION" missed="0" covered="13"/><counter type="LINE" missed="0" covered="3"/><counter type="COMPLEXITY" missed="0" covered="1"/><counter type="METHOD" missed="0" covered="1"/></method><method name="sanitizeName" desc="(Ljava/lang/String;)Ljava/lang/String;" line="156"><counter type="INSTRUCTION" missed="0" covered="8"/><counter type="LINE" missed="0" covered="1"/><counter type="COMPLEXITY" missed="0" covered="1"/><counter type="METHOD" missed="0" covered="1"/></method><method name="escapeValue" desc="(Ljava/lang/String;)Ljava/lang/String;" line="160"><counter type="INSTRUCTION" missed="0" covered="11"/><counter type="LINE" missed="0" covered="1"/><counter type="COMPLEXITY" missed="0" covered="1"/><counter type="METHOD" missed="0" covered="1"/></method><method name="formatValue" desc="(Ljava/lang/Number;)Ljava/lang/String;" line="164"><counter type="INSTRUCTION" missed="0" covered="30"/><counter type="BRANCH" missed="0" covered="4"/><counter type="LINE" missed="0" covered="6"/><counter type="COMPLEXITY" missed="0" covered="3"/><counter type="METHOD" missed="0" covered="1"/></method><method name="lambda$writeLabelPairs$0" desc="([ZLjava/lang/StringBuilder;Lio/opentelemetry/api/common/AttributeKey;Ljava/lang/Object;)V" line="144"><counter type="INSTRUCTION" missed="0" covered="27"/><counter type="BRANCH" missed="0" covered="2"/><counter type="LINE" missed="0" covered="8"/><counter type="COMPLEXITY" missed="0" covered="2"/><counter type="METHOD" missed="0" covered="1"/></method><counter type="INSTRUCTION" missed="90" covered="350"/><counter type="BRANCH" missed="14" covered="26"/><counter type="LINE" missed="17" covered="75"/><counter type="COMPLEXITY" missed="10" covered="22"/><counter type="METHOD" missed="0" covered="10"/><counter type="CLASS" missed="0" covered="1"/></class><class name="io/ikanos/engine/observability/RestletHeaderSetter" sourcefilename="RestletHeaderSetter.java"><method name="&lt;init&gt;" desc="()V" line="26"><counter type="INSTRUCTION" missed="0" covered="3"/><counter type="LINE" missed="0" covered="1"/><counter type="COMPLEXITY" missed="0" covered="1"/><counter type="METHOD" missed="0" covered="1"/></method><method name="set" desc="(Lorg/restlet/Request;Ljava/lang/String;Ljava/lang/String;)V" line="32"><counter type="INSTRUCTION" missed="0" covered="13"/><counter type="BRANCH" missed="0" covered="6"/><counter type="LINE" missed="0" covered="3"/><counter type="COMPLEXITY" missed="0" covered="4"/><counter type="METHOD" missed="0" covered="1"/></method><method name="&lt;clinit&gt;" desc="()V" line="28"><counter type="INSTRUCTION" missed="0" covered="5"/><counter type="LINE" missed="0" covered="1"/><counter type="COMPLEXITY" missed="0" covered="1"/><counter type="METHOD" missed="0" covered="1"/></method><counter type="INSTRUCTION" missed="0" covered="21"/><counter type="BRANCH" missed="0" covered="6"/><counter type="LINE" missed="0" covered="5"/><counter type="COMPLEXITY" missed="0" covered="6"/><counter type="METHOD" missed="0" covered="3"/><counter type="CLASS" missed="0" covered="1"/></class><class name="io/ikanos/engine/observability/EngineMetrics" sourcefilename="EngineMetrics.java"><method name="&lt;init&gt;" desc="(Lio/opentelemetry/api/metrics/Meter;Z)V" line="41"><counter type="INSTRUCTION" missed="0" covered="68"/><counter type="LINE" missed="0" covered="27"/><counter type="COMPLEXITY" missed="0" covered="1"/><counter type="METHOD" missed="0" covered="1"/></method><method name="recordRequest" desc="(Ljava/lang/String;Ljava/lang/String;Ljava/lang/String;D)V" line="79"><counter type="INSTRUCTION" missed="0" covered="24"/><counter type="BRANCH" missed="0" covered="2"/><counter type="LINE" missed="0" covered="6"/><counter type="COMPLEXITY" missed="0" covered="2"/><counter type="METHOD" missed="0" covered="1"/></method><method name="recordRequestError" desc="(Ljava/lang/String;Ljava/lang/String;Ljava/lang/String;)V" line="92"><counter type="INSTRUCTION" missed="0" covered="19"/><counter type="BRANCH" missed="0" covered="2"/><counter type="LINE" missed="0" covered="5"/><counter type="COMPLEXITY" missed="0" covered="2"/><counter type="METHOD" missed="0" covered="1"/></method><method name="recordStep" desc="(Ljava/lang/String;Ljava/lang/String;D)V" line="104"><counter type="INSTRUCTION" missed="1" covered="20"/><counter type="BRANCH" missed="1" covered="3"/><counter type="LINE" missed="0" covered="6"/><counter type="COMPLEXITY" missed="1" covered="2"/><counter type="METHOD" missed="0" covered="1"/></method><method name="recordHttpClient" desc="(Ljava/lang/String;Ljava/lang/String;ID)V" line="121"><counter type="INSTRUCTION" missed="0" covered="43"/><counter type="BRANCH" missed="0" covered="4"/><counter type="LINE" missed="0" covered="11"/><counter type="COMPLEXITY" missed="0" covered="3"/><counter type="METHOD" missed="0" covered="1"/></method><method name="capabilityStarted" desc="(Ljava/lang/String;)V" line="140"><counter type="INSTRUCTION" missed="1" covered="13"/><counter type="BRANCH" missed="1" covered="1"/><counter type="LINE" missed="0" covered="4"/><counter type="COMPLEXITY" missed="1" covered="1"/><counter type="METHOD" missed="0" covered="1"/></method><method name="capabilityStopped" desc="(Ljava/lang/String;)V" line="150"><counter type="INSTRUCTION" missed="0" covered="14"/><counter type="BRANCH" missed="0" covered="2"/><counter type="LINE" missed="0" covered="4"/><counter type="COMPLEXITY" missed="0" covered="2"/><counter type="METHOD" missed="0" covered="1"/></method><counter type="INSTRUCTION" missed="2" covered="201"/><counter type="BRANCH" missed="2" covered="14"/><counter type="LINE" missed="0" covered="63"/><counter type="COMPLEXITY" missed="2" covered="13"/><counter type="METHOD" missed="0" covered="7"/><counter type="CLASS" missed="0" covered="1"/></class><class name="io/ikanos/engine/observability/DelegatingSpanProcessor" sourcefilename="DelegatingSpanProcessor.java"><method name="&lt;init&gt;" desc="()V" line="32"><counter type="INSTRUCTION" missed="0" covered="3"/><counter type="LINE" missed="0" covered="1"/><counter type="COMPLEXITY" missed="0" covered="1"/><counter type="METHOD" missed="0" covered="1"/></method><method name="onStart" desc="(Lio/opentelemetry/context/Context;Lio/opentelemetry/sdk/trace/ReadWriteSpan;)V" line="39"><counter type="INSTRUCTION" missed="10" covered="0"/><counter type="BRANCH" missed="2" covered="0"/><counter type="LINE" missed="4" covered="0"/><counter type="COMPLEXITY" missed="2" covered="0"/><counter type="METHOD" missed="1" covered="0"/></method><method name="isStartRequired" desc="()Z" line="47"><counter type="INSTRUCTION" missed="2" covered="10"/><counter type="BRANCH" missed="1" covered="3"/><counter type="LINE" missed="0" covered="2"/><counter type="COMPLEXITY" missed="1" covered="2"/><counter type="METHOD" missed="0" covered="1"/></method><method name="onEnd" desc="(Lio/opentelemetry/sdk/trace/ReadableSpan;)V" line="54"><counter type="INSTRUCTION" missed="0" covered="9"/><counter type="BRANCH" missed="0" covered="2"/><counter type="LINE" missed="0" covered="4"/><counter type="COMPLEXITY" missed="0" covered="2"/><counter type="METHOD" missed="0" covered="1"/></method><method name="isEndRequired" desc="()Z" line="62"><counter type="INSTRUCTION" missed="0" covered="2"/><counter type="LINE" missed="0" covered="1"/><counter type="COMPLEXITY" missed="0" covered="1"/><counter type="METHOD" missed="0" covered="1"/></method><method name="shutdown" desc="()Lio/opentelemetry/sdk/common/CompletableResultCode;" line="67"><counter type="INSTRUCTION" missed="0" covered="10"/><counter type="BRANCH" missed="0" covered="2"/><counter type="LINE" missed="0" covered="4"/><counter type="COMPLEXITY" missed="0" covered="2"/><counter type="METHOD" missed="0" covered="1"/></method><method name="forceFlush" desc="()Lio/opentelemetry/sdk/common/CompletableResultCode;" line="76"><counter type="INSTRUCTION" missed="3" covered="7"/><counter type="BRANCH" missed="1" covered="1"/><counter type="LINE" missed="1" covered="3"/><counter type="COMPLEXITY" missed="1" covered="1"/><counter type="METHOD" missed="0" covered="1"/></method><method name="setDelegate" desc="(Lio/opentelemetry/sdk/trace/SpanProcessor;)V" line="84"><counter type="INSTRUCTION" missed="0" covered="4"/><counter type="LINE" missed="0" covered="2"/><counter type="COMPLEXITY" missed="0" covered="1"/><counter type="METHOD" missed="0" covered="1"/></method><method name="getDelegate" desc="()Lio/opentelemetry/sdk/trace/SpanProcessor;" line="88"><counter type="INSTRUCTION" missed="0" covered="3"/><counter type="LINE" missed="0" covered="1"/><counter type="COMPLEXITY" missed="0" covered="1"/><counter type="METHOD" missed="0" covered="1"/></method><counter type="INSTRUCTION" missed="15" covered="48"/><counter type="BRANCH" missed="4" covered="8"/><counter type="LINE" missed="5" covered="18"/><counter type="COMPLEXITY" missed="4" covered="11"/><counter type="METHOD" missed="1" covered="8"/><counter type="CLASS" missed="0" covered="1"/></class><class name="io/ikanos/engine/observability/RestletHeaderGetter" sourcefilename="RestletHeaderGetter.java"><method name="&lt;init&gt;" desc="()V" line="27"><counter type="INSTRUCTION" missed="0" covered="3"/><counter type="LINE" missed="0" covered="1"/><counter type="COMPLEXITY" missed="0" covered="1"/><counter type="METHOD" missed="0" covered="1"/></method><method name="keys" desc="(Lorg/restlet/Request;)Ljava/lang/Iterable;" line="33"><counter type="INSTRUCTION" missed="0" covered="11"/><counter type="BRANCH" missed="1" covered="3"/><counter type="LINE" missed="0" covered="3"/><counter type="COMPLEXITY" missed="1" covered="2"/><counter type="METHOD" missed="0" covered="1"/></method><method name="get" desc="(Lorg/restlet/Request;Ljava/lang/String;)Ljava/lang/String;" line="42"><counter type="INSTRUCTION" missed="0" covered="15"/><counter type="BRANCH" missed="1" covered="5"/><counter type="LINE" missed="0" covered="3"/><counter type="COMPLEXITY" missed="1" covered="3"/><counter type="METHOD" missed="0" covered="1"/></method><method name="&lt;clinit&gt;" desc="()V" line="29"><counter type="INSTRUCTION" missed="0" covered="5"/><counter type="LINE" missed="0" covered="1"/><counter type="COMPLEXITY" missed="0" covered="1"/><counter type="METHOD" missed="0" covered="1"/></method><counter type="INSTRUCTION" missed="0" covered="34"/><counter type="BRANCH" missed="2" covered="8"/><counter type="LINE" missed="0" covered="8"/><counter type="COMPLEXITY" missed="2" covered="7"/><counter type="METHOD" missed="0" covered="4"/><counter type="CLASS" missed="0" covered="1"/></class><sourcefile name="RestletHeaderSetter.java"><line nr="26" mi="0" ci="3" mb="0" cb="0"/><line nr="28" mi="0" ci="5" mb="0" cb="0"/><line nr="32" mi="0" ci="6" mb="0" cb="6"/><line nr="33" mi="0" ci="6" mb="0" cb="0"/><line nr="35" mi="0" ci="1" mb="0" cb="0"/><counter type="INSTRUCTION" missed="0" covered="21"/><counter type="BRANCH" missed="0" covered="6"/><counter type="LINE" missed="0" covered="5"/><counter type="COMPLEXITY" missed="0" covered="6"/><counter type="METHOD" missed="0" covered="3"/><counter type="CLASS" missed="0" covered="1"/></sourcefile><sourcefile name="EngineMetrics.java"><line nr="41" mi="0" ci="2" mb="0" cb="0"/><line nr="42" mi="0" ci="3" mb="0" cb="0"/><line nr="43" mi="0" ci="5" mb="0" cb="0"/><line nr="44" mi="0" ci="1" mb="0" cb="0"/><line nr="45" mi="0" ci="2" mb="0" cb="0"/><line nr="47" mi="0" ci="5" mb="0" cb="0"/><line nr="48" mi="0" ci="2" mb="0" cb="0"/><line nr="49" mi="0" ci="1" mb="0" cb="0"/><line nr="50" mi="0" ci="2" mb="0" cb="0"/><line nr="52" mi="0" ci="5" mb="0" cb="0"/><line nr="53" mi="0" ci="1" mb="0" cb="0"/><line nr="54" mi="0" ci="2" mb="0" cb="0"/><line nr="56" mi="0" ci="5" mb="0" cb="0"/><line nr="57" mi="0" ci="2" mb="0" cb="0"/><line nr="58" mi="0" ci="1" mb="0" cb="0"/><line nr="59" mi="0" ci="2" mb="0" cb="0"/><line nr="61" mi="0" ci="5" mb="0" cb="0"/><line nr="62" mi="0" ci="1" mb="0" cb="0"/><line nr="63" mi="0" ci="2" mb="0" cb="0"/><line nr="65" mi="0" ci="5" mb="0" cb="0"/><line nr="66" mi="0" ci="2" mb="0" cb="0"/><line nr="67" mi="0" ci="1" mb="0" cb="0"/><line nr="68" mi="0" ci="2" mb="0" cb="0"/><line nr="70" mi="0" ci="5" mb="0" cb="0"/><line nr="71" mi="0" ci="1" mb="0" cb="0"/><line nr="72" mi="0" ci="2" mb="0" cb="0"/><line nr="73" mi="0" ci="1" mb="0" cb="0"/><line nr="79" mi="0" ci="4" mb="0" cb="2"/><line nr="80" mi="0" ci="7" mb="0" cb="0"/><line nr="83" 
[...]
od name="handleFromOperationSpec" desc="(Lorg/restlet/Request;Lorg/restlet/Response;)Z" line="119"><counter type="INSTRUCTION" missed="125" covered="130"/><counter type="BRANCH" missed="8" covered="16"/><counter type="LINE" missed="40" covered="37"/><counter type="COMPLEXITY" missed="7" covered="6"/><counter type="METHOD" missed="0" covered="1"/></method><method name="executeViaAggregate" desc="(Lio/ikanos/spec/exposes/rest/RestServerOperationSpec;Lorg/restlet/Request;Lorg/restlet/Response;Ljava/util/Map;)Z" line="242"><counter type="INSTRUCTION" missed="79" covered="36"/><counter type="BRANCH" missed="6" covered="2"/><counter type="LINE" missed="23" covered="11"/><counter type="COMPLEXITY" missed="4" covered="1"/><counter type="METHOD" missed="0" covered="1"/></method><method name="canBuildMockResponse" desc="(Lio/ikanos/spec/exposes/rest/RestServerOperationSpec;)Z" line="296"><counter type="INSTRUCTION" missed="15" covered="49"/><counter type="BRANCH" missed="10" covered="10"/><counter type="LINE" missed="5" covered="9"/><counter type="COMPLEXITY" missed="8" covered="3"/><counter type="METHOD" missed="0" covered="1"/></method><method name="hasStaticValue" desc="(Lio/ikanos/spec/OutputParameterSpec;)Z" line="326"><counter type="INSTRUCTION" missed="34" covered="7"/><counter type="BRANCH" missed="10" covered="2"/><counter type="LINE" missed="9" covered="3"/><counter type="COMPLEXITY" missed="6" covered="1"/><counter type="METHOD" missed="0" covered="1"/></method><method name="sendMockResponse" desc="(Lio/ikanos/spec/exposes/rest/RestServerOperationSpec;Lorg/restlet/Response;Ljava/util/Map;)V" line="355"><counter type="INSTRUCTION" missed="18" covered="27"/><counter type="BRANCH" missed="1" covered="1"/><counter type="LINE" missed="5" covered="9"/><counter type="COMPLEXITY" missed="1" covered="1"/><counter type="METHOD" missed="0" covered="1"/></method><method name="sendResponse" desc="(Lio/ikanos/spec/exposes/rest/RestServerOperationSpec;Lorg/restlet/Response;Lio/ikanos/engine/util/OperationStepExecutor$HandlingContext;)V" line="382"><counter type="INSTRUCTION" missed="5" covered="44"/><counter type="BRANCH" missed="2" covered="4"/><counter type="LINE" missed="1" covered="12"/><counter type="COMPLEXITY" missed="2" covered="2"/><counter type="METHOD" missed="0" covered="1"/></method><method name="handleFromForwardSpec" desc="(Lorg/restlet/Request;Lorg/restlet/Response;)Z" line="410"><counter type="INSTRUCTION" missed="22" covered="111"/><counter type="BRANCH" missed="5" covered="5"/><counter type="LINE" missed="8" covered="25"/><counter type="COMPLEXITY" missed="5" covered="1"/><counter type="METHOD" missed="0" covered="1"/></method><method name="copyTrustedHeaders" desc="(Lorg/restlet/Request;Lorg/restlet/Request;Ljava/lang/Iterable;)V" line="469"><counter type="INSTRUCTION" missed="0" covered="29"/><counter type="BRANCH" missed="0" covered="6"/><counter type="LINE" missed="0" covered="8"/><counter type="COMPLEXITY" missed="0" covered="4"/><counter type="METHOD" missed="0" covered="1"/></method><method name="mapOutputParameters" desc="(Lio/ikanos/spec/exposes/rest/RestServerOperationSpec;Lio/ikanos/engine/util/OperationStepExecutor$HandlingContext;)Ljava/lang/String;" line="491"><counter type="INSTRUCTION" missed="3" covered="71"/><counter type="BRANCH" missed="5" covered="13"/><counter type="LINE" missed="2" covered="15"/><counter type="COMPLEXITY" missed="5" covered="5"/><counter type="METHOD" missed="0" covered="1"/></method><method name="inOrDefault" desc="(Lio/ikanos/spec/OutputParameterSpec;)Ljava/lang/String;" line="521"><counter type="INSTRUCTION" missed="0" covered="13"/><counter type="BRANCH" missed="0" covered="4"/><counter type="LINE" missed="0" covered="4"/><counter type="COMPLEXITY" missed="0" covered="3"/><counter type="METHOD" missed="0" covered="1"/></method><method name="getCapability" desc="()Lio/ikanos/Capability;" line="528"><counter type="INSTRUCTION" missed="0" covered="3"/><counter type="LINE" missed="0" covered="1"/><counter type="COMPLEXITY" missed="0" covered="1"/><counter type="METHOD" missed="0" covered="1"/></method><method name="getServerSpec" desc="()Lio/ikanos/spec/exposes/rest/RestServerSpec;" line="532"><counter type="INSTRUCTION" missed="0" covered="3"/><counter type="LINE" missed="0" covered="1"/><counter type="COMPLEXITY" missed="0" covered="1"/><counter type="METHOD" missed="0" covered="1"/></method><method name="getResourceSpec" desc="()Lio/ikanos/spec/exposes/rest/RestServerResourceSpec;" line="536"><counter type="INSTRUCTION" missed="0" covered="3"/><counter type="LINE" missed="0" covered="1"/><counter type="COMPLEXITY" missed="0" covered="1"/><counter type="METHOD" missed="0" covered="1"/></method><counter type="INSTRUCTION" missed="320" covered="650"/><counter type="BRANCH" missed="49" covered="73"/><counter type="LINE" missed="99" covered="168"/><counter type="COMPLEXITY" missed="40" covered="36"/><counter type="METHOD" missed="0" covered="15"/><counter type="CLASS" missed="0" covered="1"/></class><class name="io/ikanos/engine/exposes/rest/RestServerAdapter" sourcefilename="RestServerAdapter.java"><method name="&lt;init&gt;" desc="(Lio/ikanos/Capability;Lio/ikanos/spec/exposes/rest/RestServerSpec;)V" line="34"><counter type="INSTRUCTION" missed="0" covered="60"/><counter type="BRANCH" missed="0" covered="2"/><counter type="LINE" missed="0" covered="11"/><counter type="COMPLEXITY" missed="0" covered="2"/><counter type="METHOD" missed="0" covered="1"/></method><method name="getRestServerSpec" desc="()Lio/ikanos/spec/exposes/rest/RestServerSpec;" line="49"><counter type="INSTRUCTION" missed="0" covered="4"/><counter type="LINE" missed="0" covered="1"/><counter type="COMPLEXITY" missed="0" covered="1"/><counter type="METHOD" missed="0" covered="1"/></method><method name="getRouter" desc="()Lorg/restlet/routing/Router;" line="53"><counter type="INSTRUCTION" missed="0" covered="3"/><counter type="LINE" missed="0" covered="1"/><counter type="COMPLEXITY" missed="0" covered="1"/><counter type="METHOD" missed="0" covered="1"/></method><counter type="INSTRUCTION" missed="0" covered="67"/><counter type="BRANCH" missed="0" covered="2"/><counter type="LINE" missed="0" covered="13"/><counter type="COMPLEXITY" missed="0" covered="4"/><counter type="METHOD" missed="0" covered="3"/><counter type="CLASS" missed="0" covered="1"/></class><sourcefile name="RestServerAdapter.java"><line nr="34" mi="0" ci="4" mb="0" cb="0"/><line nr="35" mi="0" ci="5" mb="0" cb="0"/><line nr="37" mi="0" ci="12" mb="0" cb="2"/><line nr="38" mi="0" ci="4" mb="0" cb="0"/><line nr="39" mi="0" ci="7" mb="0" cb="0"/><line nr="40" mi="0" ci="6" mb="0" cb="0"/><line nr="41" mi="0" ci="10" mb="0" cb="0"/><line nr="42" mi="0" ci="1" mb="0" cb="0"/><line nr="44" mi="0" ci="9" mb="0" cb="0"/><line nr="45" mi="0" ci="1" mb="0" cb="0"/><line nr="46" mi="0" ci="1" mb="0" cb="0"/><line nr="49" mi="0" ci="4" mb="0" cb="0"/><line nr="53" mi="0" ci="3" mb="0" cb="0"/><counter type="INSTRUCTION" missed="0" covered="67"/><counter type="BRANCH" missed="0" covered="2"/><counter type="LINE" missed="0" covered="13"/><counter type="COMPLEXITY" missed="0" covered="4"/><counter type="METHOD" missed="0" covered="3"/><counter type="CLASS" missed="0" covered="1"/></sourcefile><sourcefile name="ResourceRestlet.java"><line nr="57" mi="0" ci="2" mb="0" cb="0"/><line nr="58" mi="0" ci="3" mb="0" cb="0"/><line nr="59" mi="0" ci="3" mb="0" cb="0"/><line nr="60" mi="0" ci="3" mb="0" cb="0"/><line nr="61" mi="0" ci="8" mb="0" cb="0"/><line nr="62" mi="0" ci="1" mb="0" cb="0"/><line nr="68" mi="0" ci="2" mb="0" cb="0"/><line nr="69" mi="0" ci="4" mb="0" cb="0"/><line nr="70" mi="0" ci="1" mb="0" cb="0"/><line nr="71" mi="0" ci="2" mb="0" cb="0"/><line nr="72" mi="0" ci="4" mb="0" cb="0"/><line nr="75" mi="0" ci="8" mb="0" cb="0"/><line nr="76" mi="0" ci="5" mb="0" cb="2"/><line nr="77" mi="0" ci="8" mb="0" cb="0"/><line nr="78" mi="0" ci="7" mb="0" cb="0"/><line nr="79" mi="0" ci="3" mb="0" cb="0"/><line nr="81" mi="0" ci="2" mb="0" cb="0"/><line nr="82" mi="0" ci="2" mb="0" cb="0"/><line nr="83" mi="0" ci="3" mb="0" cb="0"/><line nr="84" mi="0" ci="5" mb="0" cb="0"/><line nr="86" mi="0" ci="6" mb="0" cb="4"/><line nr="87" mi="0" ci="5" mb="0" cb="0"/><line nr="90" mi="0" ci="2" mb="0" cb="2"/><line nr="91" mi="0" ci="3" mb="0" cb="0"/><line nr="92" mi="0" ci="4" mb="0" cb="0"/><line nr="96" mi="1" ci="0" mb="0" cb="0"/><line nr="97" mi="2" ci="0" mb="0" cb="0"/><line nr="98" mi="3" ci="0" mb="0" cb="0"/><line nr="99" mi="6" ci="0" mb="0" cb="0"/><line nr="100" mi="2" ci="0" mb="0" cb="0"/><line nr="101" mi="2" ci="0" mb="0" cb="0"/><line nr="103" mi="0" ci="7" mb="0" cb="0"/><line nr="104" mi="2" ci="2" mb="1" cb="1"/><line nr="105" mi="0" ci="3" mb="1" cb="1"/><line nr="106" mi="1" ci="6" mb="0" cb="0"/><line nr="107" mi="0" ci="7" mb="0" cb="0"/><line nr="108" mi="0" ci="2" mb="0" cb="0"/><line nr="110" mi="0" ci="1" mb="0" cb="0"/><line nr="119" mi="0" ci="2" mb="0" cb="0"/><line nr="121" mi="0" ci="12" mb="0" cb="2"/><line nr="123" mi="0" ci="7" mb="0" cb="2"/><line nr="126" mi="0" ci="4" mb="0" cb="0"/><line nr="127" mi="0" ci="4" mb="0" cb="0"/><line nr="128" mi="0" ci="2" mb="0" cb="0"/><line nr="131" mi="0" ci="5" mb="0" cb="0"/><line nr="132" mi="0" ci="2" mb="0" cb="0"/><line nr="135" mi="0" ci="3" mb="0" cb="2"/><line nr="136" mi="0" ci="7" mb="0" cb="0"/><line nr="139" mi="0" ci="3" mb="0" cb="2"/><line nr="141" mi="0" ci="7" mb="0" cb="0"/><line nr="143" mi="1" ci="0" mb="0" cb="0"/><line nr="144" mi="5" ci="0" mb="0" cb="0"/><line nr="145" mi="3" ci="0" mb="0" cb="0"/><line nr="146" mi="6" ci="0" mb="0" cb="0"/><line nr="148" mi="2" ci="0" mb="0" cb="0"/><line nr="149" mi="0" ci="1" mb="0" cb="0"/><line nr="151" mi="0" ci="2" mb="0" cb="2"/><line nr="154" mi="0" ci="2" mb="0" cb="0"/><line nr="155" mi="0" ci="5" mb="0" cb="0"/><line nr="156" mi="1" ci="0" mb="0" cb="0"/><line nr="157" mi="5" ci="0" mb="0" cb="0"/><line nr="158" mi="3" ci="0" mb="0" cb="0"/><line nr="159" mi="3" ci="0" mb="0" cb="0"/><line nr="160" mi="3" ci="0" mb="0" cb="0"/><line nr="162" mi="2" ci="0" mb="0" cb="0"/><line nr="163" mi="0" ci="1" mb="0" cb="0"/><line nr="165" mi="0" ci="5" mb="0" cb="0"/><line nr="166" mi="0" ci="2" mb="0" cb="0"/><line nr="167" mi="0" ci="4" mb="1" cb="1"/><line nr="169" mi="5" ci="0" mb="0" cb="0"/><line nr="170" mi="2" ci="0" mb="0" cb="0"/><line nr="172" mi="0" ci="3" mb="0" cb="0"/><line nr="173" mi="0" ci="2" mb="0" cb="0"/><line nr="174" mi="0" ci="7" mb="1" cb="1"/><line nr="175" mi="1" ci="2" mb="0" cb="0"/><line nr="177" mi="0" ci="2" mb="0" cb="0"/><line nr="182" mi="0" ci="3" mb="0" cb="0"/><line nr="183" mi="0" ci="4" mb="0" cb="0"/><line nr="184" mi="0" ci="3" mb="0" cb="0"/><line nr="187" mi="0" ci="4" mb="1" cb="1"/><line nr="188" mi="0" ci="3" mb="1" cb="1"/><line nr="189" mi="5" ci="0" mb="0" cb="0"/><line nr="190" mi="3" ci="0" mb="0" cb="0"/><line nr="191" mi="2" ci="0" mb="2" cb="0"/><line nr="192" mi="3" ci="0" mb="0" cb="0"/><line nr="193" mi="4" ci="0" mb="0" cb="0"/><line nr="194" mi="2" ci="0" mb="0" cb="0"/><line nr="195" mi="2" ci="0" mb="0" cb="0"/><line nr="198" mi="1" ci="0" mb="0" cb="0"/><line nr="199" mi="5" ci="0" mb="0" cb="0"/><line nr="200" mi="3" ci="0" mb="0" cb="0"/><line nr="201" mi="5" ci="0" mb="0" cb="0"/><line nr="202" mi="2" ci="0" mb="0" cb="0"/><line nr="203" mi="1" ci="0" mb="0" cb="0"/><line nr="204" mi="5" ci="0" mb="0" cb="0"/><line nr="205" mi="3" ci="0" mb="0" cb="0"/><line nr="206" mi="3" ci="0" mb="0" cb="0"/><line nr="207" mi="3" ci="0" mb="0" cb="0"/><line nr="209" mi="2" ci="0" mb="0" cb="0"/><line nr="210" mi="1" ci="0" mb="0" cb="0"/><line nr="211" mi="5" ci="0" mb="0" cb="0"/><line nr="212" mi="3" ci="0" mb="0" cb="0"/><line nr="213" mi="3" ci="0" mb="0" cb="0"/><line nr="214" mi="3" ci="0" mb="0" cb="0"/><line nr="216" mi="2" ci="0" mb="0" cb="0"/><line nr="217" mi="0" ci="1" mb="0" cb="0"/><line nr="219" mi="0" ci="2" mb="1" cb="1"/><line nr="221" mi="5" ci="0" mb="0" cb="0"/><line nr="222" mi="5" ci="0" mb="0" cb="0"/><line nr="223" mi="2" ci="0" mb="0" cb="0"/><line nr="224" mi="0" ci="4" mb="1" cb="1"/><line nr="226" mi="0" ci="5" mb="0" cb="0"/><line nr="227" mi="0" ci="2" mb="0" cb="0"/><line nr="231" mi="0" ci="1" mb="0" cb="0"/><line nr="233" mi="0" ci="2" mb="0" cb="0"/><line nr="242" mi="0" ci="6" mb="0" cb="0"/><line nr="243" mi="0" ci="4" mb="0" cb="0"/><line nr="245" mi="0" ci="3" mb="1" cb="1"/><line nr="246" mi="0" ci="4" mb="0" cb="0"/><line nr="247" mi="0" ci="3" mb="1" cb="1"/><line nr="248" mi="0" ci="3" mb="0" cb="0"/><line nr="249" mi="0" ci="4" mb="0" cb="0"/><line nr="250" mi="0" ci="3" mb="0" cb="0"/><line nr="251" mi="0" ci="2" mb="0" cb="0"/><line nr="254" mi="3" ci="0" mb="0" cb="0"/><line nr="256" mi="0" ci="2" mb="0" cb="0"/><line nr="257" mi="0" ci="2" mb="0" cb="0"/><line nr="260" mi="3" ci="0" mb="2" cb="0"/><line nr="261" mi="3" ci="0" mb="0" cb="0"/><line nr="262" mi="5" ci="0" mb="0" cb="0"/><line nr="263" mi="2" ci="0" mb="0" cb="0"/><line nr="264" mi="2" ci="0" mb="0" cb="0"/><line nr="267" mi="3" ci="0" mb="2" cb="0"/><line nr="268" mi="6" ci="0" mb="0" cb="0"/><line nr="269" mi="6" ci="0" mb="0" cb="0"/><line nr="270" mi="2" ci="0" mb="0" cb="0"/><line nr="273" mi="3" ci="0" mb="0" cb="0"/><line nr="274" mi="6" ci="0" mb="0" cb="0"/><line nr="276" mi="2" ci="0" mb="0" cb="0"/><line nr="277" mi="1" ci="0" mb="0" cb="0"/><line nr="278" mi="5" ci="0" mb="0" cb="0"/><line nr="279" mi="3" ci="0" mb="0" cb="0"/><line nr="280" mi="5" ci="0" mb="0" cb="0"/><line nr="281" mi="2" ci="0" mb="0" cb="0"/><line nr="282" mi="1" ci="0" mb="0" cb="0"/><line nr="283" mi="5" ci="0" mb="0" cb="0"/><line nr="284" mi="3" ci="0" mb="0" cb="0"/><line nr="285" mi="6" ci="0" mb="0" cb="0"/><line nr="287" mi="2" ci="0" mb="0" cb="0"/><line nr="296" mi="0" ci="7" mb="1" cb="3"/><line nr="297" mi="0" ci="2" mb="0" cb="0"/><line nr="301" mi="0" ci="11" mb="1" cb="1"/><line nr="302" mi="0" ci="3" mb="0" cb="2"/><line nr="303" mi="0" ci="2" mb="0" cb="0"/><line nr="306" mi="0" ci="7" mb="2" cb="2"/><line nr="307" mi="0" ci="11" mb="1" cb="1"/><line nr="308" mi="0" ci="4" mb="1" cb="1"/><line nr="309" mi="0" ci="2" mb="0" cb="0"/><line nr="311" mi="1" ci="0" mb="0" cb="0"/><line nr="314" mi="9" ci="0" mb="4" cb="0"/><line nr="315" mi="2" ci="0" mb="0" cb="0"/><line nr="317" mi="1" ci="0" mb="0" cb="0"/><line nr="319" mi="2" ci="0" mb="0" cb="0"/><line nr="326" mi="0" ci="2" mb="1" cb="1"/><line nr="327" mi="2" ci="0" mb="0" cb="0"/><line nr="330" mi="0" ci="3" mb="1" cb="1"/><line nr="331" mi="0" ci="2" mb="0" cb="0"/><line nr="334" mi="3" ci="0" mb="2" cb="0"/><line nr="335" mi="11" ci="0" mb="2" cb="0"/><line nr="336" mi="4" ci="0" mb="2" cb="0"/><line nr="337" mi="2" ci="0" mb="0" cb="0"/><line nr="339" mi="1" ci="0" mb="0" cb="0"/><line nr="342" mi="3" ci="0" mb="2" cb="0"/><line nr="343" mi="6" ci="0" mb="0" cb="0"/><line nr="346" mi="2" ci="0" mb="0" cb="0"/><line nr="355" mi="0" ci="4" mb="0" cb="0"/><line nr="358" mi="0" ci="6" mb="0" cb="0"/><line nr="361" mi="0" ci="2" mb="1" cb="1"/><line nr="362" mi="0" ci="3" mb="0" cb="0"/><line nr="363" mi="0" ci="4" mb="0" cb="0"/><line nr="364" mi="0" ci="4" mb="0" cb="0"/><line nr="367" mi="3" ci="0" mb="0" cb="0"/><line nr="369" mi="1" ci="0" mb="0" cb="0"/><line nr="370" mi="5" ci="0" mb="0" cb="0"/><line nr="371" mi="3" ci="0" mb="0" cb="0"/><line nr="372" mi="6" ci="0" mb="0" cb="0"/><line nr="374" mi="0" ci="1" mb="0" cb="0"/><line nr="376" mi="0" ci="2" mb="0" cb="0"/><line nr="377" mi="0" ci="1" mb="0" cb="0"/><line nr="382" mi="0" ci="7" mb="1" cb="3"/><line nr="384" mi="0" ci="5" mb="0" cb="0"/><line nr="386" mi="0" ci="2" mb="1" cb="1"/><line nr="387" mi="0" ci="5" mb="0" cb="0"/><line nr="389" mi="5" ci="0" mb="0" cb="0"/><line nr="391" mi="0" ci="1" mb="0" cb="0"/><line nr="392" mi="0" ci="5" mb="0" cb="0"/><line nr="393" mi="0" ci="3" mb="0" cb="0"/><line nr="394" mi="0" ci="6" mb="0" cb="0"/><line nr="396" mi="0" ci="2" mb="0" cb="0"/><line nr="398" mi="0" ci="5" mb="0" cb="0"/><line nr="401" mi="0" ci="2" mb="0" cb="0"/><line nr="402" mi="0" ci="1" mb="0" cb="0"/><line nr="410" mi="0" ci="12" mb="1" cb="1"/><line nr="411" mi="0" ci="3" mb="1" cb="1"/><line nr="412" mi="0" ci="3" mb="0" cb="0"/><line nr="413" mi="0" ci="4" mb="0" cb="0"/><line nr="415" mi="0" ci="4" mb="0" cb="0"/><line nr="416" mi="0" ci="3" mb="1" cb="1"/><line nr="419" mi="0" ci="6" mb="0" cb="0"/><line nr="420" mi="2" ci="8" mb="2" cb="2"/><line nr="421" mi="0" ci="6" mb="0" cb="0"/><line nr="423" mi="0" ci="7" mb="0" cb="0"/><line nr="424" mi="0" ci="4" mb="0" cb="0"/><line nr="427" mi="0" ci="5" mb="0" cb="0"/><line nr="428" mi="0" ci="3" mb="0" cb="0"/><line nr="431" mi="0" ci="4" mb="0" cb="0"/><line nr="435" mi="0" ci="3" mb="0" cb="0"/><line nr="436" mi="0" ci="3" mb="0" cb="0"/><line nr="439" mi="0" ci="5" mb="0" cb="0"/><line nr="440" mi="0" ci="5" mb="0" cb="0"/><line nr="441" mi="0" ci="3" mb="0" cb="0"/><line nr="442" mi="0" ci="3" mb="0" cb="0"/><line nr="445" mi="0" ci="5" mb="0" cb="0"/><line nr="446" mi="0" ci="4" mb="0" cb="0"/><line nr="447" mi="0" ci="4" mb="0" cb="0"/><line nr="448" mi="0" ci="2" mb="0" cb="0"/><line nr="449" mi="0" ci="2" mb="0" cb="0"/><line nr="450" mi="1" ci="0" mb="0" cb="0"/><line nr="451" mi="5" ci="0" mb="0" cb="0"/><line nr="452" mi="3" ci="0" mb="0" cb="0"/><line nr="453" mi="3" ci="0" mb="0" cb="0"/><line nr="454" mi="3" ci="0" mb="0" cb="0"/><line nr="456" mi="2" ci="0" mb="0" cb="0"/><line nr="460" mi="1" ci="0" mb="0" cb="0"/><line nr="462" mi="2" ci="0" mb="0" cb="0"/><line nr="469" mi="0" ci="2" mb="0" cb="2"/><line nr="470" mi="0" ci="1" mb="0" cb="0"/><line nr="473" mi="0" ci="10" mb="0" cb="2"/><line nr="474" mi="0" ci="6" mb="0" cb="0"/><line nr="476" mi="0" ci="2" mb="0" cb="2"/><line nr="477" mi="0" ci="6" mb="0" cb="0"/><line nr="479" mi="0" ci="1" mb="0" cb="0"/><line nr="480" mi="0" ci="1" mb="0" cb="0"/><line nr="491" mi="0" ci="7" mb="1" cb="3"/><line nr="492" mi="0" ci="2" mb="0" cb="2"/><line nr="493" mi="0" ci="2" mb="0" cb="0"/><line nr="496" mi="0" ci="3" mb="0" cb="2"/><line nr="497" mi="0" ci="6" mb="0" cb="0"/><line nr="498" mi="0" ci="3" mb="0" cb="2"/><line nr="499" mi="0" ci="6" mb="0" cb="0"/><line nr="500" mi="0" ci="6" mb="0" cb="0"/><line nr="501" mi="0" ci="1" mb="0" cb="0"/><line nr="503" mi="0" ci="11" mb="1" cb="1"/><line nr="504" mi="0" ci="6" mb="1" cb="1"/><line nr="505" mi="0" ci="4" mb="0" cb="0"/><line nr="506" mi="0" ci="5" mb="0" cb="0"/><line nr="508" mi="0" ci="5" mb="2" cb="2"/><line nr="509" mi="0" ci="4" mb="0" cb="0"/><line nr="512" mi="1" ci="0" mb="0" cb="0"/><line nr="514" mi="2" ci="0" mb="0" cb="0"/><line nr="521" mi="0" ci="2" mb="0" cb="2"/><line nr="522" mi="0" ci="2" mb="0" cb="0"/><line nr="523" mi="0" ci="3" mb="0" cb="0"/><line nr="524" mi="0" ci="6" mb="0" cb="2"/><line nr="528" mi="0" ci="3" mb="0" cb="0"/><line nr="532" mi="0" ci="3" mb="0" cb="0"/><line nr="536" mi="0" ci="3" mb="0" cb="0"/><counter type="INSTRUCTION" missed="320" covered="650"/><counter type="BRANCH" missed="49" covered="73"/><counter type="LINE" missed="99" covered="168"/><counter type="COMPLEXITY" missed="40" covered="36"/><counter type="METHOD" missed="0" covered="15"/><counter type="CLASS" missed="0" covered="1"/></sourcefile><counter type="INSTRUCTION" missed="320" covered="717"/><counter type="BRANCH" missed="49" covered="75"/><counter type="LINE" missed="99" covered="181"/><counter type="COMPLEXITY" missed="40" covered="40"/><counter type="METHOD" missed="0" covered="18"/><counter type="CLASS" missed="0" covered="2"/></package><counter type="INSTRUCTION" missed="4121" covered="14461"/><counter type="BRANCH" missed="811" covered="1654"/><counter type="LINE" missed="984" covered="3373"/><counter type="COMPLEXITY" missed="738" covered="1031"/><counter type="METHOD" missed="80" covered="436"/><counter type="CLASS" missed="8" covered="66"/></report>