<?xml version="1.0" encoding="UTF-8" standalone="yes"?><!DOCTYPE report PUBLIC "-//JACOCO//DTD Report 1.1//EN" "report.dtd"><report name="Ikanos Spec"><sessioninfo id="Spark-4612b58b" start="1778209199605" dump="1778209214319"/><package name="io/ikanos/spec/observability"><class name="io/ikanos/spec/observability/ObservabilityLocalEndpointSpec" sourcefilename="ObservabilityLocalEndpointSpec.java"><method name="&lt;init&gt;" desc="()V" line="19"><counter type="INSTRUCTION" missed="6" covered="0"/><counter type="LINE" missed="2" covered="0"/><counter type="COMPLEXITY" missed="1" covered="0"/><counter type="METHOD" missed="1" covered="0"/></method><method name="isEnabled" desc="()Z" line="24"><counter type="INSTRUCTION" missed="3" covered="0"/><counter type="LINE" missed="1" covered="0"/><counter type="COMPLEXITY" missed="1" covered="0"/><counter type="METHOD" missed="1" covered="0"/></method><method name="setEnabled" desc="(Z)V" line="28"><counter type="INSTRUCTION" missed="4" covered="0"/><counter type="LINE" missed="2" covered="0"/><counter type="COMPLEXITY" missed="1" covered="0"/><counter type="METHOD" missed="1" covered="0"/></method><counter type="INSTRUCTION" missed="13" covered="0"/><counter type="LINE" missed="5" covered="0"/><counter type="COMPLEXITY" missed="3" covered="0"/><counter type="METHOD" missed="3" covered="0"/><counter type="CLASS" missed="1" covered="0"/></class><class name="io/ikanos/spec/observability/ObservabilityTracesSpec" sourcefilename="ObservabilityTracesSpec.java"><method name="&lt;init&gt;" desc="()V" line="29"><counter type="INSTRUCTION" missed="0" covered="21"/><counter type="LINE" missed="0" covered="4"/><counter type="COMPLEXITY" missed="0" covered="1"/><counter type="METHOD" missed="0" covered="1"/></method><method name="getSampling" desc="()D" line="36"><counter type="INSTRUCTION" missed="0" covered="6"/><counter type="LINE" missed="0" covered="1"/><counter type="COMPLEXITY" missed="0" covered="1"/><counter type="METHOD" missed="0" covered="1"/></method><method name="setSampling" desc="(D)V" line="40"><counter type="INSTRUCTION" missed="0" covered="6"/><counter type="LINE" missed="0" covered="2"/><counter type="COMPLEXITY" missed="0" covered="1"/><counter type="METHOD" missed="0" covered="1"/></method><method name="getPropagation" desc="()Ljava/lang/String;" line="44"><counter type="INSTRUCTION" missed="0" covered="5"/><counter type="LINE" missed="0" covered="1"/><counter type="COMPLEXITY" missed="0" covered="1"/><counter type="METHOD" missed="0" covered="1"/></method><method name="setPropagation" desc="(Ljava/lang/String;)V" line="48"><counter type="INSTRUCTION" missed="0" covered="5"/><counter type="LINE" missed="0" covered="2"/><counter type="COMPLEXITY" missed="0" covered="1"/><counter type="METHOD" missed="0" covered="1"/></method><method name="getLocal" desc="()Lio/ikanos/spec/observability/ObservabilityTracesLocalSpec;" line="53"><counter type="INSTRUCTION" missed="5" covered="0"/><counter type="LINE" missed="1" covered="0"/><counter type="COMPLEXITY" missed="1" covered="0"/><counter type="METHOD" missed="1" covered="0"/></method><method name="setLocal" desc="(Lio/ikanos/spec/observability/ObservabilityTracesLocalSpec;)V" line="57"><counter type="INSTRUCTION" missed="5" covered="0"/><counter type="LINE" missed="2" covered="0"/><counter type="COMPLEXITY" missed="1" covered="0"/><counter type="METHOD" missed="1" covered="0"/></method><counter type="INSTRUCTION" missed="10" covered="43"/><counter type="LINE" missed="3" covered="10"/><counter type="COMPLEXITY" missed="2" covered="5"/><counter type="METHOD" missed="2" covered="5"/><counter type="CLASS" missed="0" covered="1"/></class><class name="io/ikanos/spec/observability/ObservabilityMetricsSpec" sourcefilename="ObservabilityMetricsSpec.java"><method name="&lt;init&gt;" desc="()V" line="30"><counter type="INSTRUCTION" missed="0" covered="8"/><counter type="LINE" missed="0" covered="2"/><counter type="COMPLEXITY" missed="0" covered="1"/><counter type="METHOD" missed="0" covered="1"/></method><method name="getLocal" desc="()Lio/ikanos/spec/observability/ObservabilityLocalEndpointSpec;" line="36"><counter type="INSTRUCTION" missed="26" covered="0"/><counter type="BRANCH" missed="4" covered="0"/><counter type="LINE" missed="7" covered="0"/><counter type="COMPLEXITY" missed="3" covered="0"/><counter type="METHOD" missed="1" covered="0"/></method><method name="setLocal" desc="(Lio/ikanos/spec/observability/ObservabilityLocalEndpointSpec;)V" line="48"><counter type="INSTRUCTION" missed="5" covered="0"/><counter type="LINE" missed="2" covered="0"/><counter type="COMPLEXITY" missed="1" covered="0"/><counter type="METHOD" missed="1" covered="0"/></method><counter type="INSTRUCTION" missed="31" covered="8"/><counter type="BRANCH" missed="4" covered="0"/><counter type="LINE" missed="9" covered="2"/><counter type="COMPLEXITY" missed="4" covered="1"/><counter type="METHOD" missed="2" covered="1"/><counter type="CLASS" missed="0" covered="1"/></class><class name="io/ikanos/spec/observability/ObservabilitySpec" sourcefilename="ObservabilitySpec.java"><method name="&lt;init&gt;" desc="()V" line="30"><counter type="INSTRUCTION" missed="0" covered="24"/><counter type="LINE" missed="0" covered="5"/><counter type="COMPLEXITY" missed="0" covered="1"/><counter type="METHOD" missed="0" covered="1"/></method><method name="isEnabled" desc="()Z" line="38"><counter type="INSTRUCTION" missed="0" covered="4"/><counter type="LINE" missed="0" covered="1"/><counter type="COMPLEXITY" missed="0" covered="1"/><counter type="METHOD" missed="0" covered="1"/></method><method name="setEnabled" desc="(Z)V" line="42"><counter type="INSTRUCTION" missed="0" covered="5"/><counter type="LINE" missed="0" covered="2"/><counter type="COMPLEXITY" missed="0" covered="1"/><counter type="METHOD" missed="0" covered="1"/></method><method name="getMetrics" desc="()Lio/ikanos/spec/observability/ObservabilityMetricsSpec;" line="47"><counter type="INSTRUCTION" missed="5" covered="0"/><counter type="LINE" missed="1" covered="0"/><counter type="COMPLEXITY" missed="1" covered="0"/><counter type="METHOD" missed="1" covered="0"/></method><method name="setMetrics" desc="(Lio/ikanos/spec/observability/ObservabilityMetricsSpec;)V" line="51"><counter type="INSTRUCTION" missed="5" covered="0"/><counter type="LINE" missed="2" covered="0"/><counter type="COMPLEXITY" missed="1" covered="0"/><counter type="METHOD" missed="1" covered="0"/></method><method name="getTraces" desc="()Lio/ikanos/spec/observability/ObservabilityTracesSpec;" line="56"><counter type="INSTRUCTION" missed="0" covered="5"/><counter type="LINE" missed="0" covered="1"/><counter type="COMPLEXITY" missed="0" covered="1"/><counter type="METHOD" missed="0" covered="1"/></method><method name="setTraces" desc="(Lio/ikanos/spec/observability/ObservabilityTracesSpec;)V" line="60"><counter type="INSTRUCTION" missed="0" covered="5"/><counter type="LINE" missed="0" covered="2"/><counter type="COMPLEXITY" missed="0" covered="1"/><counter type="METHOD" missed="0" covered="1"/></method><method name="getExporters" desc="()Lio/ikanos/spec/observability/ObservabilityExportersSpec;" line="65"><counter type="INSTRUCTION" missed="0" covered="5"/><counter type="LINE" missed="0" covered="1"/><counter type="COMPLEXITY" missed="0" covered="1"/><counter type="METHOD" missed="0" covered="1"/></method><method name="setExporters" desc="(Lio/ikanos/spec/observability/ObservabilityExportersSpec;)V" line="69"><counter type="INSTRUCTION" missed="0" covered="5"/><counter type="LINE" missed="0" covered="2"/><counter type="COMPLEXITY" missed="0" covered="1"/><counter type="METHOD" missed="0" covered="1"/></method><counter type="INSTRUCTION" missed="10" covered="53"/><counter type="LINE" missed="3" covered="14"/><counter type="COMPLEXITY" missed="2" covered="7"/><counter type="METHOD" missed="2" covered="7"/><counter type="CLASS" missed="0" covered="1"/></class><class name="io/ikanos/spec/observability/ObservabilityOtlpExporterSpec" sourcefilename="ObservabilityOtlpExporterSpec.java"><method name="&lt;init&gt;" desc="()V" line="19"><counter type="INSTRUCTION" missed="0" covered="3"/><counter type="LINE" missed="0" covered="1"/><counter type="COMPLEXITY" missed="0" covered="1"/><counter type="METHOD" missed="0" covered="1"/></method><method name="getEndpoint" desc="()Ljava/lang/String;" line="24"><counter type="INSTRUCTION" missed="0" covered="3"/><counter type="LINE" missed="0" covered="1"/><counter type="COMPLEXITY" missed="0" covered="1"/><counter type="METHOD" missed="0" covered="1"/></method><method name="setEndpoint" desc="(Ljava/lang/String;)V" line="28"><counter type="INSTRUCTION" missed="0" covered="4"/><counter type="LINE" missed="0" covered="2"/><counter type="COMPLEXITY" missed="0" covered="1"/><counter type="METHOD" missed="0" covered="1"/></method><counter type="INSTRUCTION" missed="0" covered="10"/><counter type="LINE" missed="0" covered="4"/><counter type="COMPLEXITY" missed="0" covered="3"/><counter type="METHOD" missed="0" covered="3"/><counter type="CLASS" missed="0" covered="1"/></class><class name="io/ikanos/spec/observability/ObservabilityTracesLocalSpec" sourcefilename="ObservabilityTracesLocalSpec.java"><method name="&lt;init&gt;" desc="()V" line="21"><counter type="INSTRUCTION" missed="9" covered="0"/><counter type="LINE" missed="3" covered="0"/><counter type="COMPLEXITY" missed="1" covered="0"/><counter type="METHOD" missed="1" covered="0"/></method><method name="isEnabled" desc="()Z" line="29"><counter type="INSTRUCTION" missed="3" covered="0"/><counter type="LINE" missed="1" covered="0"/><counter type="COMPLEXITY" missed="1" covered="0"/><counter type="METHOD" missed="1" covered="0"/></method><method name="setEnabled" desc="(Z)V" line="33"><counter type="INSTRUCTION" missed="4" covered="0"/><counter type="LINE" missed="2" covered="0"/><counter type="COMPLEXITY" missed="1" covered="0"/><counter type="METHOD" missed="1" covered="0"/></method><method name="getBufferSize" desc="()I" line="37"><counter type="INSTRUCTION" missed="3" covered="0"/><counter type="LINE" missed="1" covered="0"/><counter type="COMPLEXITY" missed="1" covered="0"/><counter type="METHOD" missed="1" covered="0"/></method><method name="setBufferSize" desc="(I)V" line="41"><counter type="INSTRUCTION" missed="4" covered="0"/><counter type="LINE" missed="2" covered="0"/><counter type="COMPLEXITY" missed="1" covered="0"/><counter type="METHOD" missed="1" covered="0"/></method><counter type="INSTRUCTION" missed="23" covered="0"/><counter type="LINE" missed="9" covered="0"/><counter type="COMPLEXITY" missed="5" covered="0"/><counter type="METHOD" missed="5" covered="0"/><counter type="CLASS" missed="1" covered="0"/></class><class name="io/ikanos/spec/observability/ObservabilityExportersSpec" sourcefilename="ObservabilityExportersSpec.java"><method name="&lt;init&gt;" desc="()V" line="30"><counter type="INSTRUCTION" missed="0" covered="8"/><counter type="LINE" missed="0" covered="2"/><counter type="COMPLEXITY" missed="0" covered="1"/><counter type="METHOD" missed="0" covered="1"/></method><method name="getOtlp" desc="()Lio/ikanos/spec/observability/ObservabilityOtlpExporterSpec;" line="36"><counter type="INSTRUCTION" missed="0" covered="5"/><counter type="LINE" missed="0" covered="1"/><counter type="COMPLEXITY" missed="0" covered="1"/><counter type="METHOD" missed="0" covered="1"/></method><method name="setOtlp" desc="(Lio/ikanos/spec/observability/ObservabilityOtlpExporterSpec;)V" line="40"><counter type="INSTRUCTION" missed="0" covered="5"/><counter type="LINE" missed="0" covered="2"/><counter type="COMPLEXITY" missed="0" covered="1"/><counter type="METHOD" missed="0" covered="1"/></method><counter type="INSTRUCTION" missed="0" covered="18"/><counter type="LINE" missed="0" covered="5"/><counter type="COMPLEXITY" missed="0" covered="3"/><counter type="METHOD" missed="0" covered="3"/><counter type="CLASS" missed="0" covered="1"/></class><sourcefile name="ObservabilityTracesLocalSpec.java"><line nr="21" mi="2" ci="0" mb="0" cb="0"/><line nr="23" mi="3" ci="0" mb="0" cb="0"/><line nr="25" mi="4" ci="0" mb="0" cb="0"/><line nr="29" mi="3" ci="0" mb="0" cb="0"/><line nr="33" mi="3" ci="0" mb="0" cb="0"/><line nr="34" mi="1" ci="0" mb="0" cb="0"/><line nr="37" mi="3" ci="0" mb="0" cb="0"/><line nr="41" mi="3" ci="0" mb="0" cb="0"/><line nr="42" mi="1" ci="0" mb="0" cb="0"/><counter type="INSTRUCTION" missed="23" covered="0"/><counter type="LINE" missed="9" covered="0"/><counter type="COMPLEXITY" missed="5" covered="0"/><counter type="METHOD" missed="5" covered="0"/><counter type="CLASS" missed="1" covered="0"/></sourcefile><sourcefile name="ObservabilityLocalEndpointSpec.java"><line nr="19" mi="2" ci="0" mb="0" cb="0"/><line nr="21" mi="4" ci="0" mb="0" cb="0"/><line nr="24" mi="3" ci="0" mb="0" cb="0"/><line nr="28" mi="3" ci="0" mb="0" cb="0"/><line nr="29" mi="1" ci="0" mb="0" cb="0"/><counter type="INSTRUCTION" missed="13" covered="0"/><counter type="LINE" missed="5" covered="0"/><counter type="COMPLEXITY" missed="3" covered="0"/><counter type="METHOD" missed="3" covered="0"/><counter type="CLASS" missed="1" covered="0"/></sourcefile><sourcefile name="ObservabilityTracesSpec.java"><line nr="29" mi="0" ci="2" mb="0" cb="0"/><line nr="31" mi="0" ci="7" mb="0" cb="0"/><line nr="32" mi="0" ci="6" mb="0" cb="0"/><line nr="33" mi="0" ci="6" mb="0" cb="0"/><line nr="36" mi="0" ci="6" mb="0" cb="0"/><line nr="40" mi="0" ci="5" mb="0" cb="0"/><line nr="41" mi="0" ci="1" mb="0" cb="0"/><line nr="44" mi="0" ci="5" mb="0" cb="0"/><line nr="48" mi="0" ci="4" mb="0" cb="0"/><line nr="49" mi="0" ci="1" mb="0" cb="0"/><line nr="53" mi="5" ci="0" mb="0" cb="0"/><line nr="57" mi="4" ci="0" mb="0" cb="0"/><line nr="58" mi="1" ci="0" mb="0" cb="0"/><counter type="INSTRUCTION" missed="10" covered="43"/><counter type="LINE" missed="3" covered="10"/><counter type="COMPLEXITY" missed="2" covered="5"/><counter type="METHOD" missed="2" covered="5"/><counter type="CLASS" missed="0" covered="1"/></sourcefile><sourcefile name="ObservabilityExportersSpec.java"><line nr="30" mi="0" ci="2" mb="0" cb="0"/><line nr="32" mi="0" ci="6" mb="0" cb="0"/><line nr="36" mi="0" ci="5" mb="0" cb="0"/><line nr="40" mi="0" ci="4" mb="0" cb="0"/><line nr="41" mi="0" ci="1" mb="0" cb="0"/><counter type="INSTRUCTION" missed="0" covered="18"/><counter type="LINE" missed="0" covered="5"/><counter type="COMPLEXITY" missed="0" covered="3"/><counter type="METHOD" missed="0" covered="3"/><counter type="CLASS" missed="0" covered="1"/></sourcefile><sourcefile name="ObservabilityOtlpExporterSpec.java"><line nr="19" mi="0" ci="3" mb="0" cb="0"/><line nr="24" mi="0" ci="3" mb="0" cb="0"/><line nr="28" mi="0" ci="3" mb="0" cb="0"/><line nr="29" mi="0" ci="1" mb="0" cb="0"/><counter type="INSTRUCTION" missed="0" covered="10"/><counter type="LINE" missed="0" covered="4"/><counter type="COMPLEXITY" missed="0" covered="3"/><counter type="METHOD" missed="0" covered="3"/><counter type="CLASS" missed="0" covered="1"/></sourcefile><sourcefile name="ObservabilityMetricsSpec.java"><line nr="30" mi="0" ci="2" mb="0" cb="0"/><line nr="32" mi="0" ci="6" mb="0" cb="0"/><line nr="36" mi="5" ci="0" mb="0" cb="0"/><line nr="37" mi="2" ci="0" mb="2" cb="0"/><line nr="38" mi="4" ci="0" mb="0" cb="0"/><line nr="39" mi="6" ci="0" mb="2" cb="0"/><line nr="40" mi="2" ci="0" mb="0" cb="0"/><line nr="42" mi="5" ci="0" mb="0" cb="0"/><line nr="44" mi="2" ci="0" mb="0" cb="0"/><line nr="48" mi="4" ci="0" mb="0" cb="0"/><line nr="49" mi="1" ci="0" mb="0" cb="0"/><counter type="INSTRUCTION" missed="31" covered="8"/><counter type="BRANCH" missed="4" covered="0"/><counter type="LINE" missed="9" covered="2"/><counter type="COMPLEXITY" missed="4" covered="1"/><counter type="METHOD" missed="2" covered="1"/><counter type="CLASS" missed="0" covered="1"/></sourcefile><sourcefile name="ObservabilitySpec.java"><line nr="30" mi="0" ci="2" mb="0" cb="0"/><line nr="32" mi="0" ci="6" mb="0" cb="0"/><line nr="33" mi="0" ci="5" mb="0" cb="0"/><line nr="34" mi="0" ci="5" mb="0" cb="0"/><line nr="35" mi="0" ci="6" mb="0" cb="0"/><line nr="38" mi="0" ci="4" mb="0" cb="0"/><line nr="42" mi="0" ci="4" mb="0" cb="0"/><line nr="43" mi="0" ci="1" mb="0" cb="0"/><line nr="47" mi="5" ci="0" mb="0" cb="0"/><line nr="51" mi="4" ci="0" mb="0" cb="0"/><line nr="52" mi="1" ci="0" mb="0" cb="0"/><line nr="56" mi="0" ci="5" mb="0" cb="0"/><line nr="60" mi="0" ci="4" mb="0" cb="0"/><line nr="61" mi="0" ci="1" mb="0" cb="0"/><line nr="65" mi="0" ci="5" mb="0" cb="0"/><line nr="69" mi="0" ci="4" mb="0" cb="0"/><line nr="70" mi="0" ci="1" mb="0" cb="0"/><counter type="INSTRUCTION" missed="10" covered="53"/><counter type="LINE" missed="3" covered="14"/><counter type="COMPLEXITY" missed="2" covered="7"/><counter type="METHOD" missed="2" covered="7"/><counter type="CLASS" missed="0" covered="1"/></sourcefile><counter type="INSTRUCTION" missed="87" covered="132"/><counter type="BRANCH" missed="4" covered="0"/><counter type="LINE" missed="29" covered="35"/><counter type="COMPLEXITY" missed="16" covered="19"/><counter type="METHOD" missed="14" covered="19"/><counter type="CLASS" missed="2" covered="5"/></package><package name="io/ikanos/spec/consumes"><class name="io/ikanos/spec/consumes/ClientSpec" sourcefilename="ClientSpec.java"><method name="&lt;init&gt;" desc="()V" line="31"><counter type="INSTRUCTION" missed="5" covered="0"/><counter type="LINE" missed="2" covered="0"/><counter type="COMPLEXITY" missed="1" covered="0"/><counter type="METHOD" missed="1" covered="0"/></method><method name="&lt;init&gt;" desc="(Ljava/lang/String;Ljava/lang/String;)V" line="34"><counter type="INSTRUCTION" missed="0" covered="9"/><counter type="LINE" missed="0" covered="4"/><counter type="COMPLEXITY" missed="0" covered="1"/><counter type="METHOD" missed="0" covered="1"/></method><method name="getType" desc="()Ljava/lang/String;" line="40"><counter type="INSTRUCTION" missed="3" covered="0"/><counter type="LINE" missed="1" covered="0"/><counter type="COMPLEXITY" missed="1" covered="0"/><counter type="METHOD" missed="1" covered="0"/></method><method name="setType" desc="(Ljava/lang/String;)V" line="44"><counter type="INSTRUCTION" missed="0" covered="4"/><counter type="LINE" missed="0" covered="2"/><counter type="COMPLEXITY" missed="0" covered="1"/><counter type="METHOD" missed="0" covered="1"/></method><method name="getNamespace" desc="()Ljava/lang/String;" line="47"><counter type="INSTRUCTION" missed="0" covered="3"/><counter type="LINE" missed="0" covered="1"/><counter type="COMPLEXITY" missed="0" covered="1"/><counter type="METHOD" missed="0" covered="1"/></method><method name="setNamespace" desc="(Ljava/lang/String;)V" line="51"><counter type="INSTRUCTION" missed="0" covered="4"/><counter type="LINE" missed="0" covered="2"/><counter type="COMPLEXITY" missed="0" covered="1"/><counter type="METHOD" missed="0" covered="1"/></method><counter type="INSTRUCTION" missed="8" covered="20"/><counter type="LINE" missed="3" covered="9"/><counter type="COMPLEXITY" missed="2" covered="4"/><counter type="METHOD" missed="2" covered="4"/><counter type="CLASS" missed="0" covered="1"/></class><class name="io/ikanos/spec/consumes/ClientSpecDeserializer" sourcefilename="ClientSpecDeserializer.java"><method name="&lt;init&gt;" desc="()V" line="32"><counter type="INSTRUCTION" missed="0" covered="3"/><counter type="LINE" missed="0" covered="1"/><counter type="COMPLEXITY" missed="0" covered="1"/><counter type="METHOD" missed="0" covered="1"/></method><method name="deserialize" desc="(Lcom/fasterxml/jackson/core/JsonParser;Lcom/fasterxml/jackson/databind/DeserializationContext;)Lio/ikanos/spec/consumes/ClientSpec;" line="36"><counter type="INSTRUCTION" missed="0" covered="20"/><counter type="BRANCH" missed="0" covered="2"/><counter type="LINE" missed="0" covered="4"/><counter type="COMPLEXITY" missed="0" covered="2"/><counter type="METHOD" missed="0" covered="1"/></method><counter type="INSTRUCTION" missed="0" covered="23"/><counter type="BRANCH" missed="0" covered="2"/><counter type="LINE" missed="0" covered="5"/><counter type="COMPLEXITY" missed="0" covered="3"/><counter type="METHOD" missed="0" covered="2"/><counter type="CLASS" missed="0" covered="1"/></class><sourcefile name="ClientSpec.java"><line nr="31" mi="4" ci="0" mb="0" cb="0"/><line nr="32" mi="1" ci="0" mb="0" cb="0"/><line nr="34" mi="0" ci="2" mb="0" cb="0"/><line nr="35" mi="0" ci="3" mb="0" cb="0"/><line nr="36" mi="0" ci="3" mb="0" cb="0"/><line nr="37" mi="0" ci="1" mb="0" cb="0"/><line nr="40" mi="3" ci="0" mb="0" cb="0"/><line nr="44" mi="0" ci="3" mb="0" cb="0"/><line nr="45" mi="0" ci="1" mb="0" cb="0"/><line nr="47" mi="0" ci="3" mb="0" cb="0"/><line nr="51" mi="0" ci="3" mb="0" cb="0"/><line nr="52" mi="0" ci="1" mb="0" cb="0"/><counter type="INSTRUCTION" missed="8" covered="20"/><counter type="LINE" missed="3" covered="9"/><counter type="COMPLEXITY" missed="2" covered="4"/><counter type="METHOD" missed="2" covered="4"/><counter type="CLASS" missed="0" covered="1"/></sourcefile><sourcefile name="ClientSpecDeserializer.java"><line nr="32" mi="0" ci="3" mb="0" cb="0"/><line nr="36" mi="0" ci="4" mb="0" cb="0"/><line nr="39" mi="0" ci="4" mb="0" cb="2"/><line nr="40" mi="0" ci="6" mb="0" cb="0"/><line nr="44" mi="0" ci="6" mb="0" cb="0"/><counter type="INSTRUCTION" missed="0" covered="23"/><counter type="BRANCH" missed="0" covered="2"/><counter type="LINE" missed="0" covered="5"/><counter type="COMPLEXITY" missed="0" covered="3"/><counter type="METHOD" missed="0" covered="2"/><counter type="CLASS" missed="0" covered="1"/></sourcefile><counter type="INSTRUCTION" missed="8" covered="43"/><counter type="BRANCH" missed="0" covered="2"/><counter type="LINE" missed="3" covered="14"/><counter type="COMPLEXITY" missed="2" covered="7"/><counter type="METHOD" missed="2" covered="6"/><counter type="CLASS" missed="0" covered="2"/></package><package name="io/ikanos/spec/consumes/http"><class name="io/ikanos/spec/consumes/http/BasicAuthenticationSpec" sourcefilename="BasicAuthenticationSpec.java"><method name="&lt;init&gt;" desc="()V" line="34"><counter type="INSTRUCTION" missed="0" covered="5"/><counter type="LINE" missed="0" covered="2"/><counter type="COMPLEXITY" missed="0" covered="1"/><counter type="METHOD" missed="0" covered="1"/></method><method name="&lt;init&gt;" desc="(Ljava/lang/String;[C)V" line="30"><counter type="INSTRUCTION" missed="0" covered="28"/><counter type="BRANCH" missed="0" covered="2"/><counter type="LINE" missed="0" covered="6"/><counter type="COMPLEXITY" missed="0" covered="2"/><counter type="METHOD" missed="0" covered="1"/></method><method name="getUsername" desc="()Ljava/lang/String;" line="44"><counter type="INSTRUCTION" missed="0" covered="5"/><counter type="LINE" missed="0" covered="1"/><counter type="COMPLEXITY" missed="0" covered="1"/><counter type="METHOD" missed="0" covered="1"/></method><method name="setUsername" desc="(Ljava/lang/String;)V" line="48"><counter type="INSTRUCTION" missed="0" covered="5"/><counter type="LINE" missed="0" covered="2"/><counter type="COMPLEXITY" missed="0" covered="1"/><counter type="METHOD" missed="0" covered="1"/></method><method name="getPassword" desc="()[C" line="52"><counter type="INSTRUCTION" missed="0" covered="13"/><counter type="BRANCH" missed="0" covered="2"/><counter type="LINE" missed="0" covered="2"/><counter type="COMPLEXITY" missed="0" covered="2"/><counter type="METHOD" missed="0" covered="1"/></method><method name="setPassword" desc="([C)V" line="57"><counter type="INSTRUCTION" missed="0" covered="11"/><counter type="BRANCH" missed="0" covered="2"/><counter type="LINE" missed="0" covered="2"/><counter type="COMPLEXITY" missed="0" covered="2"/><counter type="METHOD" missed="0" covered="1"/></method><counter type="INSTRUCTION" missed="0" covered="67"/><counter type="BRANCH" missed="0" covered="6"/><counter type="LINE" missed="0" covered="15"/><counter type="COMPLEXITY" missed="0" covered="9"/><counter type="METHOD" missed="0" covered="6"/><counter type="CLASS" missed="0" covered="1"/></class><class name="io/ikanos/spec/consumes/http/HttpClientResourceSpec" sourcefilename="HttpClientResourceSpec.java"><method name="&lt;init&gt;" desc="()V" line="39"><counter type="INSTRUCTION" missed="0" covered="7"/><counter type="LINE" missed="0" covered="2"/><counter type="COMPLEXITY" missed="0" covered="1"/><counter type="METHOD" missed="0" covered="1"/></method><method name="&lt;init&gt;" desc="(Ljava/lang/String;Ljava/lang/String;Ljava/lang/String;)V" line="43"><counter type="INSTRUCTION" missed="7" covered="0"/><counter type="LINE" missed="2" covered="0"/><counter type="COMPLEXITY" missed="1" covered="0"/><counter type="METHOD" missed="1" covered="0"/></method><method name="&lt;init&gt;" desc="(Ljava/lang/String;Ljava/lang/String;Ljava/lang/String;Ljava/lang/String;)V" line="35"><counter type="INSTRUCTION" missed="0" covered="15"/><counter type="LINE" missed="0" covered="3"/><counter type="COMPLEXITY" missed="0" covered="1"/><counter type="METHOD" missed="0" covered="1"/></method><method name="getOperations" desc="()Ljava/util/List;" line="52"><counter type="INSTRUCTION" missed="0" covered="5"/><counter type="LINE" missed="0" covered="1"/><counter type="COMPLEXITY" missed="0" covered="1"/><counter type="METHOD" missed="0" covered="1"/></method><method name="setOperations" desc="(Ljava/util/List;)V" line="64"><counter type="INSTRUCTION" missed="7" covered="26"/><counter type="BRANCH" missed="1" covered="3"/><counter type="LINE" missed="2" covered="7"/><counter type="COMPLEXITY" missed="1" covered="2"/><counter type="METHOD" missed="0" covered="1"/></method><counter type="INSTRUCTION" missed="14" covered="53"/><counter type="BRANCH" missed="1" covered="3"/><counter type="LINE" missed="4" covered="13"/><counter type="COMPLEXITY" missed="2" covered="5"/><counter type="METHOD" missed="1" covered="4"/><counter type="CLASS" missed="0" covered="1"/></class><class name="io/ikanos/spec/consumes/http/BearerAuthenticationSpec" sourcefilename="BearerAuthenticationSpec.java"><method name="&lt;init&gt;" desc="()V" line="24"><counter type="INSTRUCTION" missed="0" covered="4"/><counter type="LINE" missed="0" covered="2"/><counter type="COMPLEXITY" missed="0" covered="1"/><counter type="METHOD" missed="0" covered="1"/></method><method name="&lt;init&gt;" desc="(Ljava/lang/String;)V" line="28"><counter type="INSTRUCTION" missed="0" covered="7"/><counter type="LINE" missed="0" covered="3"/><counter type="COMPLEXITY" missed="0" covered="1"/><counter type="METHOD" missed="0" covered="1"/></method><method name="getToken" desc="()Ljava/lang/String;" line="33"><counter type="INSTRUCTION" missed="0" covered="3"/><counter type="LINE" missed="0" covered="1"/><counter type="COMPLEXITY" missed="0" covered="1"/><counter type="METHOD" missed="0" covered="1"/></method><method name="setToken" desc="(Ljava/lang/String;)V" line="37"><counter type="INSTRUCTION" missed="0" covered="4"/><counter type="LINE" missed="0" covered="2"/><counter type="COMPLEXITY" missed="0" covered="1"/><counter type="METHOD" missed="0" covered="1"/></method><counter type="INSTRUCTION" missed="0" covered="18"/><counter type="LINE" missed="0" covered="8"/><counter type="COMPLEXITY" missed="0" covered="4"/><counter type="METHOD" missed="0" covered="4"/><counter type="CLASS" missed="0" covered="1"/></class><class name="io/ikanos/spec/consumes/http/AuthenticationSpec" sourcefilename="AuthenticationSpec.java"><method name="&lt;init&gt;" desc="()V" line="39"><counter type="INSTRUCTION" missed="4" covered="0"/><counter type="LINE" missed="2" covered="0"/><counter type="COMPLEXITY" missed="1" covered="0"/><counter type="METHOD" missed="1" covered="0"/></method><method name="&lt;init&gt;" desc="(Ljava/lang/String;)V" line="42"><counter type="INSTRUCTION" missed="0" covered="6"/><counter type="LINE" missed="0" covered="3"/><counter type="COMPLEXITY" missed="0" covered="1"/><counter type="METHOD" missed="0" covered="1"/></method><method name="getType" desc="()Ljava/lang/String;" line="47"><counter type="INSTRUCTION" missed="0" covered="3"/><counter type="LINE" missed="0" covered="1"/><counter type="COMPLEXITY" missed="0" covered="1"/><counter type="METHOD" missed="0" covered="1"/></method><method name="setType" desc="(Ljava/lang/String;)V" line="51"><counter type="INSTRUCTION" missed="4" covered="0"/><counter type="LINE" missed="2" covered="0"/><counter type="COMPLEXITY" missed="1" covered="0"/><counter type="METHOD" missed="1" covered="0"/></method><counter type="INSTRUCTION" missed="8" covered="9"/><counter type="LINE" missed="4" covered="4"/><counter type="COMPLEXITY" missed="2" covered="2"/><counter type="METHOD" missed="2" covered="2"/><counter type="CLASS" missed="0" covered="1"/></class><class name="io/ikanos/spec/consumes/http/OAuth2AuthenticationSpec" sourcefilename="OAuth2AuthenticationSpec.java"><method name="&lt;init&gt;" desc="()V" line="31"><counter type="INSTRUCTION" missed="0" covered="34"/><counter type="LINE" missed="0" covered="8"/><counter type="COMPLEXITY" missed="0" covered="1"/><counter type="METHOD" missed="0" covered="1"/></method><method name="getAuthorizationServerUri" desc="()Ljava/lang/String;" line="43"><counter type="INSTRUCTION" missed="0" covered="5"/><counter type="LINE" missed="0" covered="1"/><counter type="COMPLEXITY" missed="0" covered="1"/><counter type="METHOD" missed="0" covered="1"/></method><method name="setAuthorizationServerUri" desc="(Ljava/lang/String;)V" line="47"><counter type="INSTRUCTION" missed="0" covered="5"/><counter type="LINE" missed="0" covered="2"/><counter type="COMPLEXITY" missed="0" covered="1"/><counter type="METHOD" missed="0" covered="1"/></method><method name="getResource" desc="()Ljava/lang/String;" line="51"><counter type="INSTRUCTION" missed="5" covered="0"/><counter type="LINE" missed="1" covered="0"/><counter type="COMPLEXITY" missed="1" covered="0"/><counter type="METHOD" missed="1" covered="0"/></method><method name="setResource" desc="(Ljava/lang/String;)V" line="55"><counter type="INSTRUCTION" missed="5" covered="0"/><counter type="LINE" missed="2" covered="0"/><counter type="COMPLEXITY" missed="1" covered="0"/><counter type="METHOD" missed="1" covered="0"/></method><method name="getScopes" desc="()Ljava/util/List;" line="59"><counter type="INSTRUCTION" missed="0" covered="5"/><counter type="LINE" missed="0" covered="1"/><counter type="COMPLEXITY" missed="0" covered="1"/><counter type="METHOD" missed="0" covered="1"/></method><method name="setScopes" desc="(Ljava/util/List;)V" line="63"><counter type="INSTRUCTION" missed="1" covered="9"/><counter type="BRANCH" missed="1" covered="1"/><counter type="LINE" missed="0" covered="2"/><counter type="COMPLEXITY" missed="1" covered="1"/><counter type="METHOD" missed="0" covered="1"/></method><method name="getAudience" desc="()Ljava/lang/String;" line="67"><counter type="INSTRUCTION" missed="5" covered="0"/><counter type="LINE" missed="1" covered="0"/><counter type="COMPLEXITY" missed="1" covered="0"/><counter type="METHOD" missed="1" covered="0"/></method><method name="setAudience" desc="(Ljava/lang/String;)V" line="71"><counter type="INSTRUCTION" missed="5" covered="0"/><counter type="LINE" missed="2" covered="0"/><counter type="COMPLEXITY" missed="1" covered="0"/><counter type="METHOD" missed="1" covered="0"/></method><method name="getTokenValidation" desc="()Ljava/lang/String;" line="75"><counter type="INSTRUCTION" missed="5" covered="0"/><counter type="LINE" missed="1" covered="0"/><counter type="COMPLEXITY" missed="1" covered="0"/><counter type="METHOD" missed="1" covered="0"/></method><method name="setTokenValidation" desc="(Ljava/lang/String;)V" line="79"><counter type="INSTRUCTION" missed="5" covered="0"/><counter type="LINE" missed="2" covered="0"/><counter type="COMPLEXITY" missed="1" covered="0"/><counter type="METHOD" missed="1" covered="0"/></method><method name="getTokenEndpoint" desc="()Ljava/lang/String;" line="83"><counter type="INSTRUCTION" missed="0" covered="5"/><counter type="LINE" missed="0" covered="1"/><counter type="COMPLEXITY" missed="0" covered="1"/><counter type="METHOD" missed="0" covered="1"/></method><method name="setTokenEndpoint" desc="(Ljava/lang/String;)V" line="87"><counter type="INSTRUCTION" missed="0" covered="5"/><counter type="LINE" missed="0" covered="2"/><counter type="COMPLEXITY" missed="0" covered="1"/><counter type="METHOD" missed="0" covered="1"/></method><counter type="INSTRUCTION" missed="31" covered="68"/><counter type="BRANCH" missed="1" covered="1"/><counter type="LINE" missed="9" covered="17"/><counter type="COMPLEXITY" missed="7" covered="7"/><counter type="METHOD" missed="6" covered="7"/><counter type="CLASS" missed="0" covered="1"/></class><class name="io/ikanos/spec/consumes/http/HttpClientSpec" sourcefilename="HttpClientSpec.java"><method name="&lt;init&gt;" desc="(Ljava/lang/String;Ljava/lang/String;Lio/ikanos/spec/consumes/http/AuthenticationSpec;)V" line="38"><counter type="INSTRUCTION" missed="0" covered="35"/><counter type="LINE" missed="0" covered="9"/><counter type="COMPLEXITY" missed="0" covered="1"/><counter type="METHOD" missed="0" covered="1"/></method><method name="&lt;init&gt;" desc="(Ljava/lang/String;)V" line="57"><counter type="INSTRUCTION" missed="0" covered="6"/><counter type="LINE" missed="0" covered="2"/><counter type="COMPLEXITY" missed="0" covered="1"/><counter type="METHOD" missed="0" covered="1"/></method><method name="&lt;init&gt;" desc="()V" line="61"><counter type="INSTRUCTION" missed="0" covered="4"/><counter type="LINE" missed="0" covered="2"/><counter type="COMPLEXITY" missed="0" covered="1"/><counter type="METHOD" missed="0" covered="1"/></method><method name="getBaseUri" desc="()Ljava/lang/String;" line="65"><counter type="INSTRUCTION" missed="0" covered="5"/><counter type="LINE" missed="0" covered="1"/><counter type="COMPLEXITY" missed="0" covered="1"/><counter type="METHOD" missed="0" covered="1"/></method><method name="setBaseUri" desc="(Ljava/lang/String;)V" line="69"><counter type="INSTRUCTION" missed="0" covered="7"/><counter type="LINE" missed="0" covered="3"/><counter type="COMPLEXITY" missed="0" covered="1"/><counter type="METHOD" missed="0" covered="1"/></method><method name="validateBaseUri" desc="(Ljava/lang/String;)V" line="77"><counter type="INSTRUCTION" missed="0" covered="13"/><counter type="BRANCH" missed="0" covered="4"/><counter type="LINE" missed="0" covered="3"/><counter type="COMPLEXITY" missed="0" covered="3"/><counter type="METHOD" missed="0" covered="1"/></method><method name="getInputParameters" desc="()Ljava/util/List;" line="84"><counter type="INSTRUCTION" missed="3" covered="0"/><counter type="LINE" missed="1" covered="0"/><counter type="COMPLEXITY" missed="1" covered="0"/><counter type="METHOD" missed="1" covered="0"/></method><method name="getAuthentication" desc="()Lio/ikanos/spec/consumes/http/AuthenticationSpec;" line="89"><counter type="INSTRUCTION" missed="0" covered="5"/><counter type="LINE" missed="0" covered="1"/><counter type="COMPLEXITY" missed="0" covered="1"/><counter type="METHOD" missed="0" covered="1"/></method><method name="setAuthentication" desc="(Lio/ikanos/spec/consumes/http/AuthenticationSpec;)V" line="93"><counter type="INSTRUCTION" missed="5" covered="0"/><counter type="LINE" missed="2" covered="0"/><counter type="COMPLEXITY" missed="1" covered="0"/><counter type="METHOD" missed="1" covered="0"/></method><method name="getResources" desc="()Ljava/util/List;" line="97"><counter type="INSTRUCTION" missed="0" covered="3"/><counter type="LINE" missed="0" covered="1"/><counter type="COMPLEXITY" missed="0" covered="1"/><counter type="METHOD" missed="0" covered="1"/></method><counter type="INSTRUCTION" missed="8" covered="78"/><counter type="BRANCH" missed="0" covered="4"/><counter type="LINE" missed="3" covered="22"/><counter type="COMPLEXITY" missed="2" covered="10"/><counter type="METHOD" missed="2" covered="8"/><counter type="CLASS" missed="0" covered="1"/></class><class name="io/ikanos/spec/consumes/http/ApiKeyAuthenticationSpec" sourcefilename="ApiKeyAuthenticationSpec.java"><method name="&lt;init&gt;" desc="()V" line="26"><counter type="INSTRUCTION" missed="0" covered="6"/><counter type="LINE" missed="0" covered="2"/><counter type="COMPLEXITY" missed="0" covered="1"/><counter type="METHOD" missed="0" covered="1"/></method><method name="&lt;init&gt;" desc="(Ljava/lang/String;Ljava/lang/String;Ljava/lang/String;)V" line="30"><counter type="INSTRUCTION" missed="0" covered="13"/><counter type="LINE" missed="0" covered="5"/><counter type="COMPLEXITY" missed="0" covered="1"/><counter type="METHOD" missed="0" covered="1"/></method><method name="getKey" desc="()Ljava/lang/String;" line="37"><counter type="INSTRUCTION" missed="0" covered="3"/><counter type="LINE" missed="0" covered="1"/><counter type="COMPLEXITY" missed="0" covered="1"/><counter type="METHOD" missed="0" covered="1"/></method><method name="setKey" desc="(Ljava/lang/String;)V" line="41"><counter type="INSTRUCTION" missed="0" covered="4"/><counter type="LINE" missed="0" covered="2"/><counter type="COMPLEXITY" missed="0" covered="1"/><counter type="METHOD" missed="0" covered="1"/></method><method name="getPlacement" desc="()Ljava/lang/String;" line="45"><counter type="INSTRUCTION" missed="0" covered="3"/><counter type="LINE" missed="0" covered="1"/><counter type="COMPLEXITY" missed="0" covered="1"/><counter type="METHOD" missed="0" covered="1"/></method><method name="setPlacement" desc="(Ljava/lang/String;)V" line="49"><counter type="INSTRUCTION" missed="0" covered="4"/><counter type="LINE" missed="0" covered="2"/><counter type="COMPLEXITY" missed="0" covered="1"/><counter type="METHOD" missed="0" covered="1"/></method><method name="getValue" desc="()Ljava/lang/String;" line="53"><counter type="INSTRUCTION" missed="0" covered="3"/><counter type="LINE" missed="0" covered="1"/><counter type="COMPLEXITY" missed="0" covered="1"/><counter type="METHOD" missed="0" covered="1"/></method><method name="setValue" desc="(Ljava/lang/String;)V" line="57"><counter type="INSTRUCTION" missed="0" covered="4"/><counter type="LINE" missed="0" covered="2"/><counter type="COMPLEXITY" missed="0" covered="1"/><counter type="METHOD" missed="0" covered="1"/></method><counter type="INSTRUCTION" missed="0" covered="40"/><counter type="LINE" missed="0" covered="16"/><counter type="COMPLEXITY" missed="0" covered="8"/><counter type="METHOD" missed="0" covered="8"/><counter type="CLASS" missed="0" covered="1"/></class><class name="io/ikanos/spec/consumes/http/HttpClientOperationSpec" sourcefilename="HttpClientOperationSpec.java"><method name="&lt;init&gt;" desc="()V" line="41"><counter type="INSTRUCTION" missed="0" covered="10"/><counter type="LINE" missed="0" covered="2"/><counter type="COMPLEXITY" missed="0" covered="1"/><counter type="METHOD" missed="0" covered="1"/></method><method name="&lt;init&gt;" desc="(Lio/ikanos/spec/consumes/http/HttpClientResourceSpec;Ljava/lang/String;Ljava/lang/String;Ljava/lang/String;)V" line="45"><counter type="INSTRUCTION" missed="10" covered="0"/><counter type="LINE" missed="2" covered="0"/><counter type="COMPLEXITY" missed="1" covered="0"/><counter type="METHOD" missed="1" covered="0"/></method><method name="&lt;init&gt;" desc="(Lio/ikanos/spec/consumes/http/HttpClientResourceSpec;Ljava/lang/String;Ljava/lang/String;Ljava/lang/String;Ljava/lang/String;Ljava/lang/Object;Ljava/lang/String;)V" line="49"><counter type="INSTRUCTION" missed="0" covered="11"/><counter type="LINE" missed="0" covered="2"/><counter type="COMPLEXITY" missed="0" covered="1"/><counter type="METHOD" missed="0" covered="1"/></method><method name="&lt;init&gt;" desc="(Lio/ikanos/spec/consumes/http/HttpClientResourceSpec;Ljava/lang/String;Ljava/lang/String;Ljava/lang/String;Ljava/lang/String;Ljava/lang/Object;Ljava/lang/String;Ljava/lang/String;)V" line="38"><counter type="INSTRUCTION" missed="0" covered="19"/><counter type="LINE" missed="0" covered="4"/><counter type="COMPLEXITY" missed="0" covered="1"/><counter type="METHOD" missed="0" covered="1"/></method><method name="getBody" desc="()Ljava/lang/Object;" line="58"><counter type="INSTRUCTION" missed="4" covered="0"/><counter type="LINE" missed="1" covered="0"/><counter type="COMPLEXITY" missed="1" covered="0"/><counter type="METHOD" missed="1" covered="0"/></method><method name="setBody" desc="(Ljava/lang/Object;)V" line="62"><counter type="INSTRUCTION" missed="5" covered="0"/><counter type="LINE" missed="2" covered="0"/><counter type="COMPLEXITY" missed="1" covered="0"/><counter type="METHOD" missed="1" covered="0"/></method><counter type="INSTRUCTION" missed="19" covered="40"/><counter type="LINE" missed="5" covered="8"/><counter type="COMPLEXITY" missed="3" covered="3"/><counter type="METHOD" missed="3" covered="3"/><counter type="CLASS" missed="0" covered="1"/></class><class name="io/ikanos/spec/consumes/http/DigestAuthenticationSpec" sourcefilename="DigestAuthenticationSpec.java"><method name="&lt;init&gt;" desc="()V" line="34"><counter type="INSTRUCTION" missed="0" covered="5"/><counter type="LINE" missed="0" covered="2"/><counter type="COMPLEXITY" missed="0" covered="1"/><counter type="METHOD" missed="0" covered="1"/></method><method name="&lt;init&gt;" desc="(Ljava/lang/String;[C)V" line="30"><counter type="INSTRUCTION" missed="0" covered="28"/><counter type="BRANCH" missed="0" covered="2"/><counter type="LINE" missed="0" covered="6"/><counter type="COMPLEXITY" missed="0" covered="2"/><counter type="METHOD" missed="0" covered="1"/></method><method name="getUsername" desc="()Ljava/lang/String;" line="44"><counter type="INSTRUCTION" missed="0" covered="5"/><counter type="LINE" missed="0" covered="1"/><counter type="COMPLEXITY" missed="0" covered="1"/><counter type="METHOD" missed="0" covered="1"/></method><method name="setUsername" desc="(Ljava/lang/String;)V" line="48"><counter type="INSTRUCTION" missed="0" covered="5"/><counter type="LINE" missed="0" covered="2"/><counter type="COMPLEXITY" missed="0" covered="1"/><counter type="METHOD" missed="0" covered="1"/></method><method name="getPassword" desc="()[C" line="52"><counter type="INSTRUCTION" missed="0" covered="13"/><counter type="BRANCH" missed="0" covered="2"/><counter type="LINE" missed="0" covered="2"/><counter type="COMPLEXITY" missed="0" covered="2"/><counter type="METHOD" missed="0" covered="1"/></method><method name="setPassword" desc="([C)V" line="57"><counter type="INSTRUCTION" missed="0" covered="11"/><counter type="BRANCH" missed="0" covered="2"/><counter type="LINE" missed="0" covered="2"/><counter type="COMPLEXITY" missed="0" covered="2"/><counter type="METHOD" missed="0" covered="1"/></method><counter type="INSTRUCTION" missed="0" covered="67"/><counter type="BRANCH" missed="0" covered="6"/><counter type="LINE" missed="0" covered="15"/><counter type="COMPLEXITY" missed="0" covered="9"/><counter type="METHOD" missed="0" covered="6"/><counter type="CLASS" missed="0" covered="1"/></class><class name="io/ikanos/spec/consumes/http/ImportedConsumesHttpSpec" sourcefilename="ImportedConsumesHttpSpec.java"><method name="&lt;init&gt;" desc="()V" line="44"><counter type="INSTRUCTION" missed="0" covered="5"/><counter type="LINE" missed="0" covered="2"/><counter type="COMPLEXITY" missed="0" covered="1"/><counter type="METHOD" missed="0" covered="1"/></method><method name="&lt;init&gt;" desc="(Ljava/lang/String;Ljava/lang/String;Ljava/lang/String;)V" line="48"><counter type="INSTRUCTION" missed="14" covered="0"/><counter type="LINE" missed="5" covered="0"/><counter type="COMPLEXITY" missed="1" covered="0"/><counter type="METHOD" missed="1" covered="0"/></method><method name="&lt;init&gt;" desc="(Ljava/lang/String;Ljava/lang/String;Ljava/lang/String;Ljava/lang/String;)V" line="55"><counter type="INSTRUCTION" missed="17" covered="0"/><counter type="LINE" missed="6" covered="0"/><counter type="COMPLEXITY" missed="1" covered="0"/><counter type="METHOD" missed="1" covered="0"/></method><method name="getLocation" desc="()Ljava/lang/String;" line="63"><counter type="INSTRUCTION" missed="0" covered="3"/><counter type="LINE" missed="0" covered="1"/><counter type="COMPLEXITY" missed="0" covered="1"/><counter type="METHOD" missed="0" covered="1"/></method><method name="setLocation" desc="(Ljava/lang/String;)V" line="67"><counter type="INSTRUCTION" missed="0" covered="4"/><counter type="LINE" missed="0" covered="2"/><counter type="COMPLEXITY" missed="0" covered="1"/><counter type="METHOD" missed="0" covered="1"/></method><method name="getImportNamespace" desc="()Ljava/lang/String;" line="71"><counter type="INSTRUCTION" missed="0" covered="3"/><counter type="LINE" missed="0" covered="1"/><counter type="COMPLEXITY" missed="0" covered="1"/><counter type="METHOD" missed="0" covered="1"/></method><method name="setImportNamespace" desc="(Ljava/lang/String;)V" line="75"><counter type="INSTRUCTION" missed="0" covered="4"/><counter type="LINE" missed="0" covered="2"/><counter type="COMPLEXITY" missed="0" covered="1"/><counter type="METHOD" missed="0" covered="1"/></method><method name="getAlias" desc="()Ljava/lang/String;" line="79"><counter type="INSTRUCTION" missed="0" covered="3"/><counter type="LINE" missed="0" covered="1"/><counter type="COMPLEXITY" missed="0" covered="1"/><counter type="METHOD" missed="0" covered="1"/></method><method name="setAlias" desc="(Ljava/lang/String;)V" line="83"><counter type="INSTRUCTION" missed="0" covered="4"/><counter type="LINE" missed="0" covered="2"/><counter type="COMPLEXITY" missed="0" covered="1"/><counter type="METHOD" missed="0" covered="1"/></method><method name="getDescription" desc="()Ljava/lang/String;" line="87"><counter type="INSTRUCTION" missed="0" covered="3"/><counter type="LINE" missed="0" covered="1"/><counter type="COMPLEXITY" missed="0" covered="1"/><counter type="METHOD" missed="0" covered="1"/></method><method name="setDescription" desc="(Ljava/lang/String;)V" line="91"><counter type="INSTRUCTION" missed="0" covered="4"/><counter type="LINE" missed="0" covered="2"/><counter type="COMPLEXITY" missed="0" covered="1"/><counter type="METHOD" missed="0" covered="1"/></method><method name="getNamespace" desc="()Ljava/lang/String;" line="101"><counter type="INSTRUCTION" missed="23" covered="0"/><counter type="BRANCH" missed="6" covered="0"/><counter type="LINE" missed="3" covered="0"/><counter type="COMPLEXITY" missed="4" covered="0"/><counter type="METHOD" missed="1" covered="0"/></method><counter type="INSTRUCTION" missed="54" covered="33"/><counter type="BRANCH" missed="6" covered="0"/><counter type="LINE" missed="14" covered="14"/><counter type="COMPLEXITY" missed="6" covered="9"/><counter type="METHOD" missed="3" covered="9"/><counter type="CLASS" missed="0" covered="1"/></class><sourcefile name="ApiKeyAuthenticationSpec.java"><line nr="26" mi="0" ci="5" mb="0" cb="0"/><line nr="27" mi="0" ci="1" mb="0" cb="0"/><line nr="30" mi="0" ci="3" mb="0" cb="0"/><line nr="31" mi="0" ci="3" mb="0" cb="0"/><line nr="32" mi="0" ci="3" mb="0" cb="0"/><line nr="33" mi="0" ci="3" mb="0" cb="0"/><line nr="34" mi="0" ci="1" mb="0" cb="0"/><line nr="37" mi="0" ci="3" mb="0" cb="0"/><line nr="41" mi="0" ci="3" mb="0" cb="0"/><line nr="42" mi="0" ci="1" mb="0" cb="0"/><line nr="45" mi="0" ci="3" mb="0" cb="0"/><line nr="49" mi="0" ci="3" mb="0" cb="0"/><line nr="50" mi="0" ci="1" mb="0" cb="0"/><line nr="53" mi="0" ci="3" mb="0" cb="0"/><line nr="57" mi="0" ci="3" mb="0" cb="0"/><line nr="58" mi="0" ci="1" mb="0" cb="0"/><counter type="INSTRUCTION" missed="0" covered="40"/><counter type="LINE" missed="0" covered="16"/><counter type="COMPLEXITY" missed="0" covered="8"/><counter type="METHOD" missed="0" covered="8"/><counter type="CLASS" missed="0" covered="1"/></sourcefile><sourcefile name="ImportedConsumesHttpSpec.java"><line nr="44" mi="0" ci="4" mb="0" cb="0"/><line nr="45" mi="0" ci="1" mb="0" cb="0"/><line nr="48" mi="4" ci="0" mb="0" cb="0"/><line nr="49" mi="3" ci="0" mb="0" cb="0"/><line nr="50" mi="3" ci="0" mb="0" cb="0"/><line nr="51" mi="3" ci="0" mb="0" cb="0"/><line nr="52" mi="1" ci="0" mb="0" cb="0"/><line nr="55" mi="4" ci="0" mb="0" cb="0"/><line nr="56" mi="3" ci="0" mb="0" cb="0"/><line nr="57" mi="3" ci="0" mb="0" cb="0"/><line nr="58" mi="3" ci="0" mb="0" cb="0"/><line nr="59" mi="3" ci="0" mb="0" cb="0"/><line nr="60" mi="1" ci="0" mb="0" cb="0"/><line nr="63" mi="0" ci="3" mb="0" cb="0"/><line nr="67" mi="0" ci="3" mb="0" cb="0"/><line nr="68" mi="0" ci="1" mb="0" cb="0"/><line nr="71" mi="0" ci="3" mb="0" cb="0"/><line nr="75" mi="0" ci="3" mb="0" cb="0"/><line nr="76" mi="0" ci="1" mb="0" cb="0"/><line nr="79" mi="0" ci="3" mb="0" cb="0"/><line nr="83" mi="0" ci="3" mb="0" cb="0"/><line nr="84" mi="0" ci="1" mb="0" cb="0"/><line nr="87" mi="0" ci="3" mb="0" cb="0"/><line nr="91" mi="0" ci="3" mb="0" cb="0"/><line nr="92" mi="0" ci="1" mb="0" cb="0"/><line nr="101" mi="3" ci="0" mb="2" cb="0"/><line nr="102" mi="7" ci="0" mb="0" cb="0"/><line nr="106" mi="13" ci="0" mb="4" cb="0"/><counter type="INSTRUCTION" missed="54" covered="33"/><counter type="BRANCH" missed="6" covered="0"/><counter type="LINE" missed="14" covered="14"/><counter type="COMPLEXITY" missed="6" covered="9"/><counter type="METHOD" missed="3" covered="9"/><counter type="CLASS" missed="0" covered="1"/></sourcefile><sourcefile name="AuthenticationSpec.java"><line nr="39" mi="3" ci="0" mb="0" cb="0"/><line nr="40" mi="1" ci="0" mb="0" cb="0"/><line nr="42" mi="0" ci="2" mb="0" cb="0"/><line nr="43" mi="0" ci="3" mb="0" cb="0"/><line nr="44" mi="0" ci="1" mb="0" cb="0"/><line nr="47" mi="0" ci="3" mb="0" cb="0"/><line nr="51" mi="3" ci="0" mb="0" cb="0"/><line nr="52" mi="1" ci="0" mb="0" cb="0"/><counter type="INSTRUCTION" missed="8" covered="9"/><counter type="LINE" missed="4" covered="4"/><counter type="COMPLEXITY" missed="2" covered="2"/><counter type="METHOD" missed="2" covered="2"/><counter type="CLASS" missed="0" covered="1"/></sourcefile><sourcefile name="OAuth2AuthenticationSpec.java"><line nr="31" mi="0" ci="5" mb="0" cb="0"/><line nr="32" mi="0" ci="5" mb="0" cb="0"/><line nr="33" mi="0" ci="5" mb="0" cb="0"/><line nr="34" mi="0" ci="5" mb="0" cb="0"/><line nr="35" mi="0" ci="5" mb="0" cb="0"/><line nr="36" mi="0" ci="5" mb="0" cb="0"/><line nr="39" mi="0" ci="3" mb="0" cb="0"/><line nr="40" mi="0" ci="1" mb="0" cb="0"/><line nr="43" mi="0" ci="5" mb="0" cb="0"/><line nr="47" mi="0" ci="4" mb="0" cb="0"/><line nr="48" mi="0" ci="1" mb="0" cb="0"/><line nr="51" mi="5" ci="0" mb="0" cb="0"/><line nr="55" mi="4" ci="0" mb="0" cb="0"/><line nr="56" mi="1" ci="0" mb="0" cb="0"/><line nr="59" mi="0" ci="5" mb="0" cb="0"/><line nr="63" mi="1" ci="8" mb="1" cb="1"/><line nr="64" mi="0" ci="1" mb="0" cb="0"/><line nr="67" mi="5" ci="0" mb="0" cb="0"/><line nr="71" mi="4" ci="0" mb="0" cb="0"/><line nr="72" mi="1" ci="0" mb="0" cb="0"/><line nr="75" mi="5" ci="0" mb="0" cb="0"/><line nr="79" mi="4" ci="0" mb="0" cb="0"/><line nr="80" mi="1" ci="0" mb="0" cb="0"/><line nr="83" mi="0" ci="5" mb="0" cb="0"/><line nr="87" mi="0" ci="4" mb="0" cb="0"/><line nr="88" mi="0" ci="1" mb="0" cb="0"/><counter type="INSTRUCTION" missed="31" covered="68"/><counter type="BRANCH" missed="1" covered="1"/><counter type="LINE" missed="9" covered="17"/><counter type="COMPLEXITY" missed="7" covered="7"/><counter type="METHOD" missed="6" covered="7"/><counter type="CLASS" missed="0" covered="1"/></sourcefile><sourcefile name="DigestAuthenticationSpec.java"><line nr="30" mi="0" ci="5" mb="0" cb="0"/><line nr="31" mi="0" ci="5" mb="0" cb="0"/><line nr="34" mi="0" ci="4" mb="0" cb="0"/><line nr="35" mi="0" ci="1" mb="0" cb="0"/><line nr="38" mi="0" ci="3" mb="0" cb="0"/><line nr="39" mi="0" ci="4" mb="0" cb="0"/><line nr="40" mi="0" ci="10" mb="0" cb="2"/><line nr="41" mi="0" ci="1" mb="0" cb="0"/><line nr="44" mi="0" ci="5" mb="0" cb="0"/><line nr="48" mi="0" ci="4" mb="0" cb="0"/><line nr="49" mi="0" ci="1" mb="0" cb="0"/><line nr="52" mi="0" ci="5" mb="0" cb="0"/><line nr="53" mi="0" ci="8" mb="0" cb="2"/><line nr="57" mi="0" ci="10" mb="0" cb="2"/><line nr="58" mi="0" ci="1" mb="0" cb="0"/><counter type="INSTRUCTION" missed="0" covered="67"/><counter type="BRANCH" missed="0" covered="6"/><counter type="LINE" missed="0" covered="15"/><counter type="COMPLEXITY" missed="0" covered="9"/><counter type="METHOD" missed="0" covered="6"/><counter type="CLASS" missed="0" covered="1"/></sourcefile><sourcefile name="HttpClientResourceSpec.java"><line nr="35" mi="0" ci="8" mb="0" cb="0"/><line nr="39" mi="0" ci="6" mb="0" cb="0"/><line nr="40" mi="0" ci="1" mb="0" cb="0"/><line nr="43" mi="6" ci="0" mb="0" cb="0"/><line nr="44" mi="1" ci="0" mb="0" cb="0"/><line nr="47" mi="0" ci="6" mb="0" cb="0"/><line nr="48" mi="0" ci="1" mb="0" cb="0"/><line nr="52" mi="0" ci="5" mb="0" cb="0"/><line nr="64" mi="0" ci="2" mb="1" cb="1"/><line nr="65" mi="6" ci="0" mb="0" cb="0"/><line nr="66" mi="1" ci="0" mb="0" cb="0"/><line nr="68" mi="0" ci="5" mb="0" cb="0"/><line nr="69" mi="0" ci="10" mb="0" cb="2"/><line nr="70" mi="0" ci="3" mb="0" cb="0"/><line nr="71" mi="0" ci="1" mb="0" cb="0"/><line nr="72" mi="0" ci="4" mb="0" cb="0"/><line nr="73" mi="0" ci="1" mb="0" cb="0"/><counter type="INSTRUCTION" missed="14" covered="53"/><counter type="BRANCH" missed="1" covered="3"/><counter type="LINE" missed="4" covered="13"/><counter type="COMPLEXITY" missed="2" covered="5"/><counter type="METHOD" missed="1" covered="4"/><counter type="CLASS" missed="0" covered="1"/></sourcefile><sourcefile name="BasicAuthenticationSpec.java"><line nr="30" mi="0" ci="5" mb="0" cb="0"/><line nr="31" mi="0" ci="5" mb="0" cb="0"/><line nr="34" mi="0" ci="4" mb="0" cb="0"/><line nr="35" mi="0" ci="1" mb="0" cb="0"/><line nr="38" mi="0" ci="3" mb="0" cb="0"/><line nr="39" mi="0" ci="4" mb="0" cb="0"/><line nr="40" mi="0" ci="10" mb="0" cb="2"/><line nr="41" mi="0" ci="1" mb="0" cb="0"/><line nr="44" mi="0" ci="5" mb="0" cb="0"/><line nr="48" mi="0" ci="4" mb="0" cb="0"/><line nr="49" mi="0" ci="1" mb="0" cb="0"/><line nr="52" mi="0" ci="5" mb="0" cb="0"/><line nr="53" mi="0" ci="8" mb="0" cb="2"/><line nr="57" mi="0" ci="10" mb="0" cb="2"/><line nr="58" mi="0" ci="1" mb="0" cb="0"/><counter type="INSTRUCTION" missed="0" covered="67"/><counter type="BRANCH" missed="0" covered="6"/><counter type="LINE" missed="0" covered="15"/><counter type="COMPLEXITY" missed="0" covered="9"/><counter type="METHOD" missed="0" covered="6"/><counter type="CLASS" missed="0" covered="1"/></sourcefile><sourcefile name="HttpClientSpec.java"><line nr="38" mi="0" ci="5" mb="0" cb="0"/><line nr="39" mi="0" ci="5" mb="0" cb="0"/><line nr="48" mi="0" ci="4" mb="0" cb="0"/><line nr="49" mi="0" ci="2" mb="0" cb="0"/><line nr="50" mi="0" ci="4" mb="0" cb="0"/><line nr="51" mi="0" ci="5" mb="0" cb="0"/><line nr="52" mi="0" ci="4" mb="0" cb="0"/><line nr="53" mi="0" ci="5" mb="0" cb="0"/><line nr="54" mi="0" ci="1" mb="0" cb="0"/><line nr="57" mi="0" ci="5" mb="0" cb="0"/><line nr="58" mi="0" ci="1" mb="0" cb="0"/><line nr="61" mi="0" ci="3" mb="0" cb="0"/><line nr="62" mi="0" ci="1" mb="0" cb="0"/><line nr="65" mi="0" ci="5" mb="0" cb="0"/><line nr="69" mi="0" ci="2" mb="0" cb="0"/><line nr="70" mi="0" ci="4" mb="0" cb="0"/><line nr="71" mi="0" ci="1" mb="0" cb="0"/><line nr="77" mi="0" ci="6" mb="0" cb="4"/><line nr="78" mi="0" ci="6" mb="0" cb="0"/><line nr="81" mi="0" ci="1" mb="0" cb="0"/><line nr="84" mi="3" ci="0" mb="0" cb="0"/><line nr="89" mi="0" ci="5" mb="0" cb="0"/><line nr="93" mi="4" ci="0" mb="0" cb="0"/><line nr="94" mi="1" ci="0" mb="0" cb="0"/><line nr="97" mi="0" ci="3" mb="0" cb="0"/><counter type="INSTRUCTION" missed="8" covered="78"/><counter type="BRANCH" missed="0" covered="4"/><counter type="LINE" missed="3" covered="22"/><counter type="COMPLEXITY" missed="2" covered="10"/><counter type="METHOD" missed="2" covered="8"/><counter type="CLASS" missed="0" covered="1"/></sourcefile><sourcefile name="HttpClientOperationSpec.java"><line nr="38" mi="0" ci="5" mb="0" cb="0"/><line nr="41" mi="0" ci="9" mb="0" cb="0"/><line nr="42" mi="0" ci="1" mb="0" cb="0"/><line nr="45" mi="9" ci="0" mb="0" cb="0"/><line nr="46" mi="1" ci="0" mb="0" cb="0"/><line nr="49" mi="0" ci="10" mb="0" cb="0"/><line nr="50" mi="0" ci="1" mb="0" cb="0"/><line nr="53" mi="0" ci="9" mb="0" cb="0"/><line nr="54" mi="0" ci="4" mb="0" cb="0"/><line nr="55" mi="0" ci="1" mb="0" cb="0"/><line nr="58" mi="4" ci="0" mb="0" cb="0"/><line nr="62" mi="4" ci="0" mb="0" cb="0"/><line nr="63" mi="1" ci="0" mb="0" cb="0"/><counter type="INSTRUCTION" missed="19" covered="40"/><counter type="LINE" missed="5" covered="8"/><counter type="COMPLEXITY" missed="3" covered="3"/><counter type="METHOD" missed="3" covered="3"/><counter type="CLASS" missed="0" covered="1"/></sourcefile><sourcefile name="BearerAuthenticationSpec.java"><line nr="24" mi="0" ci="3" mb="0" cb="0"/><line nr="25" mi="0" ci="1" mb="0" cb="0"/><line nr="28" mi="0" ci="3" mb="0" cb="0"/><line nr="29" mi="0" ci="3" mb="0" cb="0"/><line nr="30" mi="0" ci="1" mb="0" cb="0"/><line nr="33" mi="0" ci="3" mb="0" cb="0"/><line nr="37" mi="0" ci="3" mb="0" cb="0"/><line nr="38" mi="0" ci="1" mb="0" cb="0"/><counter type="INSTRUCTION" missed="0" covered="18"/><counter type="LINE" missed="0" covered="8"/><counter type="COMPLEXITY" missed="0" covered="4"/><counter type="METHOD" missed="0" covered="4"/><counter type="CLASS" missed="0" covered="1"/></sourcefile><counter type="INSTRUCTION" missed="134" covered="473"/><counter type="BRANCH" missed="8" covered="20"/><counter type="LINE" missed="39" covered="132"/><counter type="COMPLEXITY" missed="22" covered="66"/><counter type="METHOD" missed="17" covered="57"/><counter type="CLASS" missed="0" covered="10"/></package><package name="io/ikanos/spec/util"><class name="io/ikanos/spec/util/OperationStepCallSpec" sourcefilename="OperationStepCallSpec.java"><method name="&lt;init&gt;" desc="()V" line="38"><counter type="INSTRUCTION" missed="0" covered="7"/><counter type="LINE" missed="0" covered="2"/><counter type="COMPLEXITY" missed="0" covered="1"/><counter type="METHOD" missed="0" covered="1"/></method><method name="&lt;init&gt;" desc="(Ljava/lang/String;Ljava/lang/String;)V" line="42"><counter type="INSTRUCTION" missed="6" covered="0"/><counter type="LINE" missed="2" covered="0"/><counter type="COMPLEXITY" missed="1" covered="0"/><counter type="METHOD" missed="1" covered="0"/></method><method name="&lt;init&gt;" desc="(Ljava/lang/String;Ljava/lang/String;Ljava/util/Map;)V" line="46"><counter type="INSTRUCTION" missed="0" covered="7"/><counter type="LINE" missed="0" covered="2"/><counter type="COMPLEXITY" missed="0" covered="1"/><counter type="METHOD" missed="0" covered="1"/></method><method name="&lt;init&gt;" desc="(Ljava/lang/String;Ljava/lang/String;Ljava/lang/String;Ljava/util/Map;)V" line="34"><counter type="INSTRUCTION" missed="0" covered="28"/><counter type="BRANCH" missed="0" covered="2"/><counter type="LINE" missed="0" covered="6"/><counter type="COMPLEXITY" missed="0" covered="2"/><counter type="METHOD" missed="0" covered="1"/></method><method name="getCall" desc="()Ljava/lang/String;" line="57"><counter type="INSTRUCTION" missed="0" covered="5"/><counter type="LINE" missed="0" covered="1"/><counter type="COMPLEXITY" missed="0" covered="1"/><counter type="METHOD" missed="0" covered="1"/></method><method name="setCall" desc="(Ljava/lang/String;)V" line="62"><counter type="INSTRUCTION" missed="0" covered="5"/><counter type="LINE" missed="0" covered="2"/><counter type="COMPLEXITY" missed="0" covered="1"/><counter type="METHOD" missed="0" covered="1"/></method><method name="getWith" desc="()Ljava/util/Map;" line="68"><counter type="INSTRUCTION" missed="0" covered="5"/><counter type="LINE" missed="0" covered="1"/><counter type="COMPLEXITY" missed="0" covered="1"/><counter type="METHOD" missed="0" covered="1"/></method><method name="setWith" desc="(Ljava/util/Map;)V" line="73"><counter type="INSTRUCTION" missed="1" covered="9"/><counter type="BRANCH" missed="1" covered="1"/><counter type="LINE" missed="0" covered="2"/><counter type="COMPLEXITY" missed="1" covered="1"/><counter type="METHOD" missed="0" covered="1"/></method><counter type="INSTRUCTION" missed="7" covered="66"/><counter type="BRANCH" missed="1" covered="3"/><counter type="LINE" missed="2" covered="16"/><counter type="COMPLEXITY" missed="2" covered="8"/><counter type="METHOD" missed="1" covered="7"/><counter type="CLASS" missed="0" covered="1"/></class><class name="io/ikanos/spec/util/StructureSpec" sourcefilename="StructureSpec.java"><method name="&lt;init&gt;" desc="()V" line="68"><counter type="INSTRUCTION" missed="0" covered="16"/><counter type="LINE" missed="0" covered="2"/><counter type="COMPLEXITY" missed="0" covered="1"/><counter type="METHOD" missed="0" covered="1"/></method><method name="&lt;init&gt;" desc="(Ljava/lang/String;Ljava/lang/String;Lio/ikanos/spec/util/StructureSpec;Lio/ikanos/spec/util/StructureSpec;Ljava/lang/String;Ljava/lang/String;Ljava/lang/String;Ljava/lang/Integer;Ljava/lang/Integer;Ljava/lang/String;Ljava/lang/String;Ljava/lang/String;Ljava/lang/String;)V" line="32"><counter type="INSTRUCTION" missed="0" covered="150"/><counter type="LINE" missed="0" covered="34"/><counter type="COMPLEXITY" missed="0" covered="1"/><counter type="METHOD" missed="0" covered="1"/></method><method name="getName" desc="()Ljava/lang/String;" line="98"><counter type="INSTRUCTION" missed="0" covered="5"/><counter type="LINE" missed="0" covered="1"/><counter type="COMPLEXITY" missed="0" covered="1"/><counter type="METHOD" missed="0" covered="1"/></method><method name="setName" desc="(Ljava/lang/String;)V" line="103"><counter type="INSTRUCTION" missed="0" covered="5"/><counter type="LINE" missed="0" covered="2"/><counter type="COMPLEXITY" missed="0" covered="1"/><counter type="METHOD" missed="0" covered="1"/></method><method name="getType" desc="()Ljava/lang/String;" line="108"><counter type="INSTRUCTION" missed="0" covered="5"/><counter type="LINE" missed="0" covered="1"/><counter type="COMPLEXITY" missed="0" covered="1"/><counter type="METHOD" missed="0" covered="1"/></method><method name="setType" desc="(Ljava/lang/String;)V" line="113"><counter type="INSTRUCTION" missed="0" covered="5"/><counter type="LINE" missed="0" covered="2"/><counter type="COMPLEXITY" missed="0" covered="1"/><counter type="METHOD" missed="0" covered="1"/></method><method name="getProperties" desc="()Ljava/util/List;" line="117"><counter type="INSTRUCTION" missed="0" covered="3"/><counter type="LINE" missed="0" covered="1"/><counter type="COMPLEXITY" missed="0" covered="1"/><counter type="METHOD" missed="0" covered="1"/></method><method name="getRequired" desc="()Ljava/util/List;" line="121"><counter type="INSTRUCTION" missed="0" covered="3"/><counter type="LINE" missed="0" covered="1"/><counter type="COMPLEXITY" missed="0" covered="1"/><counter type="METHOD" missed="0" covered="1"/></method><method name="getItems" desc="()Lio/ikanos/spec/util/StructureSpec;" line="127"><counter type="INSTRUCTION" missed="0" covered="5"/><counter type="LINE" missed="0" covered="1"/><counter type="COMPLEXITY" missed="0" covered="1"/><counter type="METHOD" missed="0" covered="1"/></method><method name="setItems" desc="(Lio/ikanos/spec/util/StructureSpec;)V" line="132"><counter type="INSTRUCTION" missed="0" covered="5"/><counter type="LINE" missed="0" covered="2"/><counter type="COMPLEXITY" missed="0" covered="1"/><counter type="METHOD" missed="0" covered="1"/></method><method name="getValues" desc="()Lio/ikanos/spec/util/StructureSpec;" line="138"><counter type="INSTRUCTION" missed="0" covered="5"/><counter type="LINE" missed="0" covered="1"/><counter type="COMPLEXITY" missed="0" covered="1"/><counter type="METHOD" missed="0" covered="1"/></method><method name="setValues" desc="(Lio/ikanos/spec/util/StructureSpec;)V" line="143"><counter type="INSTRUCTION" missed="0" covered="5"/><counter type="LINE" missed="0" covered="2"/><counter type="COMPLEXITY" missed="0" covered="1"/><counter type="METHOD" missed="0" covered="1"/></method><method name="getConstant" desc="()Ljava/lang/String;" line="148"><counter type="INSTRUCTION" missed="0" covered="5"/><counter type="LINE" missed="0" covered="1"/><counter type="COMPLEXITY" missed="0" covered="1"/><counter type="METHOD" missed="0" covered="1"/></method><method name="setConstant" desc="(Ljava/lang/String;)V" line="153"><counter type="INSTRUCTION" missed="0" covered="5"/><counter type="LINE" missed="0" covered="2"/><counter type="COMPLEXITY" missed="0" covered="1"/><counter type="METHOD" missed="0" covered="1"/></method><method name="getEnumeration" desc="()Ljava/util/List;" line="157"><counter type="INSTRUCTION" missed="0" covered="3"/><counter type="LINE" missed="0" covered="1"/><counter type="COMPLEXITY" missed="0" covered="1"/><counter type="METHOD" missed="0" covered="1"/></method><method name="getChoices" desc="()Ljava/util/List;" line="161"><counter type="INSTRUCTION" missed="3" covered="0"/><counter type="LINE" missed="1" covered="0"/><counter type="COMPLEXITY" missed="1" covered="0"/><counter type="METHOD" missed="1" covered="0"/></method><method name="getSelector" desc="()Ljava/lang/String;" line="166"><counter type="INSTRUCTION" missed="0" covered="5"/><counter type="LINE" missed="0" covered="1"/><counter type="COMPLEXITY" missed="0" covered="1"/><counter type="METHOD" missed="0" covered="1"/></method><method name="setSelector" desc="(Ljava/lang/String;)V" line="171"><counter type="INSTRUCTION" missed="0" covered="5"/><counter type="LINE" missed="0" covered="2"/><counter type="COMPLEXITY" missed="0" covered="1"/><counter type="METHOD" missed="0" covered="1"/></method><method name="getMaxLength" desc="()Ljava/lang/String;" line="176"><counter type="INSTRUCTION" missed="0" covered="5"/><counter type="LINE" missed="0" covered="1"/><counter type="COMPLEXITY" missed="0" covered="1"/><counter type="METHOD" missed="0" covered="1"/></method><method name="setMaxLength" desc="(Ljava/lang/String;)V" line="181"><counter type="INSTRUCTION" missed="0" covered="5"/><counter type="LINE" missed="0" covered="2"/><counter type="COMPLEXITY" missed="0" covered="1"/><counter type="METHOD" missed="0" covered="1"/></method><method name="getPrecision" desc="()Ljava/lang/Integer;" line="186"><counter type="INSTRUCTION" missed="0" covered="5"/><counter type="LINE" missed="0" covered="1"/><counter type="COMPLEXITY" missed="0" covered="1"/><counter type="METHOD" missed="0" covered="1"/></method><method name="setPrecision" desc="(Ljava/lang/Integer;)V" line="191"><counter type="INSTRUCTION" missed="0" covered="5"/><counter type="LINE" missed="0" covered="2"/><counter type="COMPLEXITY" missed="0" covered="1"/><counter type="METHOD" missed="0" covered="1"/></method><method name="getScale" desc="()Ljava/lang/Integer;" line="196"><counter type="INSTRUCTION" missed="0" covered="5"/><counter type="LINE" missed="0" covered="1"/><counter type="COMPLEXITY" missed="0" covered="1"/><counter type="METHOD" missed="0" covered="1"/></method><method name="setScale" desc="(Ljava/lang/Integer;)V" line="201"><counter type="INSTRUCTION" missed="0" covered="5"/><counter type="LINE" missed="0" covered="2"/><counter type="COMPLEXITY" missed="0" covered="1"/><counter type="METHOD" missed="0" covered="1"/></method><method name="getContentEncoding" desc="()Ljava/lang/String;" line="206"><counter type="INSTRUCTION" missed="0" covered="5"/><counter type="LINE" missed="0" covered="1"/><counter type="COMPLEXITY" missed="0" covered="1"/><counter type="METHOD" missed="0" covered="1"/></method><method name="setContentEncoding" desc="(Ljava/lang/String;)V" line="211"><counter type="INSTRUCTION" missed="0" covered="5"/><counter type="LINE" missed="0" covered="2"/><counter type="COMPLEXITY" missed="0" covered="1"/><counter type="METHOD" missed="0" covered="1"/></method><method name="getContentCompression" desc="()Ljava/lang/String;" line="216"><counter type="INSTRUCTION" missed="0" covered="5"/><counter type="LINE" missed="0" covered="1"/><counter type="COMPLEXITY" missed="0" covered="1"/><counter type="METHOD" missed="0" covered="1"/></method><method name="setContentCompression" desc="(Ljava/lang/String;)V" line="221"><counter type="INSTRUCTION" missed="0" covered="5"/><counter type="LINE" missed="0" covered="2"/><counter type="COMPLEXITY" missed="0" covered="1"/><counter type="METHOD" missed="0" covered="1"/></method><method name="getContentMediaType" desc="()Ljava/lang/String;" line="226"><counter type="INSTRUCTION" missed="0" covered="5"/><counter type="LINE" missed="0" covered="1"/><counter type="COMPLEXITY" missed="0" covered="1"/><counter type="METHOD" missed="0" covered="1"/></method><method name="setContentMediaType" desc="(Ljava/lang/String;)V" line="231"><counter type="INSTRUCTION" missed="0" covered="5"/><counter type="LINE" missed="0" covered="2"/><counter type="COMPLEXITY" missed="0" covered="1"/><counter type="METHOD" missed="0" covered="1"/></method><method name="getDescription" desc="()Ljava/lang/String;" line="236"><counter type="INSTRUCTION" missed="0" covered="5"/><counter type="LINE" missed="0" covered="1"/><counter type="COMPLEXITY" missed="0" covered="1"/><counter type="METHOD" missed="0" covered="1"/></method><method name="setDescription" desc="(Ljava/lang/String;)V" line="241"><counter type="INSTRUCTION" missed="0" covered="5"/><counter type="LINE" missed="0" covered="2"/><counter type="COMPLEXITY" missed="0" covered="1"/><counter type="METHOD" missed="0" covered="1"/></method><method name="getExamples" desc="()Ljava/util/List;" line="245"><counter type="INSTRUCTION" missed="0" covered="3"/><counter type="LINE" missed="0" covered="1"/><counter type="COMPLEXITY" missed="0" covered="1"/><counter type="METHOD" missed="0" covered="1"/></method><method name="getTuple" desc="()Ljava/util/List;" line="249"><counter type="INSTRUCTION" missed="0" covered="3"/><counter type="LINE" missed="0" covered="1"/><counter type="COMPLEXITY" missed="0" covered="1"/><counter type="METHOD" missed="0" covered="1"/></method><counter type="INSTRUCTION" missed="3" covered="311"/><counter type="LINE" missed="1" covered="80"/><counter type="COMPLEXITY" missed="1" covered="33"/><counter type="METHOD" missed="1" covered="33"/><counter type="CLASS" missed="0" covered="1"/></class><class name="io/ikanos/spec/util/OperationStepSpec" sourcefilename="OperationStepSpec.java"><method name="&lt;init&gt;" desc="()V" line="47"><counter type="INSTRUCTION" missed="5" covered="0"/><counter type="LINE" missed="2" covered="0"/><counter type="COMPLEXITY" missed="1" covered="0"/><counter type="METHOD" missed="1" covered="0"/></method><method name="&lt;init&gt;" desc="(Ljava/lang/String;Ljava/lang/String;)V" line="50"><counter type="INSTRUCTION" missed="0" covered="9"/><counter type="LINE" missed="0" covered="4"/><counter type="COMPLEXITY" missed="0" covered="1"/><counter type="METHOD" missed="0" covered="1"/></method><method name="getType" desc="()Ljava/lang/String;" line="56"><counter type="INSTRUCTION" missed="0" covered="3"/><counter type="LINE" missed="0" covered="1"/><counter type="COMPLEXITY" missed="0" covered="1"/><counter type="METHOD" missed="0" covered="1"/></method><method name="setType" desc="(Ljava/lang/String;)V" line="60"><counter type="INSTRUCTION" missed="0" covered="4"/><counter type="LINE" missed="0" covered="2"/><counter type="COMPLEXITY" missed="0" covered="1"/><counter type="METHOD" missed="0" covered="1"/></method><method name="getName" desc="()Ljava/lang/String;" line="64"><counter type="INSTRUCTION" missed="0" covered="3"/><counter type="LINE" missed="0" covered="1"/><counter type="COMPLEXITY" missed="0" covered="1"/><counter type="METHOD" missed="0" covered="1"/></method><method name="setName" desc="(Ljava/lang/String;)V" line="68"><counter type="INSTRUCTION" missed="0" covered="4"/><counter type="LINE" missed="0" covered="2"/><counter type="COMPLEXITY" missed="0" covered="1"/><counter type="METHOD" missed="0" covered="1"/></method><counter type="INSTRUCTION" missed="5" covered="23"/><counter type="LINE" missed="2" covered="10"/><counter type="COMPLEXITY" missed="1" covered="5"/><counter type="METHOD" missed="1" covered="5"/><counter type="CLASS" missed="0" covered="1"/></class><class name="io/ikanos/spec/util/StepOutputMappingSpec" sourcefilename="StepOutputMappingSpec.java"><method name="&lt;init&gt;" desc="()V" line="27"><counter type="INSTRUCTION" missed="3" covered="0"/><counter type="LINE" missed="1" covered="0"/><counter type="COMPLEXITY" missed="1" covered="0"/><counter type="METHOD" missed="1" covered="0"/></method><method name="&lt;init&gt;" desc="(Ljava/lang/String;Ljava/lang/String;)V" line="29"><counter type="INSTRUCTION" missed="9" covered="0"/><counter type="LINE" missed="4" covered="0"/><counter type="COMPLEXITY" missed="1" covered="0"/><counter type="METHOD" missed="1" covered="0"/></method><method name="getTargetName" desc="()Ljava/lang/String;" line="35"><counter type="INSTRUCTION" missed="3" covered="0"/><counter type="LINE" missed="1" covered="0"/><counter type="COMPLEXITY" missed="1" covered="0"/><counter type="METHOD" missed="1" covered="0"/></method><method name="setTargetName" desc="(Ljava/lang/String;)V" line="39"><counter type="INSTRUCTION" missed="4" covered="0"/><counter type="LINE" missed="2" covered="0"/><counter type="COMPLEXITY" missed="1" covered="0"/><counter type="METHOD" missed="1" covered="0"/></method><method name="getValue" desc="()Ljava/lang/String;" line="43"><counter type="INSTRUCTION" missed="3" covered="0"/><counter type="LINE" missed="1" covered="0"/><counter type="COMPLEXITY" missed="1" covered="0"/><counter type="METHOD" missed="1" covered="0"/></method><method name="setValue" desc="(Ljava/lang/String;)V" line="47"><counter type="INSTRUCTION" missed="4" covered="0"/><counter type="LINE" missed="2" covered="0"/><counter type="COMPLEXITY" missed="1" covered="0"/><counter type="METHOD" missed="1" covered="0"/></method><counter type="INSTRUCTION" missed="26" covered="0"/><counter type="LINE" missed="11" covered="0"/><counter type="COMPLEXITY" missed="6" covered="0"/><counter type="METHOD" missed="6" covered="0"/><counter type="CLASS" missed="1" covered="0"/></class><class name="io/ikanos/spec/util/OperationStepLookupSpec" sourcefilename="OperationStepLookupSpec.java"><method name="&lt;init&gt;" desc="()V" line="43"><counter type="INSTRUCTION" missed="0" covered="8"/><counter type="LINE" missed="0" covered="2"/><counter type="COMPLEXITY" missed="0" covered="1"/><counter type="METHOD" missed="0" covered="1"/></method><method name="&lt;init&gt;" desc="(Ljava/lang/String;Ljava/lang/String;Ljava/lang/String;Ljava/lang/String;)V" line="47"><counter type="INSTRUCTION" missed="8" covered="0"/><counter type="LINE" missed="2" covered="0"/><counter type="COMPLEXITY" missed="1" covered="0"/><counter type="METHOD" missed="1" covered="0"/></method><method name="&lt;init&gt;" desc="(Ljava/lang/String;Ljava/lang/String;Ljava/lang/String;Ljava/lang/String;Ljava/util/List;)V" line="51"><counter type="INSTRUCTION" missed="0" covered="9"/><counter type="LINE" missed="0" covered="2"/><counter type="COMPLEXITY" missed="0" covered="1"/><counter type="METHOD" missed="0" covered="1"/></method><method name="&lt;init&gt;" desc="(Ljava/lang/String;Ljava/lang/String;Ljava/lang/String;Ljava/lang/String;Ljava/lang/String;Ljava/util/List;)V" line="55"><counter type="INSTRUCTION" missed="0" covered="26"/><counter type="BRANCH" missed="0" covered="2"/><counter type="LINE" missed="0" covered="8"/><counter type="COMPLEXITY" missed="0" covered="2"/><counter type="METHOD" missed="0" covered="1"/></method><method name="getIndex" desc="()Ljava/lang/String;" line="66"><counter type="INSTRUCTION" missed="0" covered="3"/><counter type="LINE" missed="0" covered="1"/><counter type="COMPLEXITY" missed="0" covered="1"/><counter type="METHOD" missed="0" covered="1"/></method><method name="setIndex" desc="(Ljava/lang/String;)V" line="70"><counter type="INSTRUCTION" missed="0" covered="4"/><counter type="LINE" missed="0" covered="2"/><counter type="COMPLEXITY" missed="0" covered="1"/><counter type="METHOD" missed="0" covered="1"/></method><method name="getMatch" desc="()Ljava/lang/String;" line="74"><counter type="INSTRUCTION" missed="0" covered="3"/><counter type="LINE" missed="0" covered="1"/><counter type="COMPLEXITY" missed="0" covered="1"/><counter type="METHOD" missed="0" covered="1"/></method><method name="setMatch" desc="(Ljava/lang/String;)V" line="78"><counter type="INSTRUCTION" missed="0" covered="4"/><counter type="LINE" missed="0" covered="2"/><counter type="COMPLEXITY" missed="0" covered="1"/><counter type="METHOD" missed="0" covered="1"/></method><method name="getLookupValue" desc="()Ljava/lang/String;" line="82"><counter type="INSTRUCTION" missed="0" covered="3"/><counter type="LINE" missed="0" covered="1"/><counter type="COMPLEXITY" missed="0" covered="1"/><counter type="METHOD" missed="0" covered="1"/></method><method name="setLookupValue" desc="(Ljava/lang/String;)V" line="86"><counter type="INSTRUCTION" missed="0" covered="4"/><counter type="LINE" missed="0" covered="2"/><counter type="COMPLEXITY" missed="0" covered="1"/><counter type="METHOD" missed="0" covered="1"/></method><method name="getOutputParameters" desc="()Ljava/util/List;" line="90"><counter type="INSTRUCTION" missed="0" covered="3"/><counter type="LINE" missed="0" covered="1"/><counter type="COMPLEXITY" missed="0" covered="1"/><counter type="METHOD" missed="0" covered="1"/></method><counter type="INSTRUCTION" missed="8" covered="67"/><counter type="BRANCH" missed="0" covered="2"/><counter type="LINE" missed="2" covered="22"/><counter type="COMPLEXITY" missed="1" covered="11"/><counter type="METHOD" missed="1" covered="10"/><counter type="CLASS" missed="0" covered="1"/></class><class name="io/ikanos/spec/util/BindingSpec" sourcefilename="BindingSpec.java"><method name="&lt;init&gt;" desc="()V" line="30"><counter type="INSTRUCTION" missed="0" covered="23"/><counter type="LINE" missed="0" covered="6"/><counter type="COMPLEXITY" missed="0" covered="1"/><counter type="METHOD" missed="0" covered="1"/></method><method name="&lt;init&gt;" desc="(Ljava/lang/String;Ljava/lang/String;Ljava/lang/String;Lio/ikanos/spec/util/BindingKeysSpec;)V" line="30"><counter type="INSTRUCTION" missed="0" covered="39"/><counter type="LINE" missed="0" covered="10"/><counter type="COMPLEXITY" missed="0" covered="1"/><counter type="METHOD" missed="0" covered="1"/></method><method name="getNamespace" desc="()Ljava/lang/String;" line="46"><counter type="INSTRUCTION" missed="0" covered="5"/><counter type="LINE" missed="0" covered="1"/><counter type="COMPLEXITY" missed="0" covered="1"/><counter type="METHOD" missed="0" covered="1"/></method><method name="setNamespace" desc="(Ljava/lang/String;)V" line="50"><counter type="INSTRUCTION" missed="0" covered="5"/><counter type="LINE" missed="0" covered="2"/><counter type="COMPLEXITY" missed="0" covered="1"/><counter type="METHOD" missed="0" covered="1"/></method><method name="getDescription" desc="()Ljava/lang/String;" line="54"><counter type="INSTRUCTION" missed="0" covered="5"/><counter type="LINE" missed="0" covered="1"/><counter type="COMPLEXITY" missed="0" covered="1"/><counter type="METHOD" missed="0" covered="1"/></method><method name="setDescription" desc="(Ljava/lang/String;)V" line="58"><counter type="INSTRUCTION" missed="0" covered="5"/><counter type="LINE" missed="0" covered="2"/><counter type="COMPLEXITY" missed="0" covered="1"/><counter type="METHOD" missed="0" covered="1"/></method><method name="getLocation" desc="()Ljava/lang/String;" line="62"><counter type="INSTRUCTION" missed="0" covered="5"/><counter type="LINE" missed="0" c
[...]
pe="LINE" missed="11" covered="36"/><counter type="COMPLEXITY" missed="7" covered="13"/><counter type="METHOD" missed="7" covered="13"/><counter type="CLASS" missed="0" covered="1"/></sourcefile><sourcefile name="InputParameterSpec.java"><line nr="36" mi="6" ci="3" mb="0" cb="0"/><line nr="46" mi="0" ci="2" mb="0" cb="0"/><line nr="47" mi="0" ci="1" mb="0" cb="0"/><line nr="50" mi="15" ci="0" mb="0" cb="0"/><line nr="51" mi="3" ci="0" mb="0" cb="0"/><line nr="52" mi="3" ci="0" mb="0" cb="0"/><line nr="53" mi="1" ci="0" mb="0" cb="0"/><line nr="59" mi="15" ci="0" mb="0" cb="0"/><line nr="61" mi="3" ci="0" mb="0" cb="0"/><line nr="62" mi="3" ci="0" mb="0" cb="0"/><line nr="63" mi="1" ci="0" mb="0" cb="0"/><line nr="66" mi="0" ci="3" mb="0" cb="0"/><line nr="70" mi="0" ci="3" mb="0" cb="0"/><line nr="71" mi="0" ci="1" mb="0" cb="0"/><line nr="74" mi="0" ci="3" mb="0" cb="0"/><line nr="78" mi="0" ci="3" mb="0" cb="0"/><line nr="79" mi="0" ci="1" mb="0" cb="0"/><line nr="82" mi="0" ci="3" mb="0" cb="0"/><line nr="86" mi="0" ci="3" mb="0" cb="0"/><line nr="87" mi="0" ci="1" mb="0" cb="0"/><line nr="90" mi="0" ci="3" mb="0" cb="0"/><line nr="94" mi="0" ci="3" mb="0" cb="0"/><line nr="95" mi="0" ci="1" mb="0" cb="0"/><counter type="INSTRUCTION" missed="50" covered="34"/><counter type="LINE" missed="8" covered="15"/><counter type="COMPLEXITY" missed="2" covered="9"/><counter type="METHOD" missed="2" covered="9"/><counter type="CLASS" missed="0" covered="1"/></sourcefile><sourcefile name="InputParameterSerializer.java"><line nr="28" mi="0" ci="3" mb="0" cb="0"/><line nr="33" mi="0" ci="2" mb="0" cb="2"/><line nr="34" mi="0" ci="2" mb="0" cb="0"/><line nr="35" mi="0" ci="1" mb="0" cb="0"/><line nr="38" mi="0" ci="3" mb="0" cb="0"/><line nr="39" mi="0" ci="4" mb="0" cb="0"/><line nr="40" mi="0" ci="3" mb="0" cb="0"/><line nr="41" mi="0" ci="1" mb="0" cb="0"/><line nr="48" mi="0" ci="3" mb="0" cb="2"/><line nr="49" mi="0" ci="6" mb="0" cb="0"/><line nr="52" mi="0" ci="3" mb="1" cb="1"/><line nr="53" mi="0" ci="6" mb="0" cb="0"/><line nr="56" mi="0" ci="3" mb="0" cb="2"/><line nr="57" mi="0" ci="6" mb="0" cb="0"/><line nr="60" mi="0" ci="3" mb="0" cb="2"/><line nr="61" mi="0" ci="6" mb="0" cb="0"/><line nr="64" mi="0" ci="3" mb="0" cb="2"/><line nr="65" mi="0" ci="6" mb="0" cb="0"/><line nr="68" mi="0" ci="3" mb="0" cb="2"/><line nr="69" mi="0" ci="6" mb="0" cb="0"/><line nr="72" mi="0" ci="3" mb="0" cb="2"/><line nr="73" mi="0" ci="6" mb="0" cb="0"/><line nr="76" mi="0" ci="3" mb="0" cb="2"/><line nr="77" mi="0" ci="6" mb="0" cb="0"/><line nr="81" mi="0" ci="3" mb="0" cb="2"/><line nr="82" mi="0" ci="6" mb="0" cb="0"/><line nr="85" mi="0" ci="3" mb="0" cb="2"/><line nr="86" mi="0" ci="6" mb="0" cb="0"/><line nr="89" mi="0" ci="3" mb="0" cb="2"/><line nr="90" mi="0" ci="6" mb="0" cb="0"/><line nr="94" mi="0" ci="3" mb="0" cb="2"/><line nr="95" mi="0" ci="6" mb="0" cb="0"/><line nr="98" mi="0" ci="3" mb="0" cb="2"/><line nr="99" mi="0" ci="6" mb="0" cb="0"/><line nr="102" mi="0" ci="3" mb="0" cb="2"/><line nr="103" mi="0" ci="6" mb="0" cb="0"/><line nr="107" mi="0" ci="4" mb="0" cb="2"/><line nr="108" mi="0" ci="4" mb="0" cb="0"/><line nr="109" mi="0" ci="11" mb="0" cb="2"/><line nr="110" mi="0" ci="4" mb="0" cb="0"/><line nr="111" mi="0" ci="1" mb="0" cb="0"/><line nr="115" mi="0" ci="4" mb="0" cb="2"/><line nr="116" mi="0" ci="4" mb="0" cb="0"/><line nr="117" mi="0" ci="11" mb="0" cb="2"/><line nr="118" mi="0" ci="4" mb="0" cb="0"/><line nr="119" mi="0" ci="1" mb="0" cb="0"/><line nr="123" mi="0" ci="4" mb="0" cb="2"/><line nr="124" mi="0" ci="4" mb="0" cb="0"/><line nr="125" mi="0" ci="11" mb="0" cb="2"/><line nr="126" mi="0" ci="4" mb="0" cb="0"/><line nr="127" mi="0" ci="1" mb="0" cb="0"/><line nr="131" mi="0" ci="4" mb="0" cb="2"/><line nr="132" mi="0" ci="4" mb="0" cb="0"/><line nr="133" mi="0" ci="11" mb="0" cb="2"/><line nr="134" mi="0" ci="4" mb="0" cb="0"/><line nr="135" mi="0" ci="1" mb="0" cb="0"/><line nr="139" mi="0" ci="3" mb="0" cb="2"/><line nr="140" mi="0" ci="5" mb="0" cb="0"/><line nr="141" mi="0" ci="6" mb="0" cb="0"/><line nr="145" mi="0" ci="3" mb="0" cb="2"/><line nr="146" mi="0" ci="4" mb="0" cb="0"/><line nr="147" mi="0" ci="6" mb="0" cb="0"/><line nr="151" mi="0" ci="4" mb="0" cb="2"/><line nr="152" mi="0" ci="4" mb="0" cb="0"/><line nr="153" mi="0" ci="11" mb="0" cb="2"/><line nr="154" mi="0" ci="3" mb="0" cb="0"/><line nr="155" mi="0" ci="2" mb="0" cb="2"/><line nr="156" mi="0" ci="4" mb="0" cb="0"/><line nr="158" mi="0" ci="4" mb="0" cb="0"/><line nr="160" mi="0" ci="1" mb="0" cb="0"/><line nr="162" mi="0" ci="1" mb="0" cb="0"/><line nr="170" mi="0" ci="3" mb="1" cb="1"/><line nr="171" mi="0" ci="6" mb="0" cb="0"/><line nr="174" mi="0" ci="3" mb="0" cb="2"/><line nr="175" mi="0" ci="6" mb="0" cb="0"/><line nr="178" mi="0" ci="3" mb="0" cb="2"/><line nr="179" mi="0" ci="6" mb="0" cb="0"/><line nr="182" mi="0" ci="3" mb="0" cb="2"/><line nr="183" mi="0" ci="6" mb="0" cb="0"/><line nr="186" mi="0" ci="3" mb="0" cb="2"/><line nr="187" mi="0" ci="6" mb="0" cb="0"/><line nr="190" mi="0" ci="3" mb="0" cb="2"/><line nr="191" mi="0" ci="6" mb="0" cb="0"/><line nr="194" mi="0" ci="3" mb="0" cb="2"/><line nr="195" mi="0" ci="6" mb="0" cb="0"/><line nr="198" mi="0" ci="3" mb="0" cb="2"/><line nr="199" mi="0" ci="6" mb="0" cb="0"/><line nr="202" mi="0" ci="3" mb="0" cb="2"/><line nr="203" mi="0" ci="6" mb="0" cb="0"/><line nr="206" mi="0" ci="3" mb="0" cb="2"/><line nr="207" mi="0" ci="6" mb="0" cb="0"/><line nr="210" mi="0" ci="3" mb="0" cb="2"/><line nr="211" mi="0" ci="6" mb="0" cb="0"/><line nr="214" mi="0" ci="3" mb="0" cb="2"/><line nr="215" mi="0" ci="6" mb="0" cb="0"/><line nr="218" mi="0" ci="3" mb="0" cb="2"/><line nr="219" mi="0" ci="6" mb="0" cb="0"/><line nr="222" mi="0" ci="4" mb="0" cb="2"/><line nr="223" mi="0" ci="4" mb="0" cb="0"/><line nr="224" mi="0" ci="11" mb="0" cb="2"/><line nr="225" mi="0" ci="4" mb="0" cb="0"/><line nr="226" mi="0" ci="1" mb="0" cb="0"/><line nr="229" mi="0" ci="4" mb="0" cb="2"/><line nr="230" mi="0" ci="4" mb="0" cb="0"/><line nr="231" mi="0" ci="11" mb="0" cb="2"/><line nr="232" mi="0" ci="4" mb="0" cb="0"/><line nr="233" mi="0" ci="1" mb="0" cb="0"/><line nr="236" mi="0" ci="4" mb="0" cb="2"/><line nr="237" mi="0" ci="4" mb="0" cb="0"/><line nr="238" mi="0" ci="11" mb="0" cb="2"/><line nr="239" mi="0" ci="4" mb="0" cb="0"/><line nr="240" mi="0" ci="1" mb="0" cb="0"/><line nr="243" mi="0" ci="4" mb="0" cb="2"/><line nr="244" mi="0" ci="4" mb="0" cb="0"/><line nr="245" mi="0" ci="11" mb="0" cb="2"/><line nr="246" mi="0" ci="4" mb="0" cb="0"/><line nr="247" mi="0" ci="1" mb="0" cb="0"/><line nr="250" mi="0" ci="3" mb="0" cb="2"/><line nr="251" mi="0" ci="5" mb="0" cb="0"/><line nr="252" mi="0" ci="6" mb="0" cb="0"/><line nr="255" mi="0" ci="3" mb="0" cb="2"/><line nr="256" mi="0" ci="4" mb="0" cb="0"/><line nr="257" mi="0" ci="6" mb="0" cb="0"/><line nr="260" mi="0" ci="4" mb="0" cb="2"/><line nr="261" mi="0" ci="4" mb="0" cb="0"/><line nr="262" mi="0" ci="11" mb="0" cb="2"/><line nr="263" mi="0" ci="3" mb="0" cb="0"/><line nr="264" mi="0" ci="2" mb="1" cb="1"/><line nr="265" mi="0" ci="4" mb="0" cb="0"/><line nr="266" mi="0" ci="4" mb="0" cb="0"/><line nr="268" mi="0" ci="1" mb="0" cb="0"/><line nr="270" mi="0" ci="1" mb="0" cb="0"/><counter type="INSTRUCTION" missed="0" covered="576"/><counter type="BRANCH" missed="3" covered="105"/><counter type="LINE" missed="0" covered="132"/><counter type="COMPLEXITY" missed="3" covered="55"/><counter type="METHOD" missed="0" covered="4"/><counter type="CLASS" missed="0" covered="1"/></sourcefile><sourcefile name="IkanosSpec.java"><line nr="36" mi="0" ci="5" mb="0" cb="0"/><line nr="37" mi="0" ci="5" mb="0" cb="0"/><line nr="38" mi="0" ci="5" mb="0" cb="0"/><line nr="46" mi="0" ci="2" mb="0" cb="0"/><line nr="47" mi="0" ci="4" mb="0" cb="0"/><line nr="48" mi="0" ci="4" mb="0" cb="0"/><line nr="49" mi="0" ci="5" mb="0" cb="0"/><line nr="50" mi="0" ci="4" mb="0" cb="0"/><line nr="51" mi="0" ci="5" mb="0" cb="0"/><line nr="52" mi="0" ci="1" mb="0" cb="0"/><line nr="55" mi="0" ci="5" mb="0" cb="0"/><line nr="56" mi="0" ci="1" mb="0" cb="0"/><line nr="59" mi="0" ci="5" mb="0" cb="0"/><line nr="63" mi="0" ci="4" mb="0" cb="0"/><line nr="64" mi="0" ci="1" mb="0" cb="0"/><line nr="67" mi="0" ci="5" mb="0" cb="0"/><line nr="71" mi="0" ci="4" mb="0" cb="0"/><line nr="72" mi="0" ci="1" mb="0" cb="0"/><line nr="75" mi="3" ci="0" mb="0" cb="0"/><line nr="79" mi="0" ci="5" mb="0" cb="0"/><line nr="83" mi="0" ci="4" mb="0" cb="0"/><line nr="84" mi="0" ci="1" mb="0" cb="0"/><line nr="87" mi="3" ci="0" mb="0" cb="0"/><counter type="INSTRUCTION" missed="6" covered="76"/><counter type="LINE" missed="2" covered="21"/><counter type="COMPLEXITY" missed="2" covered="8"/><counter type="METHOD" missed="2" covered="8"/><counter type="CLASS" missed="0" covered="1"/></sourcefile><sourcefile name="OutputParameterDeserializer.java"><line nr="27" mi="0" ci="3" mb="0" cb="0"/><line nr="32" mi="0" ci="6" mb="0" cb="0"/><line nr="33" mi="0" ci="5" mb="0" cb="0"/><line nr="41" mi="0" ci="4" mb="0" cb="0"/><line nr="43" mi="0" ci="4" mb="0" cb="2"/><line nr="44" mi="0" ci="6" mb="0" cb="0"/><line nr="47" mi="0" ci="4" mb="1" cb="1"/><line nr="48" mi="0" ci="6" mb="0" cb="0"/><line nr="51" mi="0" ci="4" mb="0" cb="2"/><line nr="52" mi="0" ci="6" mb="0" cb="0"/><line nr="55" mi="0" ci="4" mb="0" cb="2"/><line nr="56" mi="0" ci="5" mb="0" cb="0"/><line nr="57" mi="1" ci="6" mb="1" cb="1"/><line nr="62" mi="0" ci="12" mb="1" cb="5"/><line nr="63" mi="0" ci="4" mb="0" cb="0"/><line nr="65" mi="0" ci="3" mb="0" cb="0"/><line nr="69" mi="0" ci="4" mb="1" cb="1"/><line nr="70" mi="6" ci="0" mb="0" cb="0"/><line nr="73" mi="0" ci="4" mb="0" cb="2"/><line nr="74" mi="0" ci="6" mb="0" cb="0"/><line nr="77" mi="0" ci="4" mb="0" cb="2"/><line nr="78" mi="0" ci="6" mb="0" cb="0"/><line nr="82" mi="0" ci="4" mb="0" cb="2"/><line nr="83" mi="0" ci="4" mb="0" cb="0"/><line nr="84" mi="0" ci="6" mb="2" cb="2"/><line nr="85" mi="0" ci="7" mb="0" cb="0"/><line nr="86" mi="0" ci="3" mb="0" cb="0"/><line nr="87" mi="3" ci="1" mb="2" cb="0"/><line nr="88" mi="5" ci="0" mb="0" cb="0"/><line nr="89" mi="3" ci="0" mb="0" cb="0"/><line nr="94" mi="0" ci="4" mb="1" cb="1"/><line nr="95" mi="4" ci="0" mb="0" cb="0"/><line nr="96" mi="5" ci="0" mb="0" cb="0"/><line nr="97" mi="3" ci="0" mb="0" cb="0"/><line nr="101" mi="0" ci="4" mb="0" cb="2"/><line nr="102" mi="0" ci="4" mb="0" cb="0"/><line nr="103" mi="0" ci="3" mb="1" cb="1"/><line nr="104" mi="0" ci="7" mb="0" cb="0"/><line nr="106" mi="0" ci="4" mb="0" cb="0"/><line nr="107" mi="0" ci="4" mb="0" cb="0"/><line nr="109" mi="0" ci="5" mb="0" cb="0"/><line nr="112" mi="0" ci="3" mb="1" cb="1"/><line nr="113" mi="0" ci="3" mb="0" cb="0"/><line nr="115" mi="0" ci="5" mb="0" cb="0"/><line nr="116" mi="1" ci="0" mb="0" cb="0"/><line nr="117" mi="3" ci="0" mb="0" cb="0"/><line nr="118" mi="6" ci="0" mb="0" cb="0"/><line nr="119" mi="0" ci="1" mb="0" cb="0"/><line nr="120" mi="0" ci="1" mb="0" cb="0"/><line nr="125" mi="0" ci="4" mb="0" cb="2"/><line nr="126" mi="0" ci="4" mb="0" cb="0"/><line nr="127" mi="0" ci="3" mb="1" cb="1"/><line nr="128" mi="0" ci="11" mb="0" cb="0"/><line nr="133" mi="0" ci="4" mb="0" cb="2"/><line nr="134" mi="0" ci="4" mb="0" cb="0"/><line nr="135" mi="0" ci="3" mb="1" cb="1"/><line nr="136" mi="0" ci="11" mb="0" cb="0"/><line nr="141" mi="0" ci="4" mb="1" cb="1"/><line nr="142" mi="7" ci="0" mb="0" cb="0"/><line nr="145" mi="0" ci="4" mb="1" cb="1"/><line nr="146" mi="7" ci="0" mb="0" cb="0"/><line nr="149" mi="0" ci="4" mb="0" cb="2"/><line nr="150" mi="0" ci="6" mb="0" cb="0"/><line nr="153" mi="0" ci="4" mb="1" cb="1"/><line nr="154" mi="6" ci="0" mb="0" cb="0"/><line nr="157" mi="0" ci="4" mb="1" cb="1"/><line nr="158" mi="6" ci="0" mb="0" cb="0"/><line nr="161" mi="0" ci="4" mb="1" cb="1"/><line nr="162" mi="6" ci="0" mb="0" cb="0"/><line nr="165" mi="0" ci="2" mb="0" cb="0"/><counter type="INSTRUCTION" missed="72" covered="255"/><counter type="BRANCH" missed="18" covered="40"/><counter type="LINE" missed="14" covered="56"/><counter type="COMPLEXITY" missed="17" covered="18"/><counter type="METHOD" missed="0" covered="6"/><counter type="CLASS" missed="0" covered="1"/></sourcefile><sourcefile name="StakeholderSpec.java"><line nr="27" mi="2" ci="0" mb="0" cb="0"/><line nr="28" mi="3" ci="0" mb="0" cb="0"/><line nr="29" mi="3" ci="0" mb="0" cb="0"/><line nr="30" mi="3" ci="0" mb="0" cb="0"/><line nr="31" mi="1" ci="0" mb="0" cb="0"/><line nr="34" mi="5" ci="0" mb="0" cb="0"/><line nr="35" mi="1" ci="0" mb="0" cb="0"/><line nr="38" mi="3" ci="0" mb="0" cb="0"/><line nr="42" mi="3" ci="0" mb="0" cb="0"/><line nr="43" mi="1" ci="0" mb="0" cb="0"/><line nr="46" mi="3" ci="0" mb="0" cb="0"/><line nr="50" mi="3" ci="0" mb="0" cb="0"/><line nr="51" mi="1" ci="0" mb="0" cb="0"/><line nr="54" mi="3" ci="0" mb="0" cb="0"/><line nr="58" mi="3" ci="0" mb="0" cb="0"/><line nr="59" mi="1" ci="0" mb="0" cb="0"/><counter type="INSTRUCTION" missed="39" covered="0"/><counter type="LINE" missed="16" covered="0"/><counter type="COMPLEXITY" missed="8" covered="0"/><counter type="METHOD" missed="8" covered="0"/><counter type="CLASS" missed="1" covered="0"/></sourcefile><sourcefile name="OutputParameterSerializer.java"><line nr="28" mi="0" ci="3" mb="0" cb="0"/><line nr="33" mi="0" ci="2" mb="0" cb="2"/><line nr="34" mi="0" ci="2" mb="0" cb="0"/><line nr="35" mi="0" ci="1" mb="0" cb="0"/><line nr="38" mi="0" ci="3" mb="0" cb="0"/><line nr="39" mi="0" ci="4" mb="0" cb="0"/><line nr="40" mi="0" ci="3" mb="0" cb="0"/><line nr="41" mi="0" ci="1" mb="0" cb="0"/><line nr="48" mi="0" ci="3" mb="0" cb="2"/><line nr="49" mi="0" ci="6" mb="0" cb="0"/><line nr="52" mi="0" ci="3" mb="1" cb="1"/><line nr="53" mi="0" ci="6" mb="0" cb="0"/><line nr="56" mi="0" ci="3" mb="0" cb="2"/><line nr="60" mi="0" ci="7" mb="1" cb="3"/><line nr="61" mi="0" ci="7" mb="0" cb="0"/><line nr="63" mi="0" ci="6" mb="0" cb="0"/><line nr="68" mi="7" ci="3" mb="5" cb="1"/><line nr="69" mi="6" ci="0" mb="0" cb="0"/><line nr="72" mi="0" ci="3" mb="0" cb="2"/><line nr="73" mi="0" ci="6" mb="0" cb="0"/><line nr="76" mi="0" ci="3" mb="0" cb="2"/><line nr="77" mi="0" ci="6" mb="0" cb="0"/><line nr="80" mi="0" ci="3" mb="0" cb="2"/><line nr="81" mi="0" ci="6" mb="0" cb="0"/><line nr="85" mi="0" ci="3" mb="0" cb="2"/><line nr="86" mi="0" ci="6" mb="0" cb="0"/><line nr="89" mi="0" ci="3" mb="0" cb="2"/><line nr="90" mi="0" ci="6" mb="0" cb="0"/><line nr="93" mi="0" ci="3" mb="0" cb="2"/><line nr="94" mi="0" ci="6" mb="0" cb="0"/><line nr="98" mi="0" ci="3" mb="0" cb="2"/><line nr="99" mi="0" ci="6" mb="0" cb="0"/><line nr="102" mi="0" ci="3" mb="0" cb="2"/><line nr="103" mi="0" ci="6" mb="0" cb="0"/><line nr="106" mi="0" ci="3" mb="0" cb="2"/><line nr="107" mi="0" ci="6" mb="0" cb="0"/><line nr="111" mi="0" ci="4" mb="0" cb="2"/><line nr="112" mi="0" ci="4" mb="0" cb="0"/><line nr="113" mi="0" ci="11" mb="0" cb="2"/><line nr="114" mi="0" ci="4" mb="0" cb="0"/><line nr="115" mi="0" ci="1" mb="0" cb="0"/><line nr="119" mi="0" ci="4" mb="0" cb="2"/><line nr="120" mi="0" ci="4" mb="0" cb="0"/><line nr="121" mi="0" ci="11" mb="0" cb="2"/><line nr="122" mi="0" ci="4" mb="0" cb="0"/><line nr="123" mi="0" ci="1" mb="0" cb="0"/><line nr="127" mi="0" ci="4" mb="0" cb="2"/><line nr="128" mi="0" ci="4" mb="0" cb="0"/><line nr="129" mi="0" ci="11" mb="0" cb="2"/><line nr="130" mi="0" ci="4" mb="0" cb="0"/><line nr="131" mi="0" ci="1" mb="0" cb="0"/><line nr="135" mi="0" ci="4" mb="0" cb="2"/><line nr="136" mi="0" ci="4" mb="0" cb="0"/><line nr="137" mi="0" ci="11" mb="0" cb="2"/><line nr="138" mi="0" ci="4" mb="0" cb="0"/><line nr="139" mi="0" ci="1" mb="0" cb="0"/><line nr="143" mi="0" ci="3" mb="0" cb="2"/><line nr="144" mi="0" ci="5" mb="0" cb="0"/><line nr="145" mi="0" ci="6" mb="0" cb="0"/><line nr="149" mi="0" ci="3" mb="0" cb="2"/><line nr="150" mi="0" ci="4" mb="0" cb="0"/><line nr="151" mi="0" ci="6" mb="0" cb="0"/><line nr="155" mi="0" ci="4" mb="0" cb="2"/><line nr="156" mi="0" ci="4" mb="0" cb="0"/><line nr="157" mi="0" ci="11" mb="0" cb="2"/><line nr="158" mi="0" ci="3" mb="0" cb="0"/><line nr="159" mi="0" ci="2" mb="0" cb="2"/><line nr="160" mi="0" ci="4" mb="0" cb="0"/><line nr="162" mi="0" ci="4" mb="0" cb="0"/><line nr="164" mi="0" ci="1" mb="0" cb="0"/><line nr="166" mi="0" ci="1" mb="0" cb="0"/><line nr="174" mi="0" ci="3" mb="1" cb="1"/><line nr="175" mi="0" ci="6" mb="0" cb="0"/><line nr="178" mi="0" ci="3" mb="0" cb="2"/><line nr="179" mi="0" ci="6" mb="0" cb="0"/><line nr="182" mi="0" ci="3" mb="1" cb="1"/><line nr="183" mi="6" ci="0" mb="0" cb="0"/><line nr="186" mi="0" ci="3" mb="0" cb="2"/><line nr="187" mi="0" ci="6" mb="0" cb="0"/><line nr="190" mi="0" ci="3" mb="0" cb="2"/><line nr="191" mi="0" ci="6" mb="0" cb="0"/><line nr="194" mi="0" ci="3" mb="0" cb="2"/><line nr="195" mi="0" ci="6" mb="0" cb="0"/><line nr="198" mi="0" ci="3" mb="0" cb="2"/><line nr="199" mi="0" ci="6" mb="0" cb="0"/><line nr="202" mi="0" ci="3" mb="0" cb="2"/><line nr="203" mi="0" ci="6" mb="0" cb="0"/><line nr="206" mi="0" ci="3" mb="0" cb="2"/><line nr="207" mi="0" ci="6" mb="0" cb="0"/><line nr="210" mi="0" ci="3" mb="0" cb="2"/><line nr="211" mi="0" ci="6" mb="0" cb="0"/><line nr="214" mi="0" ci="3" mb="0" cb="2"/><line nr="215" mi="0" ci="6" mb="0" cb="0"/><line nr="218" mi="0" ci="3" mb="0" cb="2"/><line nr="219" mi="0" ci="6" mb="0" cb="0"/><line nr="222" mi="0" ci="4" mb="0" cb="2"/><line nr="223" mi="0" ci="4" mb="0" cb="0"/><line nr="224" mi="0" ci="11" mb="0" cb="2"/><line nr="225" mi="0" ci="4" mb="0" cb="0"/><line nr="226" mi="0" ci="1" mb="0" cb="0"/><line nr="229" mi="0" ci="4" mb="0" cb="2"/><line nr="230" mi="0" ci="4" mb="0" cb="0"/><line nr="231" mi="0" ci="11" mb="0" cb="2"/><line nr="232" mi="0" ci="4" mb="0" cb="0"/><line nr="233" mi="0" ci="1" mb="0" cb="0"/><line nr="236" mi="0" ci="4" mb="0" cb="2"/><line nr="237" mi="0" ci="4" mb="0" cb="0"/><line nr="238" mi="0" ci="11" mb="0" cb="2"/><line nr="239" mi="0" ci="4" mb="0" cb="0"/><line nr="240" mi="0" ci="1" mb="0" cb="0"/><line nr="243" mi="0" ci="4" mb="0" cb="2"/><line nr="244" mi="0" ci="4" mb="0" cb="0"/><line nr="245" mi="0" ci="11" mb="0" cb="2"/><line nr="246" mi="0" ci="4" mb="0" cb="0"/><line nr="247" mi="0" ci="1" mb="0" cb="0"/><line nr="250" mi="0" ci="3" mb="0" cb="2"/><line nr="251" mi="0" ci="5" mb="0" cb="0"/><line nr="252" mi="0" ci="6" mb="0" cb="0"/><line nr="255" mi="0" ci="3" mb="0" cb="2"/><line nr="256" mi="0" ci="4" mb="0" cb="0"/><line nr="257" mi="0" ci="6" mb="0" cb="0"/><line nr="260" mi="0" ci="4" mb="0" cb="2"/><line nr="261" mi="0" ci="4" mb="0" cb="0"/><line nr="262" mi="0" ci="11" mb="0" cb="2"/><line nr="263" mi="0" ci="3" mb="0" cb="0"/><line nr="264" mi="0" ci="2" mb="1" cb="1"/><line nr="265" mi="0" ci="4" mb="0" cb="0"/><line nr="266" mi="0" ci="4" mb="0" cb="0"/><line nr="268" mi="0" ci="1" mb="0" cb="0"/><line nr="270" mi="0" ci="1" mb="0" cb="0"/><counter type="INSTRUCTION" missed="19" covered="560"/><counter type="BRANCH" missed="10" covered="102"/><counter type="LINE" missed="2" covered="128"/><counter type="COMPLEXITY" missed="8" covered="52"/><counter type="METHOD" missed="0" covered="4"/><counter type="CLASS" missed="0" covered="1"/></sourcefile><counter type="INSTRUCTION" missed="874" covered="2008"/><counter type="BRANCH" missed="137" covered="281"/><counter type="LINE" missed="179" covered="493"/><counter type="COMPLEXITY" missed="128" covered="193"/><counter type="METHOD" missed="40" covered="72"/><counter type="CLASS" missed="2" covered="11"/></package><counter type="INSTRUCTION" missed="2754" covered="6263"/><counter type="BRANCH" missed="341" covered="560"/><counter type="LINE" missed="719" covered="1579"/><counter type="COMPLEXITY" missed="525" covered="582"/><counter type="METHOD" missed="282" covered="365"/><counter type="CLASS" missed="15" covered="59"/></report>