-------------------------------------------------------------------------------
Test set: io.ikanos.tutorial.Step7ShipyardMcpClientIntegrationTest
-------------------------------------------------------------------------------
Tests run: 3, Failures: 0, Errors: 3, Skipped: 0, Time elapsed: 0.183 s <<< FAILURE! -- in io.ikanos.tutorial.Step7ShipyardMcpClientIntegrationTest
io.ikanos.tutorial.Step7ShipyardMcpClientIntegrationTest.toolsListShouldAdvertiseFiveTools -- Time elapsed: 0.062 s <<< ERROR!
java.io.IOException: Import source file not found: C:\Users\jlouv\naftiko-workspace\ikanos\ikanos-engine\shared\step7-registry-consumes.yml
	at io.ikanos.engine.consumes.ConsumesImportResolver.resolveImport(ConsumesImportResolver.java:104)
	at io.ikanos.engine.consumes.ConsumesImportResolver.resolveImports(ConsumesImportResolver.java:72)
	at io.ikanos.Capability.<init>(Capability.java:100)
	at io.ikanos.Capability.<init>(Capability.java:84)
	at io.ikanos.tutorial.AbstractShipyardMcpClientIntegrationTest.startServerFromSpec(AbstractShipyardMcpClientIntegrationTest.java:101)
	at io.ikanos.tutorial.Step7ShipyardMcpClientIntegrationTest.startServer(Step7ShipyardMcpClientIntegrationTest.java:51)
	at java.base/java.lang.reflect.Method.invoke(Method.java:565)
	at java.base/java.util.ArrayList.forEach(ArrayList.java:1604)
	at java.base/java.util.ArrayList.forEach(ArrayList.java:1604)

io.ikanos.tutorial.Step7ShipyardMcpClientIntegrationTest.getShipWithCrewShouldReturnMappedShipAndCrewObject -- Time elapsed: 0.056 s <<< ERROR!
java.io.IOException: Import source file not found: C:\Users\jlouv\naftiko-workspace\ikanos\ikanos-engine\shared\step7-registry-consumes.yml
	at io.ikanos.engine.consumes.ConsumesImportResolver.resolveImport(ConsumesImportResolver.java:104)
	at io.ikanos.engine.consumes.ConsumesImportResolver.resolveImports(ConsumesImportResolver.java:72)
	at io.ikanos.Capability.<init>(Capability.java:100)
	at io.ikanos.Capability.<init>(Capability.java:84)
	at io.ikanos.tutorial.AbstractShipyardMcpClientIntegrationTest.startServerFromSpec(AbstractShipyardMcpClientIntegrationTest.java:101)
	at io.ikanos.tutorial.Step7ShipyardMcpClientIntegrationTest.startServer(Step7ShipyardMcpClientIntegrationTest.java:51)
	at java.base/java.lang.reflect.Method.invoke(Method.java:565)
	at java.base/java.util.ArrayList.forEach(ArrayList.java:1604)
	at java.base/java.util.ArrayList.forEach(ArrayList.java:1604)

io.ikanos.tutorial.Step7ShipyardMcpClientIntegrationTest.getShipWithCrewInputSchemaShouldDeclareRequiredImoParameter -- Time elapsed: 0.056 s <<< ERROR!
java.io.IOException: Import source file not found: C:\Users\jlouv\naftiko-workspace\ikanos\ikanos-engine\shared\step7-registry-consumes.yml
	at io.ikanos.engine.consumes.ConsumesImportResolver.resolveImport(ConsumesImportResolver.java:104)
	at io.ikanos.engine.consumes.ConsumesImportResolver.resolveImports(ConsumesImportResolver.java:72)
	at io.ikanos.Capability.<init>(Capability.java:100)
	at io.ikanos.Capability.<init>(Capability.java:84)
	at io.ikanos.tutorial.AbstractShipyardMcpClientIntegrationTest.startServerFromSpec(AbstractShipyardMcpClientIntegrationTest.java:101)
	at io.ikanos.tutorial.Step7ShipyardMcpClientIntegrationTest.startServer(Step7ShipyardMcpClientIntegrationTest.java:51)
	at java.base/java.lang.reflect.Method.invoke(Method.java:565)
	at java.base/java.util.ArrayList.forEach(ArrayList.java:1604)
	at java.base/java.util.ArrayList.forEach(ArrayList.java:1604)

