-------------------------------------------------------------------------------
Test set: io.ikanos.tutorial.Step3ShipyardMcpClientIntegrationTest
-------------------------------------------------------------------------------
Tests run: 6, Failures: 0, Errors: 6, Skipped: 0, Time elapsed: 0.443 s <<< FAILURE! -- in io.ikanos.tutorial.Step3ShipyardMcpClientIntegrationTest
io.ikanos.tutorial.Step3ShipyardMcpClientIntegrationTest.toolsListShouldAdvertiseBothTools -- Time elapsed: 0.056 s <<< ERROR!
java.io.IOException: File not found: C:\Users\jlouv\naftiko-workspace\ikanos\ikanos-engine\shared\secrets.yaml
	at io.ikanos.engine.util.BindingResolver.parseFileContent(BindingResolver.java:163)
	at io.ikanos.engine.util.BindingResolver.resolveFileBinding(BindingResolver.java:92)
	at io.ikanos.engine.util.BindingResolver.resolve(BindingResolver.java:62)
	at io.ikanos.Capability.<init>(Capability.java:137)
	at io.ikanos.Capability.<init>(Capability.java:84)
	at io.ikanos.tutorial.AbstractShipyardMcpClientIntegrationTest.startServerFromSpec(AbstractShipyardMcpClientIntegrationTest.java:101)
	at io.ikanos.tutorial.Step3ShipyardMcpClientIntegrationTest.startServer(Step3ShipyardMcpClientIntegrationTest.java:75)
	at java.base/java.lang.reflect.Method.invoke(Method.java:565)
	at java.base/java.util.ArrayList.forEach(ArrayList.java:1604)
	at java.base/java.util.ArrayList.forEach(ArrayList.java:1604)

io.ikanos.tutorial.Step3ShipyardMcpClientIntegrationTest.getShipInputSchemaShouldDeclareRequiredImoParameter -- Time elapsed: 0.025 s <<< ERROR!
java.io.IOException: File not found: C:\Users\jlouv\naftiko-workspace\ikanos\ikanos-engine\shared\secrets.yaml
	at io.ikanos.engine.util.BindingResolver.parseFileContent(BindingResolver.java:163)
	at io.ikanos.engine.util.BindingResolver.resolveFileBinding(BindingResolver.java:92)
	at io.ikanos.engine.util.BindingResolver.resolve(BindingResolver.java:62)
	at io.ikanos.Capability.<init>(Capability.java:137)
	at io.ikanos.Capability.<init>(Capability.java:84)
	at io.ikanos.tutorial.AbstractShipyardMcpClientIntegrationTest.startServerFromSpec(AbstractShipyardMcpClientIntegrationTest.java:101)
	at io.ikanos.tutorial.Step3ShipyardMcpClientIntegrationTest.startServer(Step3ShipyardMcpClientIntegrationTest.java:75)
	at java.base/java.lang.reflect.Method.invoke(Method.java:565)
	at java.base/java.util.ArrayList.forEach(ArrayList.java:1604)
	at java.base/java.util.ArrayList.forEach(ArrayList.java:1604)

io.ikanos.tutorial.Step3ShipyardMcpClientIntegrationTest.listShipsInputSchemaShouldDeclareOptionalStatusParameter -- Time elapsed: 0.052 s <<< ERROR!
java.io.IOException: File not found: C:\Users\jlouv\naftiko-workspace\ikanos\ikanos-engine\shared\secrets.yaml
	at io.ikanos.engine.util.BindingResolver.parseFileContent(BindingResolver.java:163)
	at io.ikanos.engine.util.BindingResolver.resolveFileBinding(BindingResolver.java:92)
	at io.ikanos.engine.util.BindingResolver.resolve(BindingResolver.java:62)
	at io.ikanos.Capability.<init>(Capability.java:137)
	at io.ikanos.Capability.<init>(Capability.java:84)
	at io.ikanos.tutorial.AbstractShipyardMcpClientIntegrationTest.startServerFromSpec(AbstractShipyardMcpClientIntegrationTest.java:101)
	at io.ikanos.tutorial.Step3ShipyardMcpClientIntegrationTest.startServer(Step3ShipyardMcpClientIntegrationTest.java:75)
	at java.base/java.lang.reflect.Method.invoke(Method.java:565)
	at java.base/java.util.ArrayList.forEach(ArrayList.java:1604)
	at java.base/java.util.ArrayList.forEach(ArrayList.java:1604)

io.ikanos.tutorial.Step3ShipyardMcpClientIntegrationTest.getShipWithBearerAuthShouldResolveMustacheAndReturnSingleShip -- Time elapsed: 0.180 s <<< ERROR!
java.io.IOException: File not found: C:\Users\jlouv\naftiko-workspace\ikanos\ikanos-engine\shared\secrets.yaml
	at io.ikanos.engine.util.BindingResolver.parseFileContent(BindingResolver.java:163)
	at io.ikanos.engine.util.BindingResolver.resolveFileBinding(BindingResolver.java:92)
	at io.ikanos.engine.util.BindingResolver.resolve(BindingResolver.java:62)
	at io.ikanos.Capability.<init>(Capability.java:137)
	at io.ikanos.Capability.<init>(Capability.java:84)
	at io.ikanos.tutorial.AbstractShipyardMcpClientIntegrationTest.startServerFromSpec(AbstractShipyardMcpClientIntegrationTest.java:101)
	at io.ikanos.tutorial.Step3ShipyardMcpClientIntegrationTest.startServer(Step3ShipyardMcpClientIntegrationTest.java:75)
	at java.base/java.lang.reflect.Method.invoke(Method.java:565)
	at java.base/java.util.ArrayList.forEach(ArrayList.java:1604)
	at java.base/java.util.ArrayList.forEach(ArrayList.java:1604)

io.ikanos.tutorial.Step3ShipyardMcpClientIntegrationTest.initializeShouldSucceedWithBindsAndAuth -- Time elapsed: 0.053 s <<< ERROR!
java.io.IOException: File not found: C:\Users\jlouv\naftiko-workspace\ikanos\ikanos-engine\shared\secrets.yaml
	at io.ikanos.engine.util.BindingResolver.parseFileContent(BindingResolver.java:163)
	at io.ikanos.engine.util.BindingResolver.resolveFileBinding(BindingResolver.java:92)
	at io.ikanos.engine.util.BindingResolver.resolve(BindingResolver.java:62)
	at io.ikanos.Capability.<init>(Capability.java:137)
	at io.ikanos.Capability.<init>(Capability.java:84)
	at io.ikanos.tutorial.AbstractShipyardMcpClientIntegrationTest.startServerFromSpec(AbstractShipyardMcpClientIntegrationTest.java:101)
	at io.ikanos.tutorial.Step3ShipyardMcpClientIntegrationTest.startServer(Step3ShipyardMcpClientIntegrationTest.java:75)
	at java.base/java.lang.reflect.Method.invoke(Method.java:565)
	at java.base/java.util.ArrayList.forEach(ArrayList.java:1604)
	at java.base/java.util.ArrayList.forEach(ArrayList.java:1604)

io.ikanos.tutorial.Step3ShipyardMcpClientIntegrationTest.listShipsWithBearerAuthShouldReturnMappedShipArray -- Time elapsed: 0.050 s <<< ERROR!
java.io.IOException: File not found: C:\Users\jlouv\naftiko-workspace\ikanos\ikanos-engine\shared\secrets.yaml
	at io.ikanos.engine.util.BindingResolver.parseFileContent(BindingResolver.java:163)
	at io.ikanos.engine.util.BindingResolver.resolveFileBinding(BindingResolver.java:92)
	at io.ikanos.engine.util.BindingResolver.resolve(BindingResolver.java:62)
	at io.ikanos.Capability.<init>(Capability.java:137)
	at io.ikanos.Capability.<init>(Capability.java:84)
	at io.ikanos.tutorial.AbstractShipyardMcpClientIntegrationTest.startServerFromSpec(AbstractShipyardMcpClientIntegrationTest.java:101)
	at io.ikanos.tutorial.Step3ShipyardMcpClientIntegrationTest.startServer(Step3ShipyardMcpClientIntegrationTest.java:75)
	at java.base/java.lang.reflect.Method.invoke(Method.java:565)
	at java.base/java.util.ArrayList.forEach(ArrayList.java:1604)
	at java.base/java.util.ArrayList.forEach(ArrayList.java:1604)

