-------------------------------------------------------------------------------
Test set: io.ikanos.tutorial.Step11ShipyardFleetManifestIntegrationTest
-------------------------------------------------------------------------------
Tests run: 4, Failures: 0, Errors: 4, Skipped: 0, Time elapsed: 0.234 s <<< FAILURE! -- in io.ikanos.tutorial.Step11ShipyardFleetManifestIntegrationTest
io.ikanos.tutorial.Step11ShipyardFleetManifestIntegrationTest.skillVoyageOpsShouldIncludeVoyageManifestTool -- Time elapsed: 0.077 s <<< ERROR!
java.io.IOException: Import source file not found: C:\Users\jlouv\naftiko-workspace\ikanos\ikanos-engine\shared\step11-registry-consumes.yml
	at io.ikanos.engine.consumes.ConsumesImportResolver.resolveImport(ConsumesImportResolver.java:104)
	at io.ikanos.engine.consumes.ConsumesImportResolver.resolveImports(ConsumesImportResolver.java:72)
	at io.ikanos.Capability.<init>(Capability.java:100)
	at io.ikanos.Capability.<init>(Capability.java:84)
	at io.ikanos.tutorial.Step11ShipyardFleetManifestIntegrationTest.startServer(Step11ShipyardFleetManifestIntegrationTest.java:96)
	at java.base/java.lang.reflect.Method.invoke(Method.java:565)
	at java.base/java.util.ArrayList.forEach(ArrayList.java:1604)
	at java.base/java.util.ArrayList.forEach(ArrayList.java:1604)

io.ikanos.tutorial.Step11ShipyardFleetManifestIntegrationTest.getShipWithCrewInputSchemaShouldDeclareImoParameter -- Time elapsed: 0.052 s <<< ERROR!
java.io.IOException: Import source file not found: C:\Users\jlouv\naftiko-workspace\ikanos\ikanos-engine\shared\step11-registry-consumes.yml
	at io.ikanos.engine.consumes.ConsumesImportResolver.resolveImport(ConsumesImportResolver.java:104)
	at io.ikanos.engine.consumes.ConsumesImportResolver.resolveImports(ConsumesImportResolver.java:72)
	at io.ikanos.Capability.<init>(Capability.java:100)
	at io.ikanos.Capability.<init>(Capability.java:84)
	at io.ikanos.tutorial.Step11ShipyardFleetManifestIntegrationTest.startServer(Step11ShipyardFleetManifestIntegrationTest.java:96)
	at java.base/java.lang.reflect.Method.invoke(Method.java:565)
	at java.base/java.util.ArrayList.forEach(ArrayList.java:1604)
	at java.base/java.util.ArrayList.forEach(ArrayList.java:1604)

io.ikanos.tutorial.Step11ShipyardFleetManifestIntegrationTest.toolsListShouldAdvertiseSixTools -- Time elapsed: 0.042 s <<< ERROR!
java.io.IOException: Import source file not found: C:\Users\jlouv\naftiko-workspace\ikanos\ikanos-engine\shared\step11-registry-consumes.yml
	at io.ikanos.engine.consumes.ConsumesImportResolver.resolveImport(ConsumesImportResolver.java:104)
	at io.ikanos.engine.consumes.ConsumesImportResolver.resolveImports(ConsumesImportResolver.java:72)
	at io.ikanos.Capability.<init>(Capability.java:100)
	at io.ikanos.Capability.<init>(Capability.java:84)
	at io.ikanos.tutorial.Step11ShipyardFleetManifestIntegrationTest.startServer(Step11ShipyardFleetManifestIntegrationTest.java:96)
	at java.base/java.lang.reflect.Method.invoke(Method.java:565)
	at java.base/java.util.ArrayList.forEach(ArrayList.java:1604)
	at java.base/java.util.ArrayList.forEach(ArrayList.java:1604)

io.ikanos.tutorial.Step11ShipyardFleetManifestIntegrationTest.getVoyageManifestInputSchemaShouldDeclareVoyageIdParameter -- Time elapsed: 0.058 s <<< ERROR!
java.io.IOException: Import source file not found: C:\Users\jlouv\naftiko-workspace\ikanos\ikanos-engine\shared\step11-registry-consumes.yml
	at io.ikanos.engine.consumes.ConsumesImportResolver.resolveImport(ConsumesImportResolver.java:104)
	at io.ikanos.engine.consumes.ConsumesImportResolver.resolveImports(ConsumesImportResolver.java:72)
	at io.ikanos.Capability.<init>(Capability.java:100)
	at io.ikanos.Capability.<init>(Capability.java:84)
	at io.ikanos.tutorial.Step11ShipyardFleetManifestIntegrationTest.startServer(Step11ShipyardFleetManifestIntegrationTest.java:96)
	at java.base/java.lang.reflect.Method.invoke(Method.java:565)
	at java.base/java.util.ArrayList.forEach(ArrayList.java:1604)
	at java.base/java.util.ArrayList.forEach(ArrayList.java:1604)

