-------------------------------------------------------------------------------
Test set: io.ikanos.tutorial.Step10ShipyardRestAdapterIntegrationTest
-------------------------------------------------------------------------------
Tests run: 4, Failures: 0, Errors: 4, Skipped: 0, Time elapsed: 0.211 s <<< FAILURE! -- in io.ikanos.tutorial.Step10ShipyardRestAdapterIntegrationTest
io.ikanos.tutorial.Step10ShipyardRestAdapterIntegrationTest.skillCatalogShouldExposeFleetAndVoyageGroups -- Time elapsed: 0.051 s <<< ERROR!
java.io.IOException: Import source file not found: C:\Users\jlouv\naftiko-workspace\ikanos\ikanos-engine\shared\step7-registry-consumes.yml
	at io.ikanos.engine.consumes.ConsumesImportResolver.resolveImport(ConsumesImportResolver.java:104)
	at io.ikanos.engine.consumes.ConsumesImportResolver.resolveImports(ConsumesImportResolver.java:72)
	at io.ikanos.Capability.<init>(Capability.java:100)
	at io.ikanos.Capability.<init>(Capability.java:84)
	at io.ikanos.tutorial.Step10ShipyardRestAdapterIntegrationTest.startServer(Step10ShipyardRestAdapterIntegrationTest.java:97)
	at java.base/java.lang.reflect.Method.invoke(Method.java:565)
	at java.base/java.util.ArrayList.forEach(ArrayList.java:1604)
	at java.base/java.util.ArrayList.forEach(ArrayList.java:1604)

io.ikanos.tutorial.Step10ShipyardRestAdapterIntegrationTest.fleetOpsSkillDetailShouldExposeDerivedMcpInvocationRefs -- Time elapsed: 0.030 s <<< ERROR!
java.io.IOException: Import source file not found: C:\Users\jlouv\naftiko-workspace\ikanos\ikanos-engine\shared\step7-registry-consumes.yml
	at io.ikanos.engine.consumes.ConsumesImportResolver.resolveImport(ConsumesImportResolver.java:104)
	at io.ikanos.engine.consumes.ConsumesImportResolver.resolveImports(ConsumesImportResolver.java:72)
	at io.ikanos.Capability.<init>(Capability.java:100)
	at io.ikanos.Capability.<init>(Capability.java:84)
	at io.ikanos.tutorial.Step10ShipyardRestAdapterIntegrationTest.startServer(Step10ShipyardRestAdapterIntegrationTest.java:97)
	at java.base/java.lang.reflect.Method.invoke(Method.java:565)
	at java.base/java.util.ArrayList.forEach(ArrayList.java:1604)
	at java.base/java.util.ArrayList.forEach(ArrayList.java:1604)

io.ikanos.tutorial.Step10ShipyardRestAdapterIntegrationTest.restCreateVoyageShouldReturnMappedVoyageObject -- Time elapsed: 0.051 s <<< ERROR!
java.io.IOException: Import source file not found: C:\Users\jlouv\naftiko-workspace\ikanos\ikanos-engine\shared\step7-registry-consumes.yml
	at io.ikanos.engine.consumes.ConsumesImportResolver.resolveImport(ConsumesImportResolver.java:104)
	at io.ikanos.engine.consumes.ConsumesImportResolver.resolveImports(ConsumesImportResolver.java:72)
	at io.ikanos.Capability.<init>(Capability.java:100)
	at io.ikanos.Capability.<init>(Capability.java:84)
	at io.ikanos.tutorial.Step10ShipyardRestAdapterIntegrationTest.startServer(Step10ShipyardRestAdapterIntegrationTest.java:97)
	at java.base/java.lang.reflect.Method.invoke(Method.java:565)
	at java.base/java.util.ArrayList.forEach(ArrayList.java:1604)
	at java.base/java.util.ArrayList.forEach(ArrayList.java:1604)

io.ikanos.tutorial.Step10ShipyardRestAdapterIntegrationTest.restListShipsShouldReturnShipsArray -- Time elapsed: 0.060 s <<< ERROR!
java.io.IOException: Import source file not found: C:\Users\jlouv\naftiko-workspace\ikanos\ikanos-engine\shared\step7-registry-consumes.yml
	at io.ikanos.engine.consumes.ConsumesImportResolver.resolveImport(ConsumesImportResolver.java:104)
	at io.ikanos.engine.consumes.ConsumesImportResolver.resolveImports(ConsumesImportResolver.java:72)
	at io.ikanos.Capability.<init>(Capability.java:100)
	at io.ikanos.Capability.<init>(Capability.java:84)
	at io.ikanos.tutorial.Step10ShipyardRestAdapterIntegrationTest.startServer(Step10ShipyardRestAdapterIntegrationTest.java:97)
	at java.base/java.lang.reflect.Method.invoke(Method.java:565)
	at java.base/java.util.ArrayList.forEach(ArrayList.java:1604)
	at java.base/java.util.ArrayList.forEach(ArrayList.java:1604)

