<?xml version="1.0" encoding="UTF-8"?>
<testsuite xmlns:xsi="http://www.w3.org/2001/XMLSchema-instance" xsi:noNamespaceSchemaLocation="https://maven.apache.org/surefire/maven-surefire-plugin/xsd/surefire-test-report-3.0.xsd" version="3.0" name="io.ikanos.tutorial.Step8ShipyardMcpClientIntegrationTest" time="0.241" tests="5" errors="5" skipped="0" failures="0">
  <properties>
[...]
</properties>
  <testcase name="toolsListShouldAdvertiseFiveTools" classname="io.ikanos.tutorial.Step8ShipyardMcpClientIntegrationTest" time="0.061">
    <error message="Import source file not found: C:\Users\jlouv\naftiko-workspace\ikanos\ikanos-engine\shared\step7-registry-consumes.yml" type="java.io.IOException"><![CDATA[java.io.IOException: Import source file not found: C:\Users\jlouv\naftiko-workspace\ikanos\ikanos-engine\shared\step7-registry-consumes.yml
	at io.ikanos.engine.consumes.ConsumesImportResolver.resolveImport(ConsumesImportResolver.java:104)
	at io.ikanos.engine.consumes.ConsumesImportResolver.resolveImports(ConsumesImportResolver.java:72)
	at io.ikanos.Capability.<init>(Capability.java:100)
	at io.ikanos.Capability.<init>(Capability.java:84)
	at io.ikanos.tutorial.AbstractShipyardMcpClientIntegrationTest.startServerFromSpec(AbstractShipyardMcpClientIntegrationTest.java:101)
	at io.ikanos.tutorial.Step8ShipyardMcpClientIntegrationTest.startServer(Step8ShipyardMcpClientIntegrationTest.java:60)
	at java.base/java.lang.reflect.Method.invoke(Method.java:565)
	at java.base/java.util.ArrayList.forEach(ArrayList.java:1604)
	at java.base/java.util.ArrayList.forEach(ArrayList.java:1604)
]]></error>
  </testcase>
  <testcase name="createVoyageInputSchemaShouldDeclareRequiredFields" classname="io.ikanos.tutorial.Step8ShipyardMcpClientIntegrationTest" time="0.07">
    <error message="Import source file not found: C:\Users\jlouv\naftiko-workspace\ikanos\ikanos-engine\shared\step7-registry-consumes.yml" type="java.io.IOException"><![CDATA[java.io.IOException: Import source file not found: C:\Users\jlouv\naftiko-workspace\ikanos\ikanos-engine\shared\step7-registry-consumes.yml
	at io.ikanos.engine.consumes.ConsumesImportResolver.resolveImport(ConsumesImportResolver.java:104)
	at io.ikanos.engine.consumes.ConsumesImportResolver.resolveImports(ConsumesImportResolver.java:72)
	at io.ikanos.Capability.<init>(Capability.java:100)
	at io.ikanos.Capability.<init>(Capability.java:84)
	at io.ikanos.tutorial.AbstractShipyardMcpClientIntegrationTest.startServerFromSpec(AbstractShipyardMcpClientIntegrationTest.java:101)
	at io.ikanos.tutorial.Step8ShipyardMcpClientIntegrationTest.startServer(Step8ShipyardMcpClientIntegrationTest.java:60)
	at java.base/java.lang.reflect.Method.invoke(Method.java:565)
	at java.base/java.util.ArrayList.forEach(ArrayList.java:1604)
	at java.base/java.util.ArrayList.forEach(ArrayList.java:1604)
]]></error>
  </testcase>
  <testcase name="skillCatalogShouldExposeFleetAndVoyageGroups" classname="io.ikanos.tutorial.Step8ShipyardMcpClientIntegrationTest" time="0.048">
    <error message="Import source file not found: C:\Users\jlouv\naftiko-workspace\ikanos\ikanos-engine\shared\step7-registry-consumes.yml" type="java.io.IOException"><![CDATA[java.io.IOException: Import source file not found: C:\Users\jlouv\naftiko-workspace\ikanos\ikanos-engine\shared\step7-registry-consumes.yml
	at io.ikanos.engine.consumes.ConsumesImportResolver.resolveImport(ConsumesImportResolver.java:104)
	at io.ikanos.engine.consumes.ConsumesImportResolver.resolveImports(ConsumesImportResolver.java:72)
	at io.ikanos.Capability.<init>(Capability.java:100)
	at io.ikanos.Capability.<init>(Capability.java:84)
	at io.ikanos.tutorial.AbstractShipyardMcpClientIntegrationTest.startServerFromSpec(AbstractShipyardMcpClientIntegrationTest.java:101)
	at io.ikanos.tutorial.Step8ShipyardMcpClientIntegrationTest.startServer(Step8ShipyardMcpClientIntegrationTest.java:60)
	at java.base/java.lang.reflect.Method.invoke(Method.java:565)
	at java.base/java.util.ArrayList.forEach(ArrayList.java:1604)
	at java.base/java.util.ArrayList.forEach(ArrayList.java:1604)
]]></error>
  </testcase>
  <testcase name="fleetOpsSkillDetailShouldExposeDerivedMcpInvocationRefs" classname="io.ikanos.tutorial.Step8ShipyardMcpClientIntegrationTest" time="0.03">
    <error message="Import source file not found: C:\Users\jlouv\naftiko-workspace\ikanos\ikanos-engine\shared\step7-registry-consumes.yml" type="java.io.IOException"><![CDATA[java.io.IOException: Import source file not found: C:\Users\jlouv\naftiko-workspace\ikanos\ikanos-engine\shared\step7-registry-consumes.yml
	at io.ikanos.engine.consumes.ConsumesImportResolver.resolveImport(ConsumesImportResolver.java:104)
	at io.ikanos.engine.consumes.ConsumesImportResolver.resolveImports(ConsumesImportResolver.java:72)
	at io.ikanos.Capability.<init>(Capability.java:100)
	at io.ikanos.Capability.<init>(Capability.java:84)
	at io.ikanos.tutorial.AbstractShipyardMcpClientIntegrationTest.startServerFromSpec(AbstractShipyardMcpClientIntegrationTest.java:101)
	at io.ikanos.tutorial.Step8ShipyardMcpClientIntegrationTest.startServer(Step8ShipyardMcpClientIntegrationTest.java:60)
	at java.base/java.lang.reflect.Method.invoke(Method.java:565)
	at java.base/java.util.ArrayList.forEach(ArrayList.java:1604)
	at java.base/java.util.ArrayList.forEach(ArrayList.java:1604)
]]></error>
  </testcase>
  <testcase name="createVoyageShouldReturnMappedVoyageObject" classname="io.ikanos.tutorial.Step8ShipyardMcpClientIntegrationTest" time="0.025">
    <error message="Import source file not found: C:\Users\jlouv\naftiko-workspace\ikanos\ikanos-engine\shared\step7-registry-consumes.yml" type="java.io.IOException"><![CDATA[java.io.IOException: Import source file not found: C:\Users\jlouv\naftiko-workspace\ikanos\ikanos-engine\shared\step7-registry-consumes.yml
	at io.ikanos.engine.consumes.ConsumesImportResolver.resolveImport(ConsumesImportResolver.java:104)
	at io.ikanos.engine.consumes.ConsumesImportResolver.resolveImports(ConsumesImportResolver.java:72)
	at io.ikanos.Capability.<init>(Capability.java:100)
	at io.ikanos.Capability.<init>(Capability.java:84)
	at io.ikanos.tutorial.AbstractShipyardMcpClientIntegrationTest.startServerFromSpec(AbstractShipyardMcpClientIntegrationTest.java:101)
	at io.ikanos.tutorial.Step8ShipyardMcpClientIntegrationTest.startServer(Step8ShipyardMcpClientIntegrationTest.java:60)
	at java.base/java.lang.reflect.Method.invoke(Method.java:565)
	at java.base/java.util.ArrayList.forEach(ArrayList.java:1604)
	at java.base/java.util.ArrayList.forEach(ArrayList.java:1604)
]]></error>
  </testcase>
</testsuite>